{"D:\\AlarmTR\\src\\components\\common\\ErrorBoundary.tsx": {"path":"D:\\AlarmTR\\src\\components\\common\\ErrorBoundary.tsx","statementMap":{"0":{"start":{"line":5,"column":50},"end":{"line":5,"column":54}},"1":{"start":{"line":6,"column":0},"end":{"line":10,"column":1}},"2":{"start":{"line":7,"column":2},"end":{"line":7,"column":34}},"3":{"start":{"line":24,"column":4},"end":{"line":24,"column":17}},"4":{"start":{"line":25,"column":4},"end":{"line":25,"column":50}},"5":{"start":{"line":29,"column":4},"end":{"line":29,"column":37}},"6":{"start":{"line":33,"column":4},"end":{"line":35,"column":5}},"7":{"start":{"line":34,"column":6},"end":{"line":34,"column":73}},"8":{"start":{"line":36,"column":4},"end":{"line":51,"column":5}},"9":{"start":{"line":37,"column":6},"end":{"line":45,"column":7}},"10":{"start":{"line":38,"column":8},"end":{"line":44,"column":11}},"11":{"start":{"line":48,"column":6},"end":{"line":50,"column":7}},"12":{"start":{"line":49,"column":8},"end":{"line":49,"column":78}},"13":{"start":{"line":55,"column":4},"end":{"line":73,"column":5}},"14":{"start":{"line":56,"column":6},"end":{"line":58,"column":7}},"15":{"start":{"line":57,"column":8},"end":{"line":57,"column":35}},"16":{"start":{"line":62,"column":6},"end":{"line":72,"column":8}},"17":{"start":{"line":75,"column":4},"end":{"line":75,"column":31}},"18":{"start":{"line":79,"column":15},"end":{"line":105,"column":2}}},"fnMap":{"0":{"name":"(anonymous_0)","decl":{"start":{"line":23,"column":2},"end":{"line":23,"column":3}},"loc":{"start":{"line":23,"column":28},"end":{"line":26,"column":3}},"line":23},"1":{"name":"(anonymous_1)","decl":{"start":{"line":28,"column":2},"end":{"line":28,"column":3}},"loc":{"start":{"line":28,"column":55},"end":{"line":30,"column":3}},"line":28},"2":{"name":"(anonymous_2)","decl":{"start":{"line":32,"column":2},"end":{"line":32,"column":3}},"loc":{"start":{"line":32,"column":62},"end":{"line":52,"column":3}},"line":32},"3":{"name":"(anonymous_3)","decl":{"start":{"line":54,"column":2},"end":{"line":54,"column":3}},"loc":{"start":{"line":54,"column":11},"end":{"line":76,"column":3}},"line":54}},"branchMap":{"0":{"loc":{"start":{"line":33,"column":4},"end":{"line":35,"column":5}},"type":"if","locations":[{"start":{"line":33,"column":4},"end":{"line":35,"column":5}},{"start":{},"end":{}}],"line":33},"1":{"loc":{"start":{"line":37,"column":6},"end":{"line":45,"column":7}},"type":"if","locations":[{"start":{"line":37,"column":6},"end":{"line":45,"column":7}},{"start":{},"end":{}}],"line":37},"2":{"loc":{"start":{"line":37,"column":10},"end":{"line":37,"column":80}},"type":"binary-expr","locations":[{"start":{"line":37,"column":10},"end":{"line":37,"column":24}},{"start":{"line":37,"column":28},"end":{"line":37,"column":80}}],"line":37},"3":{"loc":{"start":{"line":48,"column":6},"end":{"line":50,"column":7}},"type":"if","locations":[{"start":{"line":48,"column":6},"end":{"line":50,"column":7}},{"start":{},"end":{}}],"line":48},"4":{"loc":{"start":{"line":55,"column":4},"end":{"line":73,"column":5}},"type":"if","locations":[{"start":{"line":55,"column":4},"end":{"line":73,"column":5}},{"start":{},"end":{}}],"line":55},"5":{"loc":{"start":{"line":56,"column":6},"end":{"line":58,"column":7}},"type":"if","locations":[{"start":{"line":56,"column":6},"end":{"line":58,"column":7}},{"start":{},"end":{}}],"line":56},"6":{"loc":{"start":{"line":68,"column":11},"end":{"line":70,"column":11}},"type":"binary-expr","locations":[{"start":{"line":68,"column":11},"end":{"line":68,"column":18}},{"start":{"line":68,"column":22},"end":{"line":68,"column":38}},{"start":{"line":69,"column":12},"end":{"line":69,"column":75}}],"line":68}},"s":{"0":1,"1":1,"2":1,"3":5,"4":5,"5":4,"6":2,"7":2,"8":2,"9":2,"10":2,"11":0,"12":0,"13":9,"14":4,"15":2,"16":2,"17":5,"18":1},"f":{"0":5,"1":4,"2":2,"3":9},"b":{"0":[2,0],"1":[2,0],"2":[2,2],"3":[0,0],"4":[4,5],"5":[2,2],"6":[2,2,2]},"_coverageSchema":"1a1c01bbd47fc00a2c39e90264f33305004495a9","hash":"7c8a9b964137a45d99a8c89d731f1ea06b9567f5"}
,"D:\\AlarmTR\\src\\components\\common\\PrimaryButton.tsx": {"path":"D:\\AlarmTR\\src\\components\\common\\PrimaryButton.tsx","statementMap":{"0":{"start":{"line":24,"column":22},"end":{"line":50,"column":1}},"1":{"start":{"line":25,"column":21},"end":{"line":25,"column":34}},"2":{"start":{"line":26,"column":25},"end":{"line":28,"column":20}},"3":{"start":{"line":30,"column":2},"end":{"line":49,"column":4}},"4":{"start":{"line":52,"column":15},"end":{"line":71,"column":2}}},"fnMap":{"0":{"name":"(anonymous_0)","decl":{"start":{"line":24,"column":22},"end":{"line":24,"column":23}},"loc":{"start":{"line":24,"column":130},"end":{"line":50,"column":1}},"line":24}},"branchMap":{"0":{"loc":{"start":{"line":26,"column":25},"end":{"line":28,"column":20}},"type":"cond-expr","locations":[{"start":{"line":27,"column":6},"end":{"line":27,"column":15}},{"start":{"line":28,"column":6},"end":{"line":28,"column":20}}],"line":26},"1":{"loc":{"start":{"line":26,"column":25},"end":{"line":26,"column":89}},"type":"binary-expr","locations":[{"start":{"line":26,"column":25},"end":{"line":26,"column":30}},{"start":{"line":26,"column":34},"end":{"line":26,"column":59}},{"start":{"line":26,"column":63},"end":{"line":26,"column":89}}],"line":26},"2":{"loc":{"start":{"line":36,"column":26},"end":{"line":36,"column":53}},"type":"binary-expr","locations":[{"start":{"line":36,"column":26},"end":{"line":36,"column":44}},{"start":{"line":36,"column":48},"end":{"line":36,"column":53}}],"line":36},"3":{"loc":{"start":{"line":41,"column":8},"end":{"line":41,"column":72}},"type":"cond-expr","locations":[{"start":{"line":41,"column":25},"end":{"line":41,"column":60}},{"start":{"line":41,"column":63},"end":{"line":41,"column":72}}],"line":41},"4":{"loc":{"start":{"line":42,"column":8},"end":{"line":42,"column":52}},"type":"cond-expr","locations":[{"start":{"line":42,"column":19},"end":{"line":42,"column":40}},{"start":{"line":42,"column":43},"end":{"line":42,"column":52}}],"line":42},"5":{"loc":{"start":{"line":46,"column":7},"end":{"line":46,"column":75}},"type":"cond-expr","locations":[{"start":{"line":46,"column":18},"end":{"line":46,"column":68}},{"start":{"line":46,"column":71},"end":{"line":46,"column":75}}],"line":46}},"s":{"0":1,"1":2,"2":2,"3":2,"4":1},"f":{"0":2},"b":{"0":[0,2],"1":[2,0,0],"2":[2,2],"3":[2,0],"4":[0,2],"5":[0,2]},"_coverageSchema":"1a1c01bbd47fc00a2c39e90264f33305004495a9","hash":"657683e451f653b97b72915ca96a25f8922e32b1"}
,"D:\\AlarmTR\\src\\components\\common\\SkeletonLoader.tsx": {"path":"D:\\AlarmTR\\src\\components\\common\\SkeletonLoader.tsx","statementMap":{"0":{"start":{"line":21,"column":24},"end":{"line":21,"column":61}},"1":{"start":{"line":23,"column":2},"end":{"line":40,"column":22}},"2":{"start":{"line":24,"column":22},"end":{"line":37,"column":5}},"3":{"start":{"line":38,"column":4},"end":{"line":38,"column":22}},"4":{"start":{"line":39,"column":4},"end":{"line":39,"column":34}},"5":{"start":{"line":39,"column":17},"end":{"line":39,"column":33}},"6":{"start":{"line":42,"column":18},"end":{"line":45,"column":4}},"7":{"start":{"line":47,"column":2},"end":{"line":61,"column":4}},"8":{"start":{"line":68,"column":2},"end":{"line":74,"column":4}},"9":{"start":{"line":77,"column":15},"end":{"line":86,"column":2}}},"fnMap":{"0":{"name":"SkeletonLoader","decl":{"start":{"line":15,"column":16},"end":{"line":15,"column":30}},"loc":{"start":{"line":20,"column":24},"end":{"line":62,"column":1}},"line":20},"1":{"name":"(anonymous_1)","decl":{"start":{"line":23,"column":12},"end":{"line":23,"column":13}},"loc":{"start":{"line":23,"column":18},"end":{"line":40,"column":3}},"line":23},"2":{"name":"(anonymous_2)","decl":{"start":{"line":39,"column":11},"end":{"line":39,"column":12}},"loc":{"start":{"line":39,"column":17},"end":{"line":39,"column":33}},"line":39},"3":{"name":"SkeletonCard","decl":{"start":{"line":67,"column":16},"end":{"line":67,"column":28}},"loc":{"start":{"line":67,"column":31},"end":{"line":75,"column":1}},"line":67}},"branchMap":{"0":{"loc":{"start":{"line":16,"column":2},"end":{"line":16,"column":16}},"type":"default-arg","locations":[{"start":{"line":16,"column":10},"end":{"line":16,"column":16}}],"line":16},"1":{"loc":{"start":{"line":17,"column":2},"end":{"line":17,"column":13}},"type":"default-arg","locations":[{"start":{"line":17,"column":11},"end":{"line":17,"column":13}}],"line":17},"2":{"loc":{"start":{"line":18,"column":2},"end":{"line":18,"column":18}},"type":"default-arg","locations":[{"start":{"line":18,"column":17},"end":{"line":18,"column":18}}],"line":18}},"s":{"0":5,"1":5,"2":5,"3":5,"4":5,"5":5,"6":5,"7":5,"8":1,"9":1},"f":{"0":5,"1":5,"2":5,"3":1},"b":{"0":[1],"1":[1],"2":[5]},"_coverageSchema":"1a1c01bbd47fc00a2c39e90264f33305004495a9","hash":"2c4bb68b4aacf82d8286c4e98f130ab48cac9fdc"}
,"D:\\AlarmTR\\src\\context\\AlarmContext.tsx": {"path":"D:\\AlarmTR\\src\\context\\AlarmContext.tsx","statementMap":{"0":{"start":{"line":46,"column":40},"end":{"line":46,"column":68}},"1":{"start":{"line":73,"column":21},"end":{"line":73,"column":76}},"2":{"start":{"line":75,"column":29},"end":{"line":686,"column":1}},"3":{"start":{"line":76,"column":19},"end":{"line":76,"column":28}},"4":{"start":{"line":77,"column":23},"end":{"line":77,"column":35}},"5":{"start":{"line":78,"column":58},"end":{"line":78,"column":87}},"6":{"start":{"line":79,"column":54},"end":{"line":79,"column":89}},"7":{"start":{"line":81,"column":37},"end":{"line":96,"column":8}},"8":{"start":{"line":82,"column":47},"end":{"line":94,"column":5}},"9":{"start":{"line":95,"column":4},"end":{"line":95,"column":83}},"10":{"start":{"line":98,"column":33},"end":{"line":100,"column":8}},"11":{"start":{"line":99,"column":4},"end":{"line":99,"column":60}},"12":{"start":{"line":102,"column":33},"end":{"line":116,"column":3}},"13":{"start":{"line":104,"column":6},"end":{"line":113,"column":7}},"14":{"start":{"line":105,"column":24},"end":{"line":105,"column":61}},"15":{"start":{"line":106,"column":8},"end":{"line":106,"column":86}},"16":{"start":{"line":106,"column":38},"end":{"line":106,"column":76}},"17":{"start":{"line":108,"column":8},"end":{"line":110,"column":9}},"18":{"start":{"line":109,"column":10},"end":{"line":109,"column":78}},"19":{"start":{"line":111,"column":8},"end":{"line":111,"column":67}},"20":{"start":{"line":112,"column":8},"end":{"line":112,"column":20}},"21":{"start":{"line":118,"column":2},"end":{"line":273,"column":89}},"22":{"start":{"line":121,"column":4},"end":{"line":134,"column":5}},"23":{"start":{"line":122,"column":6},"end":{"line":122,"column":36}},"24":{"start":{"line":123,"column":6},"end":{"line":123,"column":34}},"25":{"start":{"line":124,"column":6},"end":{"line":128,"column":9}},"26":{"start":{"line":125,"column":8},"end":{"line":127,"column":9}},"27":{"start":{"line":126,"column":10},"end":{"line":126,"column":78}},"28":{"start":{"line":129,"column":6},"end":{"line":133,"column":8}},"29":{"start":{"line":130,"column":8},"end":{"line":132,"column":9}},"30":{"start":{"line":131,"column":10},"end":{"line":131,"column":24}},"31":{"start":{"line":136,"column":31},"end":{"line":264,"column":5}},"32":{"start":{"line":137,"column":6},"end":{"line":263,"column":7}},"33":{"start":{"line":138,"column":20},"end":{"line":138,"column":72}},"34":{"start":{"line":139,"column":8},"end":{"line":141,"column":9}},"35":{"start":{"line":140,"column":10},"end":{"line":140,"column":17}},"36":{"start":{"line":143,"column":54},"end":{"line":143,"column":58}},"37":{"start":{"line":144,"column":8},"end":{"line":152,"column":9}},"38":{"start":{"line":145,"column":10},"end":{"line":145,"column":63}},"39":{"start":{"line":147,"column":10},"end":{"line":149,"column":11}},"40":{"start":{"line":148,"column":12},"end":{"line":148,"column":90}},"41":{"start":{"line":150,"column":10},"end":{"line":150,"column":41}},"42":{"start":{"line":151,"column":10},"end":{"line":151,"column":17}},"43":{"start":{"line":154,"column":8},"end":{"line":157,"column":9}},"44":{"start":{"line":155,"column":10},"end":{"line":155,"column":41}},"45":{"start":{"line":156,"column":10},"end":{"line":156,"column":17}},"46":{"start":{"line":160,"column":8},"end":{"line":196,"column":9}},"47":{"start":{"line":162,"column":26},"end":{"line":162,"column":72}},"48":{"start":{"line":164,"column":55},"end":{"line":178,"column":11}},"49":{"start":{"line":179,"column":10},"end":{"line":179,"column":52}},"50":{"start":{"line":180,"column":10},"end":{"line":180,"column":56}},"51":{"start":{"line":182,"column":10},"end":{"line":194,"column":11}},"52":{"start":{"line":183,"column":12},"end":{"line":187,"column":15}},"53":{"start":{"line":184,"column":14},"end":{"line":186,"column":15}},"54":{"start":{"line":185,"column":16},"end":{"line":185,"column":88}},"55":{"start":{"line":189,"column":12},"end":{"line":193,"column":15}},"56":{"start":{"line":190,"column":14},"end":{"line":192,"column":15}},"57":{"start":{"line":191,"column":16},"end":{"line":191,"column":84}},"58":{"start":{"line":195,"column":10},"end":{"line":195,"column":17}},"59":{"start":{"line":199,"column":8},"end":{"line":257,"column":9}},"60":{"start":{"line":200,"column":29},"end":{"line":200,"column":71}},"61":{"start":{"line":201,"column":10},"end":{"line":251,"column":12}},"62":{"start":{"line":204,"column":14},"end":{"line":243,"column":15}},"63":{"start":{"line":205,"column":16},"end":{"line":214,"column":17}},"64":{"start":{"line":206,"column":18},"end":{"line":206,"column":48}},"65":{"start":{"line":207,"column":18},"end":{"line":207,"column":46}},"66":{"start":{"line":208,"column":18},"end":{"line":212,"column":21}},"67":{"start":{"line":209,"column":20},"end":{"line":211,"column":21}},"68":{"start":{"line":210,"column":22},"end":{"line":210,"column":90}},"69":{"start":{"line":213,"column":18},"end":{"line":213,"column":25}},"70":{"start":{"line":216,"column":36},"end":{"line":216,"column":75}},"71":{"start":{"line":217,"column":46},"end":{"line":220,"column":17}},"72":{"start":{"line":222,"column":16},"end":{"line":222,"column":52}},"73":{"start":{"line":223,"column":16},"end":{"line":223,"column":47}},"74":{"start":{"line":225,"column":16},"end":{"line":237,"column":17}},"75":{"start":{"line":226,"column":18},"end":{"line":230,"column":21}},"76":{"start":{"line":227,"column":20},"end":{"line":229,"column":21}},"77":{"start":{"line":228,"column":22},"end":{"line":228,"column":94}},"78":{"start":{"line":232,"column":18},"end":{"line":236,"column":21}},"79":{"start":{"line":233,"column":20},"end":{"line":235,"column":21}},"80":{"start":{"line":234,"column":22},"end":{"line":234,"column":90}},"81":{"start":{"line":239,"column":16},"end":{"line":241,"column":17}},"82":{"start":{"line":240,"column":18},"end":{"line":240,"column":92}},"83":{"start":{"line":242,"column":16},"end":{"line":242,"column":73}},"84":{"start":{"line":246,"column":14},"end":{"line":248,"column":15}},"85":{"start":{"line":247,"column":16},"end":{"line":247,"column":82}},"86":{"start":{"line":249,"column":14},"end":{"line":249,"column":61}},"87":{"start":{"line":253,"column":10},"end":{"line":255,"column":11}},"88":{"start":{"line":254,"column":12},"end":{"line":254,"column":94}},"89":{"start":{"line":256,"column":10},"end":{"line":256,"column":69}},"90":{"start":{"line":259,"column":8},"end":{"line":261,"column":9}},"91":{"start":{"line":260,"column":10},"end":{"line":260,"column":73}},"92":{"start":{"line":262,"column":8},"end":{"line":262,"column":63}},"93":{"start":{"line":266,"column":4},"end":{"line":266,"column":25}},"94":{"start":{"line":268,"column":4},"end":{"line":272,"column":6}},"95":{"start":{"line":269,"column":6},"end":{"line":271,"column":7}},"96":{"start":{"line":270,"column":8},"end":{"line":270,"column":22}},"97":{"start":{"line":276,"column":2},"end":{"line":383,"column":93}},"98":{"start":{"line":277,"column":4},"end":{"line":279,"column":5}},"99":{"start":{"line":278,"column":6},"end":{"line":278,"column":13}},"100":{"start":{"line":281,"column":18},"end":{"line":281,"column":22}},"101":{"start":{"line":283,"column":37},"end":{"line":372,"column":5}},"102":{"start":{"line":284,"column":6},"end":{"line":371,"column":7}},"103":{"start":{"line":285,"column":24},"end":{"line":285,"column":61}},"104":{"start":{"line":286,"column":8},"end":{"line":288,"column":9}},"105":{"start":{"line":287,"column":10},"end":{"line":287,"column":17}},"106":{"start":{"line":290,"column":8},"end":{"line":292,"column":9}},"107":{"start":{"line":291,"column":10},"end":{"line":291,"column":97}},"108":{"start":{"line":294,"column":8},"end":{"line":365,"column":9}},"109":{"start":{"line":295,"column":10},"end":{"line":297,"column":11}},"110":{"start":{"line":296,"column":12},"end":{"line":296,"column":18}},"111":{"start":{"line":299,"column":10},"end":{"line":364,"column":11}},"112":{"start":{"line":301,"column":31},"end":{"line":306,"column":13}},"113":{"start":{"line":308,"column":24},"end":{"line":308,"column":81}},"114":{"start":{"line":309,"column":32},"end":{"line":309,"column":38}},"115":{"start":{"line":312,"column":12},"end":{"line":351,"column":13}},"116":{"start":{"line":318,"column":14},"end":{"line":341,"column":15}},"117":{"start":{"line":319,"column":16},"end":{"line":322,"column":18}},"118":{"start":{"line":325,"column":28},"end":{"line":325,"column":38}},"119":{"start":{"line":326,"column":16},"end":{"line":340,"column":18}},"120":{"start":{"line":342,"column":14},"end":{"line":342,"column":51}},"121":{"start":{"line":343,"column":14},"end":{"line":343,"column":52}},"122":{"start":{"line":344,"column":14},"end":{"line":344,"column":63}},"123":{"start":{"line":346,"column":14},"end":{"line":350,"column":15}},"124":{"start":{"line":347,"column":16},"end":{"line":349,"column":18}},"125":{"start":{"line":354,"column":12},"end":{"line":354,"column":71}},"126":{"start":{"line":357,"column":12},"end":{"line":362,"column":13}},"127":{"start":{"line":358,"column":14},"end":{"line":361,"column":14}},"128":{"start":{"line":363,"column":12},"end":{"line":363,"column":78}},"129":{"start":{"line":367,"column":8},"end":{"line":369,"column":9}},"130":{"start":{"line":368,"column":10},"end":{"line":368,"column":84}},"131":{"start":{"line":370,"column":8},"end":{"line":370,"column":69}},"132":{"start":{"line":375,"column":22},"end":{"line":377,"column":12}},"133":{"start":{"line":376,"column":6},"end":{"line":376,"column":33}},"134":{"start":{"line":379,"column":4},"end":{"line":382,"column":6}},"135":{"start":{"line":380,"column":6},"end":{"line":380,"column":22}},"136":{"start":{"line":381,"column":6},"end":{"line":381,"column":30}},"137":{"start":{"line":385,"column":68},"end":{"line":511,"column":3}},"138":{"start":{"line":394,"column":6},"end":{"line":396,"column":7}},"139":{"start":{"line":395,"column":8},"end":{"line":395,"column":62}},"140":{"start":{"line":398,"column":6},"end":{"line":508,"column":7}},"141":{"start":{"line":400,"column":58},"end":{"line":400,"column":62}},"142":{"start":{"line":401,"column":8},"end":{"line":406,"column":9}},"143":{"start":{"line":402,"column":10},"end":{"line":402,"column":38}},"144":{"start":{"line":404,"column":10},"end":{"line":405,"column":102}},"145":{"start":{"line":408,"column":8},"end":{"line":413,"column":9}},"146":{"start":{"line":409,"column":24},"end":{"line":409,"column":60}},"147":{"start":{"line":410,"column":10},"end":{"line":410,"column":75}},"148":{"start":{"line":411,"column":10},"end":{"line":411,"column":87}},"149":{"start":{"line":412,"column":10},"end":{"line":412,"column":22}},"150":{"start":{"line":415,"column":20},"end":{"line":415,"column":30}},"151":{"start":{"line":416,"column":26},"end":{"line":416,"column":89}},"152":{"start":{"line":417,"column":26},"end":{"line":417,"column":91}},"153":{"start":{"line":420,"column":8},"end":{"line":467,"column":9}},"154":{"start":{"line":422,"column":33},"end":{"line":422,"column":54}},"155":{"start":{"line":423,"column":45},"end":{"line":437,"column":11}},"156":{"start":{"line":440,"column":10},"end":{"line":455,"column":13}},"157":{"start":{"line":458,"column":10},"end":{"line":458,"column":51}},"158":{"start":{"line":459,"column":10},"end":{"line":459,"column":46}},"159":{"start":{"line":460,"column":10},"end":{"line":460,"column":57}},"160":{"start":{"line":462,"column":10},"end":{"line":464,"column":11}},"161":{"start":{"line":463,"column":12},"end":{"line":463,"column":99}},"162":{"start":{"line":466,"column":10},"end":{"line":466,"column":30}},"163":{"start":{"line":470,"column":27},"end":{"line":483,"column":9}},"164":{"start":{"line":485,"column":20},"end":{"line":485,"column":77}},"165":{"start":{"line":486,"column":38},"end":{"line":500,"column":9}},"166":{"start":{"line":501,"column":8},"end":{"line":501,"column":44}},"167":{"start":{"line":502,"column":8},"end":{"line":502,"column":39}},"168":{"start":{"line":503,"column":8},"end":{"line":503,"column":50}},"169":{"start":{"line":504,"column":8},"end":{"line":504,"column":23}},"170":{"start":{"line":506,"column":8},"end":{"line":506,"column":62}},"171":{"start":{"line":507,"column":8},"end":{"line":507,"column":20}},"172":{"start":{"line":513,"column":70},"end":{"line":546,"column":3}},"173":{"start":{"line":515,"column":6},"end":{"line":543,"column":7}},"174":{"start":{"line":517,"column":8},"end":{"line":528,"column":9}},"175":{"start":{"line":519,"column":10},"end":{"line":519,"column":64}},"176":{"start":{"line":521,"column":10},"end":{"line":524,"column":11}},"177":{"start":{"line":522,"column":12},"end":{"line":522,"column":42}},"178":{"start":{"line":523,"column":12},"end":{"line":523,"column":40}},"179":{"start":{"line":526,"column":10},"end":{"line":526,"column":41}},"180":{"start":{"line":527,"column":10},"end":{"line":527,"column":17}},"181":{"start":{"line":531,"column":8},"end":{"line":534,"column":11}},"182":{"start":{"line":535,"column":8},"end":{"line":538,"column":9}},"183":{"start":{"line":536,"column":10},"end":{"line":536,"column":40}},"184":{"start":{"line":537,"column":10},"end":{"line":537,"column":38}},"185":{"start":{"line":539,"column":8},"end":{"line":539,"column":39}},"186":{"start":{"line":541,"column":8},"end":{"line":541,"column":63}},"187":{"start":{"line":542,"column":8},"end":{"line":542,"column":20}},"188":{"start":{"line":548,"column":70},"end":{"line":579,"column":3}},"189":{"start":{"line":550,"column":6},"end":{"line":576,"column":7}},"190":{"start":{"line":552,"column":8},"end":{"line":560,"column":9}},"191":{"start":{"line":554,"column":10},"end":{"line":558,"column":11}},"192":{"start":{"line":555,"column":32},"end":{"line":555,"column":93}},"193":{"start":{"line":556,"column":12},"end":{"line":556,"column":47}},"194":{"start":{"line":557,"column":12},"end":{"line":557,"column":58}},"195":{"start":{"line":559,"column":10},"end":{"line":559,"column":17}},"196":{"start":{"line":563,"column":8},"end":{"line":567,"column":11}},"197":{"start":{"line":568,"column":8},"end":{"line":572,"column":9}},"198":{"start":{"line":569,"column":30},"end":{"line":569,"column":91}},"199":{"start":{"line":570,"column":10},"end":{"line":570,"column":45}},"200":{"start":{"line":571,"column":10},"end":{"line":571,"column":56}},"201":{"start":{"line":574,"column":8},"end":{"line":574,"column":63}},"202":{"start":{"line":575,"column":8},"end":{"line":575,"column":20}},"203":{"start":{"line":581,"column":72},"end":{"line":652,"column":3}},"204":{"start":{"line":584,"column":6},"end":{"line":630,"column":7}},"205":{"start":{"line":586,"column":8},"end":{"line":629,"column":9}},"206":{"start":{"line":587,"column":22},"end":{"line":587,"column":74}},"207":{"start":{"line":588,"column":10},"end":{"line":590,"column":11}},"208":{"start":{"line":589,"column":12},"end":{"line":589,"column":24}},"209":{"start":{"line":591,"column":25},"end":{"line":591,"column":68}},"210":{"start":{"line":592,"column":10},"end":{"line":594,"column":11}},"211":{"start":{"line":593,"column":12},"end":{"line":593,"column":24}},"212":{"start":{"line":596,"column":26},"end":{"line":596,"column":70}},"213":{"start":{"line":598,"column":40},"end":{"line":612,"column":11}},"214":{"start":{"line":615,"column":10},"end":{"line":621,"column":11}},"215":{"start":{"line":616,"column":12},"end":{"line":616,"column":48}},"216":{"start":{"line":617,"column":12},"end":{"line":617,"column":43}},"217":{"start":{"line":618,"column":12},"end":{"line":618,"column":54}},"218":{"start":{"line":620,"column":12},"end":{"line":620,"column":43}},"219":{"start":{"line":623,"column":10},"end":{"line":623,"column":25}},"220":{"start":{"line":625,"column":10},"end":{"line":627,"column":11}},"221":{"start":{"line":626,"column":12},"end":{"line":626,"column":79}},"222":{"start":{"line":628,"column":10},"end":{"line":628,"column":22}},"223":{"start":{"line":633,"column":23},"end":{"line":633,"column":77}},"224":{"start":{"line":634,"column":6},"end":{"line":636,"column":7}},"225":{"start":{"line":635,"column":8},"end":{"line":635,"column":20}},"226":{"start":{"line":637,"column":26},"end":{"line":637,"column":69}},"227":{"start":{"line":638,"column":36},"end":{"line":641,"column":7}},"228":{"start":{"line":642,"column":6},"end":{"line":648,"column":7}},"229":{"start":{"line":643,"column":8},"end":{"line":643,"column":44}},"230":{"start":{"line":644,"column":8},"end":{"line":644,"column":39}},"231":{"start":{"line":645,"column":8},"end":{"line":645,"column":50}},"232":{"start":{"line":647,"column":8},"end":{"line":647,"column":39}},"233":{"start":{"line":649,"column":6},"end":{"line":649,"column":21}},"234":{"start":{"line":654,"column":27},"end":{"line":662,"column":30}},"235":{"start":{"line":655,"column":4},"end":{"line":655,"column":34}},"236":{"start":{"line":656,"column":4},"end":{"line":656,"column":32}},"237":{"start":{"line":657,"column":4},"end":{"line":661,"column":7}},"238":{"start":{"line":658,"column":6},"end":{"line":660,"column":7}},"239":{"start":{"line":659,"column":8},"end":{"line":659,"column":76}},"240":{"start":{"line":664,"column":16},"end":{"line":683,"column":3}},"241":{"start":{"line":665,"column":11},"end":{"line":673,"column":5}},"242":{"start":{"line":685,"column":2},"end":{"line":685,"column":81}},"243":{"start":{"line":688,"column":24},"end":{"line":694,"column":1}},"244":{"start":{"line":689,"column":18},"end":{"line":689,"column":42}},"245":{"start":{"line":690,"column":2},"end":{"line":692,"column":3}},"246":{"start":{"line":691,"column":4},"end":{"line":691,"column":75}},"247":{"start":{"line":693,"column":2},"end":{"line":693,"column":17}}},"fnMap":{"0":{"name":"(anonymous_0)","decl":{"start":{"line":75,"column":29},"end":{"line":75,"column":30}},"loc":{"start":{"line":75,"column":72},"end":{"line":686,"column":1}},"line":75},"1":{"name":"(anonymous_1)","decl":{"start":{"line":81,"column":49},"end":{"line":81,"column":50}},"loc":{"start":{"line":81,"column":82},"end":{"line":96,"column":3}},"line":81},"2":{"name":"(anonymous_2)","decl":{"start":{"line":98,"column":45},"end":{"line":98,"column":46}},"loc":{"start":{"line":98,"column":57},"end":{"line":100,"column":3}},"line":98},"3":{"name":"(anonymous_3)","decl":{"start":{"line":103,"column":4},"end":{"line":103,"column":5}},"loc":{"start":{"line":103,"column":81},"end":{"line":114,"column":5}},"line":103},"4":{"name":"(anonymous_4)","decl":{"start":{"line":106,"column":28},"end":{"line":106,"column":29}},"loc":{"start":{"line":106,"column":38},"end":{"line":106,"column":76}},"line":106},"5":{"name":"(anonymous_5)","decl":{"start":{"line":118,"column":12},"end":{"line":118,"column":13}},"loc":{"start":{"line":118,"column":18},"end":{"line":273,"column":3}},"line":118},"6":{"name":"(anonymous_6)","decl":{"start":{"line":124,"column":37},"end":{"line":124,"column":38}},"loc":{"start":{"line":124,"column":48},"end":{"line":128,"column":7}},"line":124},"7":{"name":"(anonymous_7)","decl":{"start":{"line":129,"column":13},"end":{"line":129,"column":14}},"loc":{"start":{"line":129,"column":19},"end":{"line":133,"column":7}},"line":129},"8":{"name":"(anonymous_8)","decl":{"start":{"line":136,"column":31},"end":{"line":136,"column":32}},"loc":{"start":{"line":136,"column":43},"end":{"line":264,"column":5}},"line":136},"9":{"name":"(anonymous_9)","decl":{"start":{"line":183,"column":69},"end":{"line":183,"column":70}},"loc":{"start":{"line":183,"column":80},"end":{"line":187,"column":13}},"line":183},"10":{"name":"(anonymous_10)","decl":{"start":{"line":189,"column":43},"end":{"line":189,"column":44}},"loc":{"start":{"line":189,"column":54},"end":{"line":193,"column":13}},"line":189},"11":{"name":"(anonymous_11)","decl":{"start":{"line":203,"column":12},"end":{"line":203,"column":13}},"loc":{"start":{"line":203,"column":22},"end":{"line":244,"column":13}},"line":203},"12":{"name":"(anonymous_12)","decl":{"start":{"line":208,"column":49},"end":{"line":208,"column":50}},"loc":{"start":{"line":208,"column":60},"end":{"line":212,"column":19}},"line":208},"13":{"name":"(anonymous_13)","decl":{"start":{"line":226,"column":60},"end":{"line":226,"column":61}},"loc":{"start":{"line":226,"column":71},"end":{"line":230,"column":19}},"line":226},"14":{"name":"(anonymous_14)","decl":{"start":{"line":232,"column":49},"end":{"line":232,"column":50}},"loc":{"start":{"line":232,"column":60},"end":{"line":236,"column":19}},"line":232},"15":{"name":"(anonymous_15)","decl":{"start":{"line":245,"column":12},"end":{"line":245,"column":13}},"loc":{"start":{"line":245,"column":23},"end":{"line":250,"column":13}},"line":245},"16":{"name":"(anonymous_16)","decl":{"start":{"line":268,"column":11},"end":{"line":268,"column":12}},"loc":{"start":{"line":268,"column":17},"end":{"line":272,"column":5}},"line":268},"17":{"name":"(anonymous_17)","decl":{"start":{"line":276,"column":12},"end":{"line":276,"column":13}},"loc":{"start":{"line":276,"column":18},"end":{"line":383,"column":3}},"line":276},"18":{"name":"(anonymous_18)","decl":{"start":{"line":283,"column":37},"end":{"line":283,"column":38}},"loc":{"start":{"line":283,"column":49},"end":{"line":372,"column":5}},"line":283},"19":{"name":"(anonymous_19)","decl":{"start":{"line":375,"column":33},"end":{"line":375,"column":34}},"loc":{"start":{"line":375,"column":39},"end":{"line":377,"column":5}},"line":375},"20":{"name":"(anonymous_20)","decl":{"start":{"line":379,"column":11},"end":{"line":379,"column":12}},"loc":{"start":{"line":379,"column":17},"end":{"line":382,"column":5}},"line":379},"21":{"name":"(anonymous_21)","decl":{"start":{"line":386,"column":4},"end":{"line":386,"column":5}},"loc":{"start":{"line":393,"column":10},"end":{"line":509,"column":5}},"line":393},"22":{"name":"(anonymous_22)","decl":{"start":{"line":514,"column":4},"end":{"line":514,"column":5}},"loc":{"start":{"line":514,"column":30},"end":{"line":544,"column":5}},"line":514},"23":{"name":"(anonymous_23)","decl":{"start":{"line":549,"column":4},"end":{"line":549,"column":5}},"loc":{"start":{"line":549,"column":30},"end":{"line":577,"column":5}},"line":549},"24":{"name":"(anonymous_24)","decl":{"start":{"line":582,"column":4},"end":{"line":582,"column":5}},"loc":{"start":{"line":582,"column":38},"end":{"line":650,"column":5}},"line":582},"25":{"name":"(anonymous_25)","decl":{"start":{"line":654,"column":39},"end":{"line":654,"column":40}},"loc":{"start":{"line":654,"column":45},"end":{"line":662,"column":3}},"line":654},"26":{"name":"(anonymous_26)","decl":{"start":{"line":657,"column":35},"end":{"line":657,"column":36}},"loc":{"start":{"line":657,"column":46},"end":{"line":661,"column":5}},"line":657},"27":{"name":"(anonymous_27)","decl":{"start":{"line":665,"column":4},"end":{"line":665,"column":5}},"loc":{"start":{"line":665,"column":11},"end":{"line":673,"column":5}},"line":665},"28":{"name":"(anonymous_28)","decl":{"start":{"line":688,"column":24},"end":{"line":688,"column":25}},"loc":{"start":{"line":688,"column":30},"end":{"line":694,"column":1}},"line":688}},"branchMap":{"0":{"loc":{"start":{"line":92,"column":21},"end":{"line":92,"column":50}},"type":"binary-expr","locations":[{"start":{"line":92,"column":21},"end":{"line":92,"column":42}},{"start":{"line":92,"column":46},"end":{"line":92,"column":50}}],"line":92},"1":{"loc":{"start":{"line":93,"column":21},"end":{"line":93,"column":50}},"type":"binary-expr","locations":[{"start":{"line":93,"column":21},"end":{"line":93,"column":42}},{"start":{"line":93,"column":46},"end":{"line":93,"column":50}}],"line":93},"2":{"loc":{"start":{"line":106,"column":15},"end":{"line":106,"column":85}},"type":"binary-expr","locations":[{"start":{"line":106,"column":15},"end":{"line":106,"column":77}},{"start":{"line":106,"column":81},"end":{"line":106,"column":85}}],"line":106},"3":{"loc":{"start":{"line":108,"column":8},"end":{"line":110,"column":9}},"type":"if","locations":[{"start":{"line":108,"column":8},"end":{"line":110,"column":9}},{"start":{},"end":{}}],"line":108},"4":{"loc":{"start":{"line":121,"column":4},"end":{"line":134,"column":5}},"type":"if","locations":[{"start":{"line":121,"column":4},"end":{"line":134,"column":5}},{"start":{},"end":{}}],"line":121},"5":{"loc":{"start":{"line":125,"column":8},"end":{"line":127,"column":9}},"type":"if","locations":[{"start":{"line":125,"column":8},"end":{"line":127,"column":9}},{"start":{},"end":{}}],"line":125},"6":{"loc":{"start":{"line":130,"column":8},"end":{"line":132,"column":9}},"type":"if","locations":[{"start":{"line":130,"column":8},"end":{"line":132,"column":9}},{"start":{},"end":{}}],"line":130},"7":{"loc":{"start":{"line":139,"column":8},"end":{"line":141,"column":9}},"type":"if","locations":[{"start":{"line":139,"column":8},"end":{"line":141,"column":9}},{"start":{},"end":{}}],"line":139},"8":{"loc":{"start":{"line":147,"column":10},"end":{"line":149,"column":11}},"type":"if","locations":[{"start":{"line":147,"column":10},"end":{"line":149,"column":11}},{"start":{},"end":{}}],"line":147},"9":{"loc":{"start":{"line":154,"column":8},"end":{"line":157,"column":9}},"type":"if","locations":[{"start":{"line":154,"column":8},"end":{"line":157,"column":9}},{"start":{},"end":{}}],"line":154},"10":{"loc":{"start":{"line":154,"column":12},"end":{"line":154,"column":79}},"type":"binary-expr","locations":[{"start":{"line":154,"column":12},"end":{"line":154,"column":30}},{"start":{"line":154,"column":35},"end":{"line":154,"column":48}},{"start":{"line":154,"column":52},"end":{"line":154,"column":78}}],"line":154},"11":{"loc":{"start":{"line":160,"column":8},"end":{"line":196,"column":9}},"type":"if","locations":[{"start":{"line":160,"column":8},"end":{"line":196,"column":9}},{"start":{},"end":{}}],"line":160},"12":{"loc":{"start":{"line":167,"column":24},"end":{"line":167,"column":84}},"type":"binary-expr","locations":[{"start":{"line":167,"column":24},"end":{"line":167,"column":41}},{"start":{"line":167,"column":45},"end":{"line":167,"column":72}},{"start":{"line":167,"column":76},"end":{"line":167,"column":84}}],"line":167},"13":{"loc":{"start":{"line":168,"column":22},"end":{"line":168,"column":72}},"type":"binary-expr","locations":[{"start":{"line":168,"column":22},"end":{"line":168,"column":37}},{"start":{"line":168,"column":41},"end":{"line":168,"column":66}},{"start":{"line":168,"column":70},"end":{"line":168,"column":72}}],"line":168},"14":{"loc":{"start":{"line":169,"column":37},"end":{"line":169,"column":111}},"type":"binary-expr","locations":[{"start":{"line":169,"column":37},"end":{"line":169,"column":77}},{"start":{"line":169,"column":81},"end":{"line":169,"column":111}}],"line":169},"15":{"loc":{"start":{"line":171,"column":24},"end":{"line":171,"column":72}},"type":"binary-expr","locations":[{"start":{"line":171,"column":24},"end":{"line":171,"column":51}},{"start":{"line":171,"column":55},"end":{"line":171,"column":72}}],"line":171},"16":{"loc":{"start":{"line":172,"column":23},"end":{"line":172,"column":69}},"type":"binary-expr","locations":[{"start":{"line":172,"column":23},"end":{"line":172,"column":49}},{"start":{"line":172,"column":53},"end":{"line":172,"column":69}}],"line":172},"17":{"loc":{"start":{"line":173,"column":23},"end":{"line":173,"column":69}},"type":"binary-expr","locations":[{"start":{"line":173,"column":23},"end":{"line":173,"column":49}},{"start":{"line":173,"column":53},"end":{"line":173,"column":69}}],"line":173},"18":{"loc":{"start":{"line":174,"column":28},"end":{"line":174,"column":82}},"type":"binary-expr","locations":[{"start":{"line":174,"column":28},"end":{"line":174,"column":48}},{"start":{"line":174,"column":52},"end":{"line":174,"column":82}}],"line":174},"19":{"loc":{"start":{"line":175,"column":27},"end":{"line":175,"column":94}},"type":"binary-expr","locations":[{"start":{"line":175,"column":27},"end":{"line":175,"column":47}},{"start":{"line":175,"column":51},"end":{"line":175,"column":81}},{"start":{"line":175,"column":85},"end":{"line":175,"column":94}}],"line":175},"20":{"loc":{"start":{"line":176,"column":23},"end":{"line":176,"column":55}},"type":"binary-expr","locations":[{"start":{"line":176,"column":23},"end":{"line":176,"column":41}},{"start":{"line":176,"column":45},"end":{"line":176,"column":55}}],"line":176},"21":{"loc":{"start":{"line":182,"column":10},"end":{"line":194,"column":11}},"type":"if","locations":[{"start":{"line":182,"column":10},"end":{"line":194,"column":11}},{"start":{"line":188,"column":17},"end":{"line":194,"column":11}}],"line":182},"22":{"loc":{"start":{"line":182,"column":14},"end":{"line":182,"column":73}},"type":"binary-expr","locations":[{"start":{"line":182,"column":14},"end":{"line":182,"column":40}},{"start":{"line":182,"column":44},"end":{"line":182,"column":73}}],"line":182},"23":{"loc":{"start":{"line":184,"column":14},"end":{"line":186,"column":15}},"type":"if","locations":[{"start":{"line":184,"column":14},"end":{"line":186,"column":15}},{"start":{},"end":{}}],"line":184},"24":{"loc":{"start":{"line":190,"column":14},"end":{"line":192,"column":15}},"type":"if","locations":[{"start":{"line":190,"column":14},"end":{"line":192,"column":15}},{"start":{},"end":{}}],"line":190},"25":{"loc":{"start":{"line":205,"column":16},"end":{"line":214,"column":17}},"type":"if","locations":[{"start":{"line":205,"column":16},"end":{"line":214,"column":17}},{"start":{},"end":{}}],"line":205},"26":{"loc":{"start":{"line":209,"column":20},"end":{"line":211,"column":21}},"type":"if","locations":[{"start":{"line":209,"column":20},"end":{"line":211,"column":21}},{"start":{},"end":{}}],"line":209},"27":{"loc":{"start":{"line":225,"column":16},"end":{"line":237,"column":17}},"type":"if","locations":[{"start":{"line":225,"column":16},"end":{"line":237,"column":17}},{"start":{"line":231,"column":23},"end":{"line":237,"column":17}}],"line":225},"28":{"loc":{"start":{"line":225,"column":20},"end":{"line":225,"column":81}},"type":"binary-expr","locations":[{"start":{"line":225,"column":20},"end":{"line":225,"column":47}},{"start":{"line":225,"column":51},"end":{"line":225,"column":81}}],"line":225},"29":{"loc":{"start":{"line":227,"column":20},"end":{"line":229,"column":21}},"type":"if","locations":[{"start":{"line":227,"column":20},"end":{"line":229,"column":21}},{"start":{},"end":{}}],"line":227},"30":{"loc":{"start":{"line":233,"column":20},"end":{"line":235,"column":21}},"type":"if","locations":[{"start":{"line":233,"column":20},"end":{"line":235,"column":21}},{"start":{},"end":{}}],"line":233},"31":{"loc":{"start":{"line":239,"column":16},"end":{"line":241,"column":17}},"type":"if","locations":[{"start":{"line":239,"column":16},"end":{"line":241,"column":17}},{"start":{},"end":{}}],"line":239},"32":{"loc":{"start":{"line":246,"column":14},"end":{"line":248,"column":15}},"type":"if","locations":[{"start":{"line":246,"column":14},"end":{"line":248,"column":15}},{"start":{},"end":{}}],"line":246},"33":{"loc":{"start":{"line":253,"column":10},"end":{"line":255,"column":11}},"type":"if","locations":[{"start":{"line":253,"column":10},"end":{"line":255,"column":11}},{"start":{},"end":{}}],"line":253},"34":{"loc":{"start":{"line":259,"column":8},"end":{"line":261,"column":9}},"type":"if","locations":[{"start":{"line":259,"column":8},"end":{"line":261,"column":9}},{"start":{},"end":{}}],"line":259},"35":{"loc":{"start":{"line":269,"column":6},"end":{"line":271,"column":7}},"type":"if","locations":[{"start":{"line":269,"column":6},"end":{"line":271,"column":7}},{"start":{},"end":{}}],"line":269},"36":{"loc":{"start":{"line":277,"column":4},"end":{"line":279,"column":5}},"type":"if","locations":[{"start":{"line":277,"column":4},"end":{"line":279,"column":5}},{"start":{},"end":{}}],"line":277},"37":{"loc":{"start":{"line":277,"column":8},"end":{"line":277,"column":26}},"type":"binary-expr","locations":[{"start":{"line":277,"column":8},"end":{"line":277,"column":17}},{"start":{"line":277,"column":21},"end":{"line":277,"column":26}}],"line":277},"38":{"loc":{"start":{"line":286,"column":8},"end":{"line":288,"column":9}},"type":"if","locations":[{"start":{"line":286,"column":8},"end":{"line":288,"column":9}},{"start":{},"end":{}}],"line":286},"39":{"loc":{"start":{"line":290,"column":8},"end":{"line":292,"column":9}},"type":"if","locations":[{"start":{"line":290,"column":8},"end":{"line":292,"column":9}},{"start":{},"end":{}}],"line":290},"40":{"loc":{"start":{"line":295,"column":10},"end":{"line":297,"column":11}},"type":"if","locations":[{"start":{"line":295,"column":10},"end":{"line":297,"column":11}},{"start":{},"end":{}}],"line":295},"41":{"loc":{"start":{"line":312,"column":12},"end":{"line":351,"column":13}},"type":"if","locations":[{"start":{"line":312,"column":12},"end":{"line":351,"column":13}},{"start":{},"end":{}}],"line":312},"42":{"loc":{"start":{"line":313,"column":14},"end":{"line":314,"column":51}},"type":"binary-expr","locations":[{"start":{"line":313,"column":14},"end":{"line":313,"column":58}},{"start":{"line":314,"column":14},"end":{"line":314,"column":51}}],"line":313},"43":{"loc":{"start":{"line":318,"column":14},"end":{"line":341,"column":15}},"type":"if","locations":[{"start":{"line":318,"column":14},"end":{"line":341,"column":15}},{"start":{"line":323,"column":21},"end":{"line":341,"column":15}}],"line":318},"44":{"loc":{"start":{"line":336,"column":33},"end":{"line":336,"column":98}},"type":"binary-expr","locations":[{"start":{"line":336,"column":34},"end":{"line":336,"column":84}},{"start":{"line":336,"column":89},"end":{"line":336,"column":98}}],"line":336},"45":{"loc":{"start":{"line":337,"column":33},"end":{"line":337,"column":72}},"type":"binary-expr","locations":[{"start":{"line":337,"column":33},"end":{"line":337,"column":59}},{"start":{"line":337,"column":63},"end":{"line":337,"column":72}}],"line":337},"46":{"loc":{"start":{"line":346,"column":14},"end":{"line":350,"column":15}},"type":"if","locations":[{"start":{"line":346,"column":14},"end":{"line":350,"column":15}},{"start":{},"end":{}}],"line":346},"47":{"loc":{"start":{"line":357,"column":12},"end":{"line":362,"column":13}},"type":"if","locations":[{"start":{"line":357,"column":12},"end":{"line":362,"column":13}},{"start":{},"end":{}}],"line":357},"48":{"loc":{"start":{"line":367,"column":8},"end":{"line":369,"column":9}},"type":"if","locations":[{"start":{"line":367,"column":8},"end":{"line":369,"column":9}},{"start":{},"end":{}}],"line":367},"49":{"loc":{"start":{"line":394,"column":6},"end":{"line":396,"column":7}},"type":"if","locations":[{"start":{"line":394,"column":6},"end":{"line":396,"column":7}},{"start":{},"end":{}}],"line":394},"50":{"loc":{"start":{"line":401,"column":8},"end":{"line":406,"column":9}},"type":"if","locations":[{"start":{"line":401,"column":8},"end":{"line":406,"column":9}},{"start":{"line":403,"column":15},"end":{"line":406,"column":9}}],"line":401},"51":{"loc":{"start":{"line":405,"column":12},"end":{"line":405,"column":101}},"type":"cond-expr","locations":[{"start":{"line":405,"column":36},"end":{"line":405,"column":65}},{"start":{"line":405,"column":68},"end":{"line":405,"column":101}}],"line":405},"52":{"loc":{"start":{"line":408,"column":8},"end":{"line":413,"column":9}},"type":"if","locations":[{"start":{"line":408,"column":8},"end":{"line":413,"column":9}},{"start":{},"end":{}}],"line":408},"53":{"loc":{"start":{"line":416,"column":26},"end":{"line":416,"column":89}},"type":"cond-expr","locations":[{"start":{"line":416,"column":53},"end":{"line":416,"column":72}},{"start":{"line":416,"column":75},"end":{"line":416,"column":89}}],"line":416},"54":{"loc":{"start":{"line":417,"column":26},"end":{"line":417,"column":91}},"type":"cond-expr","locations":[{"start":{"line":417,"column":54},"end":{"line":417,"column":74}},{"start":{"line":417,"column":77},"end":{"line":417,"column":91}}],"line":417},"55":{"loc":{"start":{"line":420,"column":8},"end":{"line":467,"column":9}},"type":"if","locations":[{"start":{"line":420,"column":8},"end":{"line":467,"column":9}},{"start":{},"end":{}}],"line":420},"56":{"loc":{"start":{"line":451,"column":29},"end":{"line":451,"column":50}},"type":"binary-expr","locations":[{"start":{"line":451,"column":29},"end":{"line":451,"column":42}},{"start":{"line":451,"column":46},"end":{"line":451,"column":50}}],"line":451},"57":{"loc":{"start":{"line":452,"column":29},"end":{"line":452,"column":50}},"type":"binary-expr","locations":[{"start":{"line":452,"column":29},"end":{"line":452,"column":42}},{"start":{"line":452,"column":46},"end":{"line":452,"column":50}}],"line":452},"58":{"loc":{"start":{"line":462,"column":10},"end":{"line":464,"column":11}},"type":"if","locations":[{"start":{"line":462,"column":10},"end":{"line":464,"column":11}},{"start":{},"end":{}}],"line":462},"59":{"loc":{"start":{"line":479,"column":25},"end":{"line":479,"column":46}},"type":"binary-expr","locations":[{"start":{"line":479,"column":25},"end":{"line":479,"column":38}},{"start":{"line":479,"column":42},"end":{"line":479,"column":46}}],"line":479},"60":{"loc":{"start":{"line":480,"column":25},"end":{"line":480,"column":46}},"type":"binary-expr","locations":[{"start":{"line":480,"column":25},"end":{"line":480,"column":38}},{"start":{"line":480,"column":42},"end":{"line":480,"column":46}}],"line":480},"61":{"loc":{"start":{"line":517,"column":8},"end":{"line":528,"column":9}},"type":"if","locations":[{"start":{"line":517,"column":8},"end":{"line":528,"column":9}},{"start":{},"end":{}}],"line":517},"62":{"loc":{"start":{"line":521,"column":10},"end":{"line":524,"column":11}},"type":"if","locations":[{"start":{"line":521,"column":10},"end":{"line":524,"column":11}},{"start":{},"end":{}}],"line":521},"63":{"loc":{"start":{"line":535,"column":8},"end":{"line":538,"column":9}},"type":"if","locations":[{"start":{"line":535,"column":8},"end":{"line":538,"column":9}},{"start":{},"end":{}}],"line":535},"64":{"loc":{"start":{"line":552,"column":8},"end":{"line":560,"column":9}},"type":"if","locations":[{"start":{"line":552,"column":8},"end":{"line":560,"column":9}},{"start":{},"end":{}}],"line":552},"65":{"loc":{"start":{"line":554,"column":10},"end":{"line":558,"column":11}},"type":"if","locations":[{"start":{"line":554,"column":10},"end":{"line":558,"column":11}},{"start":{},"end":{}}],"line":554},"66":{"loc":{"start":{"line":554,"column":14},"end":{"line":554,"column":75}},"type":"binary-expr","locations":[{"start":{"line":554,"column":14},"end":{"line":554,"column":53}},{"start":{"line":554,"column":57},"end":{"line":554,"column":75}}],"line":554},"67":{"loc":{"start":{"line":568,"column":8},"end":{"line":572,"column":9}},"type":"if","locations":[{"start":{"line":568,"column":8},"end":{"line":572,"column":9}},{"start":{},"end":{}}],"line":568},"68":{"loc":{"start":{"line":568,"column":12},"end":{"line":568,"column":73}},"type":"binary-expr","locations":[{"start":{"line":568,"column":12},"end":{"line":568,"column":51}},{"start":{"line":568,"column":55},"end":{"line":568,"column":73}}],"line":568},"69":{"loc":{"start":{"line":584,"column":6},"end":{"line":630,"column":7}},"type":"if","locations":[{"start":{"line":584,"column":6},"end":{"line":630,"column":7}},{"start":{},"end":{}}],"line":584},"70":{"loc":{"start":{"line":588,"column":10},"end":{"line":590,"column":11}},"type":"if","locations":[{"start":{"line":588,"column":10},"end":{"line":590,"column":11}},{"start":{},"end":{}}],"line":588},"71":{"loc":{"start":{"line":592,"column":10},"end":{"line":594,"column":11}},"type":"if","locations":[{"start":{"line":592,"column":10},"end":{"line":594,"column":11}},{"start":{},"end":{}}],"line":592},"72":{"loc":{"start":{"line":601,"column":24},"end":{"line":601,"column":84}},"type":"binary-expr","locations":[{"start":{"line":601,"column":24},"end":{"line":601,"column":41}},{"start":{"line":601,"column":45},"end":{"line":601,"column":72}},{"start":{"line":601,"column":76},"end":{"line":601,"column":84}}],"line":601},"73":{"loc":{"start":{"line":602,"column":22},"end":{"line":602,"column":72}},"type":"binary-expr","locations":[{"start":{"line":602,"column":22},"end":{"line":602,"column":37}},{"start":{"line":602,"column":41},"end":{"line":602,"column":66}},{"start":{"line":602,"column":70},"end":{"line":602,"column":72}}],"line":602},"74":{"loc":{"start":{"line":603,"column":37},"end":{"line":603,"column":111}},"type":"binary-expr","locations":[{"start":{"line":603,"column":37},"end":{"line":603,"column":77}},{"start":{"line":603,"column":81},"end":{"line":603,"column":111}}],"line":603},"75":{"loc":{"start":{"line":605,"column":24},"end":{"line":605,"column":72}},"type":"binary-expr","locations":[{"start":{"line":605,"column":24},"end":{"line":605,"column":51}},{"start":{"line":605,"column":55},"end":{"line":605,"column":72}}],"line":605},"76":{"loc":{"start":{"line":606,"column":23},"end":{"line":606,"column":69}},"type":"binary-expr","locations":[{"start":{"line":606,"column":23},"end":{"line":606,"column":49}},{"start":{"line":606,"column":53},"end":{"line":606,"column":69}}],"line":606},"77":{"loc":{"start":{"line":607,"column":23},"end":{"line":607,"column":69}},"type":"binary-expr","locations":[{"start":{"line":607,"column":23},"end":{"line":607,"column":49}},{"start":{"line":607,"column":53},"end":{"line":607,"column":69}}],"line":607},"78":{"loc":{"start":{"line":608,"column":28},"end":{"line":608,"column":82}},"type":"binary-expr","locations":[{"start":{"line":608,"column":28},"end":{"line":608,"column":48}},{"start":{"line":608,"column":52},"end":{"line":608,"column":82}}],"line":608},"79":{"loc":{"start":{"line":609,"column":27},"end":{"line":609,"column":94}},"type":"binary-expr","locations":[{"start":{"line":609,"column":27},"end":{"line":609,"column":47}},{"start":{"line":609,"column":51},"end":{"line":609,"column":81}},{"start":{"line":609,"column":85},"end":{"line":609,"column":94}}],"line":609},"80":{"loc":{"start":{"line":610,"column":23},"end":{"line":610,"column":55}},"type":"binary-expr","locations":[{"start":{"line":610,"column":23},"end":{"line":610,"column":41}},{"start":{"line":610,"column":45},"end":{"line":610,"column":55}}],"line":610},"81":{"loc":{"start":{"line":615,"column":10},"end":{"line":621,"column":11}},"type":"if","locations":[{"start":{"line":615,"column":10},"end":{"line":621,"column":11}},{"start":{"line":619,"column":17},"end":{"line":621,"column":11}}],"line":615},"82":{"loc":{"start":{"line":615,"column":14},"end":{"line":615,"column":75}},"type":"binary-expr","locations":[{"start":{"line":615,"column":14},"end":{"line":615,"column":41}},{"start":{"line":615,"column":45},"end":{"line":615,"column":75}}],"line":615},"83":{"loc":{"start":{"line":625,"column":10},"end":{"line":627,"column":11}},"type":"if","locations":[{"start":{"line":625,"column":10},"end":{"line":627,"column":11}},{"start":{},"end":{}}],"line":625},"84":{"loc":{"start":{"line":634,"column":6},"end":{"line":636,"column":7}},"type":"if","locations":[{"start":{"line":634,"column":6},"end":{"line":636,"column":7}},{"start":{},"end":{}}],"line":634},"85":{"loc":{"start":{"line":642,"column":6},"end":{"line":648,"column":7}},"type":"if","locations":[{"start":{"line":642,"column":6},"end":{"line":648,"column":7}},{"start":{"line":646,"column":13},"end":{"line":648,"column":7}}],"line":642},"86":{"loc":{"start":{"line":642,"column":10},"end":{"line":642,"column":71}},"type":"binary-expr","locations":[{"start":{"line":642,"column":10},"end":{"line":642,"column":37}},{"start":{"line":642,"column":41},"end":{"line":642,"column":71}}],"line":642},"87":{"loc":{"start":{"line":658,"column":6},"end":{"line":660,"column":7}},"type":"if","locations":[{"start":{"line":658,"column":6},"end":{"line":660,"column":7}},{"start":{},"end":{}}],"line":658},"88":{"loc":{"start":{"line":690,"column":2},"end":{"line":692,"column":3}},"type":"if","locations":[{"start":{"line":690,"column":2},"end":{"line":692,"column":3}},{"start":{},"end":{}}],"line":690}},"s":{"0":3,"1":3,"2":3,"3":0,"4":0,"5":0,"6":0,"7":0,"8":0,"9":0,"10":0,"11":0,"12":0,"13":0,"14":0,"15":0,"16":0,"17":0,"18":0,"19":0,"20":0,"21":0,"22":0,"23":0,"24":0,"25":0,"26":0,"27":0,"28":0,"29":0,"30":0,"31":0,"32":0,"33":0,"34":0,"35":0,"36":0,"37":0,"38":0,"39":0,"40":0,"41":0,"42":0,"43":0,"44":0,"45":0,"46":0,"47":0,"48":0,"49":0,"50":0,"51":0,"52":0,"53":0,"54":0,"55":0,"56":0,"57":0,"58":0,"59":0,"60":0,"61":0,"62":0,"63":0,"64":0,"65":0,"66":0,"67":0,"68":0,"69":0,"70":0,"71":0,"72":0,"73":0,"74":0,"75":0,"76":0,"77":0,"78":0,"79":0,"80":0,"81":0,"82":0,"83":0,"84":0,"85":0,"86":0,"87":0,"88":0,"89":0,"90":0,"91":0,"92":0,"93":0,"94":0,"95":0,"96":0,"97":0,"98":0,"99":0,"100":0,"101":0,"102":0,"103":0,"104":0,"105":0,"106":0,"107":0,"108":0,"109":0,"110":0,"111":0,"112":0,"113":0,"114":0,"115":0,"116":0,"117":0,"118":0,"119":0,"120":0,"121":0,"122":0,"123":0,"124":0,"125":0,"126":0,"127":0,"128":0,"129":0,"130":0,"131":0,"132":0,"133":0,"134":0,"135":0,"136":0,"137":0,"138":0,"139":0,"140":0,"141":0,"142":0,"143":0,"144":0,"145":0,"146":0,"147":0,"148":0,"149":0,"150":0,"151":0,"152":0,"153":0,"154":0,"155":0,"156":0,"157":0,"158":0,"159":0,"160":0,"161":0,"162":0,"163":0,"164":0,"165":0,"166":0,"167":0,"168":0,"169":0,"170":0,"171":0,"172":0,"173":0,"174":0,"175":0,"176":0,"177":0,"178":0,"179":0,"180":0,"181":0,"182":0,"183":0,"184":0,"185":0,"186":0,"187":0,"188":0,"189":0,"190":0,"191":0,"192":0,"193":0,"194":0,"195":0,"196":0,"197":0,"198":0,"199":0,"200":0,"201":0,"202":0,"203":0,"204":0,"205":0,"206":0,"207":0,"208":0,"209":0,"210":0,"211":0,"212":0,"213":0,"214":0,"215":0,"216":0,"217":0,"218":0,"219":0,"220":0,"221":0,"222":0,"223":0,"224":0,"225":0,"226":0,"227":0,"228":0,"229":0,"230":0,"231":0,"232":0,"233":0,"234":0,"235":0,"236":0,"237":0,"238":0,"239":0,"240":0,"241":0,"242":0,"243":3,"244":0,"245":0,"246":0,"247":0},"f":{"0":0,"1":0,"2":0,"3":0,"4":0,"5":0,"6":0,"7":0,"8":0,"9":0,"10":0,"11":0,"12":0,"13":0,"14":0,"15":0,"16":0,"17":0,"18":0,"19":0,"20":0,"21":0,"22":0,"23":0,"24":0,"25":0,"26":0,"27":0,"28":0},"b":{"0":[0,0],"1":[0,0],"2":[0,0],"3":[0,0],"4":[0,0],"5":[0,0],"6":[0,0],"7":[0,0],"8":[0,0],"9":[0,0],"10":[0,0,0],"11":[0,0],"12":[0,0,0],"13":[0,0,0],"14":[0,0],"15":[0,0],"16":[0,0],"17":[0,0],"18":[0,0],"19":[0,0,0],"20":[0,0],"21":[0,0],"22":[0,0],"23":[0,0],"24":[0,0],"25":[0,0],"26":[0,0],"27":[0,0],"28":[0,0],"29":[0,0],"30":[0,0],"31":[0,0],"32":[0,0],"33":[0,0],"34":[0,0],"35":[0,0],"36":[0,0],"37":[0,0],"38":[0,0],"39":[0,0],"40":[0,0],"41":[0,0],"42":[0,0],"43":[0,0],"44":[0,0],"45":[0,0],"46":[0,0],"47":[0,0],"48":[0,0],"49":[0,0],"50":[0,0],"51":[0,0],"52":[0,0],"53":[0,0],"54":[0,0],"55":[0,0],"56":[0,0],"57":[0,0],"58":[0,0],"59":[0,0],"60":[0,0],"61":[0,0],"62":[0,0],"63":[0,0],"64":[0,0],"65":[0,0],"66":[0,0],"67":[0,0],"68":[0,0],"69":[0,0],"70":[0,0],"71":[0,0],"72":[0,0,0],"73":[0,0,0],"74":[0,0],"75":[0,0],"76":[0,0],"77":[0,0],"78":[0,0],"79":[0,0,0],"80":[0,0],"81":[0,0],"82":[0,0],"83":[0,0],"84":[0,0],"85":[0,0],"86":[0,0],"87":[0,0],"88":[0,0]},"_coverageSchema":"1a1c01bbd47fc00a2c39e90264f33305004495a9","hash":"65233b2a8837f3bb65a87e08772863fba6a47980"}
,"D:\\AlarmTR\\src\\context\\AlarmSettingsContext.tsx": {"path":"D:\\AlarmTR\\src\\context\\AlarmSettingsContext.tsx","statementMap":{"0":{"start":{"line":20,"column":20},"end":{"line":20,"column":39}},"1":{"start":{"line":21,"column":40},"end":{"line":24,"column":1}},"2":{"start":{"line":26,"column":36},"end":{"line":26,"column":52}},"3":{"start":{"line":28,"column":38},"end":{"line":28,"column":58}},"4":{"start":{"line":28,"column":44},"end":{"line":28,"column":58}},"5":{"start":{"line":37,"column":29},"end":{"line":37,"column":92}},"6":{"start":{"line":39,"column":37},"end":{"line":113,"column":1}},"7":{"start":{"line":40,"column":34},"end":{"line":40,"column":75}},"8":{"start":{"line":41,"column":32},"end":{"line":41,"column":46}},"9":{"start":{"line":43,"column":2},"end":{"line":73,"column":9}},"10":{"start":{"line":44,"column":18},"end":{"line":44,"column":22}},"11":{"start":{"line":45,"column":4},"end":{"line":69,"column":9}},"12":{"start":{"line":46,"column":6},"end":{"line":68,"column":7}},"13":{"start":{"line":47,"column":23},"end":{"line":47,"column":62}},"14":{"start":{"line":48,"column":8},"end":{"line":58,"column":9}},"15":{"start":{"line":49,"column":25},"end":{"line":49,"column":69}},"16":{"start":{"line":50,"column":23},"end":{"line":53,"column":35}},"17":{"start":{"line":54,"column":10},"end":{"line":54,"column":32}},"18":{"start":{"line":55,"column":10},"end":{"line":55,"column":28}},"19":{"start":{"line":57,"column":10},"end":{"line":57,"column":44}},"20":{"start":{"line":60,"column":8},"end":{"line":62,"column":9}},"21":{"start":{"line":61,"column":10},"end":{"line":61,"column":60}},"22":{"start":{"line":63,"column":8},"end":{"line":63,"column":42}},"23":{"start":{"line":65,"column":8},"end":{"line":67,"column":9}},"24":{"start":{"line":66,"column":10},"end":{"line":66,"column":28}},"25":{"start":{"line":70,"column":4},"end":{"line":72,"column":6}},"26":{"start":{"line":71,"column":6},"end":{"line":71,"column":22}},"27":{"start":{"line":75,"column":26},"end":{"line":85,"column":8}},"28":{"start":{"line":76,"column":4},"end":{"line":76,"column":26}},"29":{"start":{"line":77,"column":4},"end":{"line":77,"column":22}},"30":{"start":{"line":78,"column":4},"end":{"line":84,"column":5}},"31":{"start":{"line":79,"column":6},"end":{"line":79,"column":68}},"32":{"start":{"line":81,"column":6},"end":{"line":83,"column":7}},"33":{"start":{"line":82,"column":8},"end":{"line":82,"column":60}},"34":{"start":{"line":87,"column":25},"end":{"line":96,"column":3}},"35":{"start":{"line":89,"column":34},"end":{"line":92,"column":7}},"36":{"start":{"line":93,"column":6},"end":{"line":93,"column":34}},"37":{"start":{"line":98,"column":24},"end":{"line":100,"column":23}},"38":{"start":{"line":99,"column":4},"end":{"line":99,"column":44}},"39":{"start":{"line":102,"column":16},"end":{"line":110,"column":3}},"40":{"start":{"line":103,"column":11},"end":{"line":108,"column":5}},"41":{"start":{"line":112,"column":2},"end":{"line":112,"column":97}},"42":{"start":{"line":115,"column":32},"end":{"line":121,"column":1}},"43":{"start":{"line":116,"column":18},"end":{"line":116,"column":50}},"44":{"start":{"line":117,"column":2},"end":{"line":119,"column":3}},"45":{"start":{"line":118,"column":4},"end":{"line":118,"column":93}},"46":{"start":{"line":120,"column":2},"end":{"line":120,"column":17}}},"fnMap":{"0":{"name":"(anonymous_0)","decl":{"start":{"line":28,"column":38},"end":{"line":28,"column":39}},"loc":{"start":{"line":28,"column":44},"end":{"line":28,"column":58}},"line":28},"1":{"name":"(anonymous_1)","decl":{"start":{"line":39,"column":37},"end":{"line":39,"column":38}},"loc":{"start":{"line":39,"column":80},"end":{"line":113,"column":1}},"line":39},"2":{"name":"(anonymous_2)","decl":{"start":{"line":43,"column":12},"end":{"line":43,"column":13}},"loc":{"start":{"line":43,"column":18},"end":{"line":73,"column":3}},"line":43},"3":{"name":"(anonymous_3)","decl":{"start":{"line":45,"column":5},"end":{"line":45,"column":6}},"loc":{"start":{"line":45,"column":17},"end":{"line":69,"column":5}},"line":45},"4":{"name":"(anonymous_4)","decl":{"start":{"line":70,"column":11},"end":{"line":70,"column":12}},"loc":{"start":{"line":70,"column":17},"end":{"line":72,"column":5}},"line":70},"5":{"name":"(anonymous_5)","decl":{"start":{"line":75,"column":38},"end":{"line":75,"column":39}},"loc":{"start":{"line":75,"column":69},"end":{"line":85,"column":3}},"line":75},"6":{"name":"(anonymous_6)","decl":{"start":{"line":88,"column":4},"end":{"line":88,"column":5}},"loc":{"start":{"line":88,"column":47},"end":{"line":94,"column":5}},"line":88},"7":{"name":"(anonymous_7)","decl":{"start":{"line":98,"column":36},"end":{"line":98,"column":37}},"loc":{"start":{"line":98,"column":48},"end":{"line":100,"column":3}},"line":98},"8":{"name":"(anonymous_8)","decl":{"start":{"line":103,"column":4},"end":{"line":103,"column":5}},"loc":{"start":{"line":103,"column":11},"end":{"line":108,"column":5}},"line":103},"9":{"name":"(anonymous_9)","decl":{"start":{"line":115,"column":32},"end":{"line":115,"column":33}},"loc":{"start":{"line":115,"column":38},"end":{"line":121,"column":1}},"line":115}},"branchMap":{"0":{"loc":{"start":{"line":48,"column":8},"end":{"line":58,"column":9}},"type":"if","locations":[{"start":{"line":48,"column":8},"end":{"line":58,"column":9}},{"start":{"line":56,"column":15},"end":{"line":58,"column":9}}],"line":48},"1":{"loc":{"start":{"line":48,"column":12},"end":{"line":48,"column":29}},"type":"binary-expr","locations":[{"start":{"line":48,"column":12},"end":{"line":48,"column":18}},{"start":{"line":48,"column":22},"end":{"line":48,"column":29}}],"line":48},"2":{"loc":{"start":{"line":51,"column":26},"end":{"line":51,"column":78}},"type":"binary-expr","locations":[{"start":{"line":51,"column":26},"end":{"line":51,"column":45}},{"start":{"line":51,"column":49},"end":{"line":51,"column":78}}],"line":51},"3":{"loc":{"start":{"line":52,"column":30},"end":{"line":52,"column":90}},"type":"binary-expr","locations":[{"start":{"line":52,"column":30},"end":{"line":52,"column":53}},{"start":{"line":52,"column":57},"end":{"line":52,"column":90}}],"line":52},"4":{"loc":{"start":{"line":60,"column":8},"end":{"line":62,"column":9}},"type":"if","locations":[{"start":{"line":60,"column":8},"end":{"line":62,"column":9}},{"start":{},"end":{}}],"line":60},"5":{"loc":{"start":{"line":65,"column":8},"end":{"line":67,"column":9}},"type":"if","locations":[{"start":{"line":65,"column":8},"end":{"line":67,"column":9}},{"start":{},"end":{}}],"line":65},"6":{"loc":{"start":{"line":81,"column":6},"end":{"line":83,"column":7}},"type":"if","locations":[{"start":{"line":81,"column":6},"end":{"line":83,"column":7}},{"start":{},"end":{}}],"line":81},"7":{"loc":{"start":{"line":117,"column":2},"end":{"line":119,"column":3}},"type":"if","locations":[{"start":{"line":117,"column":2},"end":{"line":119,"column":3}},{"start":{},"end":{}}],"line":117}},"s":{"0":1,"1":1,"2":1,"3":1,"4":0,"5":1,"6":1,"7":0,"8":0,"9":0,"10":0,"11":0,"12":0,"13":0,"14":0,"15":0,"16":0,"17":0,"18":0,"19":0,"20":0,"21":0,"22":0,"23":0,"24":0,"25":0,"26":0,"27":0,"28":0,"29":0,"30":0,"31":0,"32":0,"33":0,"34":0,"35":0,"36":0,"37":0,"38":0,"39":0,"40":0,"41":0,"42":1,"43":0,"44":0,"45":0,"46":0},"f":{"0":0,"1":0,"2":0,"3":0,"4":0,"5":0,"6":0,"7":0,"8":0,"9":0},"b":{"0":[0,0],"1":[0,0],"2":[0,0],"3":[0,0],"4":[0,0],"5":[0,0],"6":[0,0],"7":[0,0]},"_coverageSchema":"1a1c01bbd47fc00a2c39e90264f33305004495a9","hash":"119e8a94153f17a77f730699c40c7b9aba2f91ed"}
,"D:\\AlarmTR\\src\\context\\AuthContext.tsx": {"path":"D:\\AlarmTR\\src\\context\\AuthContext.tsx","statementMap":{"0":{"start":{"line":32,"column":20},"end":{"line":32,"column":74}},"1":{"start":{"line":34,"column":28},"end":{"line":132,"column":1}},"2":{"start":{"line":35,"column":26},"end":{"line":35,"column":53}},"3":{"start":{"line":36,"column":42},"end":{"line":36,"column":56}},"4":{"start":{"line":37,"column":32},"end":{"line":37,"column":47}},"5":{"start":{"line":39,"column":2},"end":{"line":72,"column":9}},"6":{"start":{"line":41,"column":4},"end":{"line":60,"column":5}},"7":{"start":{"line":42,"column":6},"end":{"line":53,"column":9}},"8":{"start":{"line":43,"column":8},"end":{"line":52,"column":9}},"9":{"start":{"line":44,"column":10},"end":{"line":44,"column":28}},"10":{"start":{"line":45,"column":10},"end":{"line":45,"column":33}},"11":{"start":{"line":47,"column":10},"end":{"line":49,"column":11}},"12":{"start":{"line":48,"column":12},"end":{"line":48,"column":76}},"13":{"start":{"line":50,"column":10},"end":{"line":50,"column":63}},"14":{"start":{"line":51,"column":10},"end":{"line":51,"column":33}},"15":{"start":{"line":55,"column":6},"end":{"line":57,"column":7}},"16":{"start":{"line":56,"column":8},"end":{"line":56,"column":77}},"17":{"start":{"line":58,"column":6},"end":{"line":58,"column":60}},"18":{"start":{"line":59,"column":6},"end":{"line":59,"column":29}},"19":{"start":{"line":61,"column":4},"end":{"line":71,"column":6}},"20":{"start":{"line":62,"column":6},"end":{"line":70,"column":7}},"21":{"start":{"line":63,"column":8},"end":{"line":69,"column":9}},"22":{"start":{"line":64,"column":10},"end":{"line":64,"column":24}},"23":{"start":{"line":66,"column":10},"end":{"line":68,"column":11}},"24":{"start":{"line":67,"column":12},"end":{"line":67,"column":79}},"25":{"start":{"line":74,"column":16},"end":{"line":81,"column":3}},"26":{"start":{"line":75,"column":4},"end":{"line":75,"column":21}},"27":{"start":{"line":76,"column":4},"end":{"line":80,"column":5}},"28":{"start":{"line":77,"column":6},"end":{"line":77,"column":42}},"29":{"start":{"line":79,"column":6},"end":{"line":79,"column":24}},"30":{"start":{"line":83,"column":17},"end":{"line":90,"column":3}},"31":{"start":{"line":84,"column":4},"end":{"line":84,"column":21}},"32":{"start":{"line":85,"column":4},"end":{"line":89,"column":5}},"33":{"start":{"line":86,"column":6},"end":{"line":86,"column":28}},"34":{"start":{"line":88,"column":6},"end":{"line":88,"column":24}},"35":{"start":{"line":92,"column":17},"end":{"line":99,"column":3}},"36":{"start":{"line":93,"column":4},"end":{"line":93,"column":21}},"37":{"start":{"line":94,"column":4},"end":{"line":98,"column":5}},"38":{"start":{"line":95,"column":6},"end":{"line":95,"column":49}},"39":{"start":{"line":97,"column":6},"end":{"line":97,"column":24}},"40":{"start":{"line":101,"column":24},"end":{"line":103,"column":3}},"41":{"start":{"line":102,"column":4},"end":{"line":102,"column":35}},"42":{"start":{"line":105,"column":24},"end":{"line":115,"column":3}},"43":{"start":{"line":106,"column":4},"end":{"line":108,"column":5}},"44":{"start":{"line":107,"column":6},"end":{"line":107,"column":56}},"45":{"start":{"line":109,"column":4},"end":{"line":109,"column":21}},"46":{"start":{"line":110,"column":4},"end":{"line":114,"column":5}},"47":{"start":{"line":111,"column":6},"end":{"line":111,"column":61}},"48":{"start":{"line":113,"column":6},"end":{"line":113,"column":24}},"49":{"start":{"line":117,"column":16},"end":{"line":129,"column":3}},"50":{"start":{"line":118,"column":11},"end":{"line":127,"column":5}},"51":{"start":{"line":131,"column":2},"end":{"line":131,"column":79}},"52":{"start":{"line":134,"column":23},"end":{"line":140,"column":1}},"53":{"start":{"line":135,"column":18},"end":{"line":135,"column":41}},"54":{"start":{"line":136,"column":2},"end":{"line":138,"column":3}},"55":{"start":{"line":137,"column":4},"end":{"line":137,"column":73}},"56":{"start":{"line":139,"column":2},"end":{"line":139,"column":17}}},"fnMap":{"0":{"name":"(anonymous_0)","decl":{"start":{"line":34,"column":28},"end":{"line":34,"column":29}},"loc":{"start":{"line":34,"column":71},"end":{"line":132,"column":1}},"line":34},"1":{"name":"(anonymous_1)","decl":{"start":{"line":39,"column":12},"end":{"line":39,"column":13}},"loc":{"start":{"line":39,"column":18},"end":{"line":72,"column":3}},"line":39},"2":{"name":"(anonymous_2)","decl":{"start":{"line":42,"column":39},"end":{"line":42,"column":40}},"loc":{"start":{"line":42,"column":53},"end":{"line":53,"column":7}},"line":42},"3":{"name":"(anonymous_3)","decl":{"start":{"line":61,"column":11},"end":{"line":61,"column":12}},"loc":{"start":{"line":61,"column":17},"end":{"line":71,"column":5}},"line":61},"4":{"name":"(anonymous_4)","decl":{"start":{"line":74,"column":16},"end":{"line":74,"column":17}},"loc":{"start":{"line":74,"column":59},"end":{"line":81,"column":3}},"line":74},"5":{"name":"(anonymous_5)","decl":{"start":{"line":83,"column":17},"end":{"line":83,"column":18}},"loc":{"start":{"line":83,"column":29},"end":{"line":90,"column":3}},"line":83},"6":{"name":"(anonymous_6)","decl":{"start":{"line":92,"column":17},"end":{"line":92,"column":18}},"loc":{"start":{"line":92,"column":74},"end":{"line":99,"column":3}},"line":92},"7":{"name":"(anonymous_7)","decl":{"start":{"line":101,"column":24},"end":{"line":101,"column":25}},"loc":{"start":{"line":101,"column":49},"end":{"line":103,"column":3}},"line":101},"8":{"name":"(anonymous_8)","decl":{"start":{"line":105,"column":24},"end":{"line":105,"column":25}},"loc":{"start":{"line":105,"column":52},"end":{"line":115,"column":3}},"line":105},"9":{"name":"(anonymous_9)","decl":{"start":{"line":118,"column":4},"end":{"line":118,"column":5}},"loc":{"start":{"line":118,"column":11},"end":{"line":127,"column":5}},"line":118},"10":{"name":"(anonymous_10)","decl":{"start":{"line":134,"column":23},"end":{"line":134,"column":24}},"loc":{"start":{"line":134,"column":29},"end":{"line":140,"column":1}},"line":134}},"branchMap":{"0":{"loc":{"start":{"line":47,"column":10},"end":{"line":49,"column":11}},"type":"if","locations":[{"start":{"line":47,"column":10},"end":{"line":49,"column":11}},{"start":{},"end":{}}],"line":47},"1":{"loc":{"start":{"line":55,"column":6},"end":{"line":57,"column":7}},"type":"if","locations":[{"start":{"line":55,"column":6},"end":{"line":57,"column":7}},{"start":{},"end":{}}],"line":55},"2":{"loc":{"start":{"line":62,"column":6},"end":{"line":70,"column":7}},"type":"if","locations":[{"start":{"line":62,"column":6},"end":{"line":70,"column":7}},{"start":{},"end":{}}],"line":62},"3":{"loc":{"start":{"line":66,"column":10},"end":{"line":68,"column":11}},"type":"if","locations":[{"start":{"line":66,"column":10},"end":{"line":68,"column":11}},{"start":{},"end":{}}],"line":66},"4":{"loc":{"start":{"line":106,"column":4},"end":{"line":108,"column":5}},"type":"if","locations":[{"start":{"line":106,"column":4},"end":{"line":108,"column":5}},{"start":{},"end":{}}],"line":106},"5":{"loc":{"start":{"line":136,"column":2},"end":{"line":138,"column":3}},"type":"if","locations":[{"start":{"line":136,"column":2},"end":{"line":138,"column":3}},{"start":{},"end":{}}],"line":136}},"s":{"0":3,"1":3,"2":0,"3":0,"4":0,"5":0,"6":0,"7":0,"8":0,"9":0,"10":0,"11":0,"12":0,"13":0,"14":0,"15":0,"16":0,"17":0,"18":0,"19":0,"20":0,"21":0,"22":0,"23":0,"24":0,"25":0,"26":0,"27":0,"28":0,"29":0,"30":0,"31":0,"32":0,"33":0,"34":0,"35":0,"36":0,"37":0,"38":0,"39":0,"40":0,"41":0,"42":0,"43":0,"44":0,"45":0,"46":0,"47":0,"48":0,"49":0,"50":0,"51":0,"52":3,"53":0,"54":0,"55":0,"56":0},"f":{"0":0,"1":0,"2":0,"3":0,"4":0,"5":0,"6":0,"7":0,"8":0,"9":0,"10":0},"b":{"0":[0,0],"1":[0,0],"2":[0,0],"3":[0,0],"4":[0,0],"5":[0,0]},"_coverageSchema":"1a1c01bbd47fc00a2c39e90264f33305004495a9","hash":"f70d6c973d4d41fdb6485aa0f260ec5b9834fb8f"}
,"D:\\AlarmTR\\src\\context\\NetworkContext.tsx": {"path":"D:\\AlarmTR\\src\\context\\NetworkContext.tsx","statementMap":{"0":{"start":{"line":10,"column":42},"end":{"line":14,"column":1}},"1":{"start":{"line":16,"column":23},"end":{"line":16,"column":71}},"2":{"start":{"line":18,"column":31},"end":{"line":135,"column":1}},"3":{"start":{"line":19,"column":28},"end":{"line":19,"column":71}},"4":{"start":{"line":21,"column":2},"end":{"line":132,"column":9}},"5":{"start":{"line":22,"column":43},"end":{"line":22,"column":47}},"6":{"start":{"line":23,"column":55},"end":{"line":23,"column":59}},"7":{"start":{"line":26,"column":30},"end":{"line":44,"column":5}},"8":{"start":{"line":27,"column":6},"end":{"line":43,"column":7}},"9":{"start":{"line":28,"column":25},"end":{"line":28,"column":46}},"10":{"start":{"line":29,"column":28},"end":{"line":29,"column":56}},"11":{"start":{"line":30,"column":36},"end":{"line":30,"column":72}},"12":{"start":{"line":33,"column":8},"end":{"line":38,"column":11}},"13":{"start":{"line":40,"column":8},"end":{"line":42,"column":9}},"14":{"start":{"line":41,"column":10},"end":{"line":41,"column":88}},"15":{"start":{"line":47,"column":31},"end":{"line":82,"column":5}},"16":{"start":{"line":48,"column":6},"end":{"line":81,"column":16}},"17":{"start":{"line":49,"column":8},"end":{"line":80,"column":9}},"18":{"start":{"line":50,"column":27},"end":{"line":50,"column":48}},"19":{"start":{"line":51,"column":30},"end":{"line":51,"column":58}},"20":{"start":{"line":52,"column":38},"end":{"line":52,"column":74}},"21":{"start":{"line":53,"column":10},"end":{"line":75,"column":13}},"22":{"start":{"line":54,"column":32},"end":{"line":54,"column":87}},"23":{"start":{"line":56,"column":12},"end":{"line":73,"column":13}},"24":{"start":{"line":61,"column":14},"end":{"line":67,"column":15}},"25":{"start":{"line":62,"column":16},"end":{"line":66,"column":19}},"26":{"start":{"line":68,"column":14},"end":{"line":72,"column":16}},"27":{"start":{"line":74,"column":12},"end":{"line":74,"column":29}},"28":{"start":{"line":77,"column":10},"end":{"line":79,"column":11}},"29":{"start":{"line":78,"column":12},"end":{"line":78,"column":82}},"30":{"start":{"line":84,"column":4},"end":{"line":84,"column":24}},"31":{"start":{"line":85,"column":4},"end":{"line":85,"column":25}},"32":{"start":{"line":87,"column":4},"end":{"line":117,"column":5}},"33":{"start":{"line":88,"column":6},"end":{"line":112,"column":9}},"34":{"start":{"line":89,"column":8},"end":{"line":111,"column":9}},"35":{"start":{"line":90,"column":30},"end":{"line":90,"column":58}},"36":{"start":{"line":91,"column":38},"end":{"line":91,"column":74}},"37":{"start":{"line":94,"column":10},"end":{"line":98,"column":13}},"38":{"start":{"line":100,"column":10},"end":{"line":106,"column":11}},"39":{"start":{"line":101,"column":12},"end":{"line":105,"column":15}},"40":{"start":{"line":108,"column":10},"end":{"line":110,"column":11}},"41":{"start":{"line":109,"column":12},"end":{"line":109,"column":84}},"42":{"start":{"line":114,"column":6},"end":{"line":116,"column":7}},"43":{"start":{"line":115,"column":8},"end":{"line":115,"column":82}},"44":{"start":{"line":118,"column":4},"end":{"line":131,"column":6}},"45":{"start":{"line":119,"column":6},"end":{"line":127,"column":7}},"46":{"start":{"line":120,"column":8},"end":{"line":126,"column":9}},"47":{"start":{"line":121,"column":10},"end":{"line":121,"column":24}},"48":{"start":{"line":123,"column":10},"end":{"line":125,"column":11}},"49":{"start":{"line":124,"column":12},"end":{"line":124,"column":84}},"50":{"start":{"line":128,"column":6},"end":{"line":130,"column":7}},"51":{"start":{"line":129,"column":8},"end":{"line":129,"column":45}},"52":{"start":{"line":134,"column":2},"end":{"line":134,"column":85}},"53":{"start":{"line":137,"column":26},"end":{"line":137,"column":58}},"54":{"start":{"line":137,"column":32},"end":{"line":137,"column":58}}},"fnMap":{"0":{"name":"(anonymous_0)","decl":{"start":{"line":18,"column":31},"end":{"line":18,"column":32}},"loc":{"start":{"line":18,"column":74},"end":{"line":135,"column":1}},"line":18},"1":{"name":"(anonymous_1)","decl":{"start":{"line":21,"column":12},"end":{"line":21,"column":13}},"loc":{"start":{"line":21,"column":18},"end":{"line":132,"column":3}},"line":21},"2":{"name":"(anonymous_2)","decl":{"start":{"line":26,"column":30},"end":{"line":26,"column":31}},"loc":{"start":{"line":26,"column":42},"end":{"line":44,"column":5}},"line":26},"3":{"name":"(anonymous_3)","decl":{"start":{"line":47,"column":31},"end":{"line":47,"column":32}},"loc":{"start":{"line":47,"column":37},"end":{"line":82,"column":5}},"line":47},"4":{"name":"(anonymous_4)","decl":{"start":{"line":48,"column":42},"end":{"line":48,"column":43}},"loc":{"start":{"line":48,"column":54},"end":{"line":81,"column":7}},"line":48},"5":{"name":"(anonymous_5)","decl":{"start":{"line":53,"column":19},"end":{"line":53,"column":20}},"loc":{"start":{"line":53,"column":34},"end":{"line":75,"column":11}},"line":53},"6":{"name":"(anonymous_6)","decl":{"start":{"line":88,"column":45},"end":{"line":88,"column":46}},"loc":{"start":{"line":88,"column":73},"end":{"line":112,"column":7}},"line":88},"7":{"name":"(anonymous_7)","decl":{"start":{"line":118,"column":11},"end":{"line":118,"column":12}},"loc":{"start":{"line":118,"column":17},"end":{"line":131,"column":5}},"line":118},"8":{"name":"(anonymous_8)","decl":{"start":{"line":137,"column":26},"end":{"line":137,"column":27}},"loc":{"start":{"line":137,"column":32},"end":{"line":137,"column":58}},"line":137}},"branchMap":{"0":{"loc":{"start":{"line":29,"column":28},"end":{"line":29,"column":56}},"type":"binary-expr","locations":[{"start":{"line":29,"column":28},"end":{"line":29,"column":48}},{"start":{"line":29,"column":52},"end":{"line":29,"column":56}}],"line":29},"1":{"loc":{"start":{"line":30,"column":36},"end":{"line":30,"column":72}},"type":"binary-expr","locations":[{"start":{"line":30,"column":36},"end":{"line":30,"column":64}},{"start":{"line":30,"column":68},"end":{"line":30,"column":72}}],"line":30},"2":{"loc":{"start":{"line":37,"column":28},"end":{"line":37,"column":74}},"type":"binary-expr","locations":[{"start":{"line":37,"column":28},"end":{"line":37,"column":39}},{"start":{"line":37,"column":44},"end":{"line":37,"column":73}}],"line":37},"3":{"loc":{"start":{"line":40,"column":8},"end":{"line":42,"column":9}},"type":"if","locations":[{"start":{"line":40,"column":8},"end":{"line":42,"column":9}},{"start":{},"end":{}}],"line":40},"4":{"loc":{"start":{"line":51,"column":30},"end":{"line":51,"column":58}},"type":"binary-expr","locations":[{"start":{"line":51,"column":30},"end":{"line":51,"column":50}},{"start":{"line":51,"column":54},"end":{"line":51,"column":58}}],"line":51},"5":{"loc":{"start":{"line":52,"column":38},"end":{"line":52,"column":74}},"type":"binary-expr","locations":[{"start":{"line":52,"column":38},"end":{"line":52,"column":66}},{"start":{"line":52,"column":70},"end":{"line":52,"column":74}}],"line":52},"6":{"loc":{"start":{"line":54,"column":40},"end":{"line":54,"column":86}},"type":"binary-expr","locations":[{"start":{"line":54,"column":40},"end":{"line":54,"column":51}},{"start":{"line":54,"column":56},"end":{"line":54,"column":85}}],"line":54},"7":{"loc":{"start":{"line":56,"column":12},"end":{"line":73,"column":13}},"type":"if","locations":[{"start":{"line":56,"column":12},"end":{"line":73,"column":13}},{"start":{},"end":{}}],"line":56},"8":{"loc":{"start":{"line":57,"column":14},"end":{"line":59,"column":48}},"type":"binary-expr","locations":[{"start":{"line":57,"column":14},"end":{"line":57,"column":51}},{"start":{"line":58,"column":14},"end":{"line":58,"column":67}},{"start":{"line":59,"column":14},"end":{"line":59,"column":48}}],"line":57},"9":{"loc":{"start":{"line":61,"column":14},"end":{"line":67,"column":15}},"type":"if","locations":[{"start":{"line":61,"column":14},"end":{"line":67,"column":15}},{"start":{},"end":{}}],"line":61},"10":{"loc":{"start":{"line":77,"column":10},"end":{"line":79,"column":11}},"type":"if","locations":[{"start":{"line":77,"column":10},"end":{"line":79,"column":11}},{"start":{},"end":{}}],"line":77},"11":{"loc":{"start":{"line":90,"column":30},"end":{"line":90,"column":58}},"type":"binary-expr","locations":[{"start":{"line":90,"column":30},"end":{"line":90,"column":50}},{"start":{"line":90,"column":54},"end":{"line":90,"column":58}}],"line":90},"12":{"loc":{"start":{"line":91,"column":38},"end":{"line":91,"column":74}},"type":"binary-expr","locations":[{"start":{"line":91,"column":38},"end":{"line":91,"column":66}},{"start":{"line":91,"column":70},"end":{"line":91,"column":74}}],"line":91},"13":{"loc":{"start":{"line":97,"column":30},"end":{"l
[...]
,"90":0,"91":0,"92":0,"93":0,"94":0,"95":0,"96":0,"97":0,"98":0,"99":0,"100":0,"101":0,"102":0,"103":0,"104":0,"105":0,"106":0,"107":0,"108":0,"109":0,"110":0,"111":0,"112":0,"113":0,"114":0,"115":0,"116":0,"117":0,"118":0,"119":0,"120":0,"121":0,"122":0,"123":0,"124":0,"125":0,"126":0,"127":0,"128":0,"129":0,"130":0,"131":0,"132":0,"133":0,"134":0,"135":0,"136":0,"137":0,"138":0,"139":0,"140":1,"141":0,"142":0,"143":0,"144":0,"145":0,"146":0,"147":0,"148":0,"149":0,"150":0,"151":0,"152":0,"153":0,"154":0,"155":0,"156":0,"157":0,"158":0,"159":0,"160":0,"161":0,"162":0,"163":0,"164":0,"165":0,"166":0,"167":0,"168":0,"169":0,"170":0,"171":0,"172":0,"173":0,"174":0,"175":0,"176":0,"177":0,"178":0,"179":0,"180":0,"181":0,"182":0,"183":0,"184":0,"185":0,"186":0,"187":0,"188":0,"189":0,"190":0,"191":0,"192":0,"193":0,"194":0,"195":0,"196":0,"197":0,"198":0,"199":0,"200":0,"201":0,"202":0,"203":0,"204":0,"205":0,"206":0,"207":0,"208":0,"209":0,"210":0,"211":0,"212":0,"213":0,"214":0,"215":0,"216":0,"217":0,"218":0,"219":0,"220":0,"221":0,"222":0,"223":0,"224":0,"225":0,"226":0,"227":0,"228":0,"229":0,"230":0,"231":0,"232":0,"233":0,"234":0,"235":0,"236":0,"237":0,"238":0,"239":0,"240":0,"241":0,"242":0,"243":0,"244":0,"245":0,"246":0,"247":0,"248":0,"249":0,"250":0,"251":1,"252":1,"253":1,"254":1,"255":1,"256":1,"257":0,"258":0,"259":0,"260":0,"261":0,"262":0,"263":0,"264":0,"265":0,"266":0,"267":0,"268":0,"269":0,"270":0,"271":0,"272":0,"273":0,"274":0,"275":0,"276":0,"277":0,"278":0,"279":0,"280":0,"281":0,"282":0,"283":0,"284":0,"285":0,"286":0,"287":0,"288":0,"289":0,"290":0,"291":0,"292":0,"293":0,"294":0,"295":0,"296":0,"297":0,"298":0,"299":0,"300":0,"301":0,"302":0,"303":0,"304":0,"305":0,"306":0,"307":0,"308":0,"309":0,"310":0,"311":0,"312":0,"313":0,"314":0,"315":0,"316":0,"317":0,"318":0,"319":0,"320":0,"321":0,"322":0,"323":0,"324":0,"325":0,"326":0,"327":0,"328":0,"329":0,"330":0,"331":0,"332":0,"333":0,"334":0,"335":0,"336":0,"337":0,"338":0,"339":0,"340":0,"341":0,"342":0,"343":0,"344":0,"345":0,"346":0,"347":0,"348":0,"349":0,"350":0,"351":0,"352":0,"353":0,"354":0,"355":0,"356":0,"357":0,"358":0,"359":0,"360":0,"361":0,"362":0,"363":0,"364":0,"365":0,"366":0,"367":0,"368":0,"369":0,"370":0,"371":0,"372":0,"373":0,"374":0,"375":0,"376":0,"377":0,"378":0,"379":0,"380":0,"381":0,"382":0,"383":0,"384":0,"385":0,"386":0,"387":0,"388":0,"389":0,"390":0,"391":0,"392":0,"393":0,"394":0,"395":0,"396":0,"397":0,"398":0,"399":0,"400":0,"401":0,"402":0,"403":0,"404":0,"405":0,"406":0,"407":0,"408":0,"409":0,"410":0,"411":0,"412":0,"413":0,"414":0,"415":0,"416":0,"417":0,"418":0,"419":0,"420":0,"421":0,"422":0,"423":0,"424":0,"425":0,"426":0,"427":0,"428":0,"429":0,"430":0,"431":0,"432":0,"433":0,"434":0,"435":0,"436":0,"437":0,"438":0,"439":0,"440":0,"441":0,"442":0,"443":0,"444":0,"445":0,"446":0,"447":0,"448":0,"449":0,"450":0,"451":0,"452":0,"453":0,"454":0,"455":0,"456":0,"457":0,"458":0,"459":0,"460":0,"461":0,"462":0,"463":0,"464":0,"465":0,"466":0,"467":0,"468":0,"469":0,"470":0,"471":0,"472":0,"473":0,"474":0,"475":0,"476":0,"477":0,"478":0,"479":0,"480":0,"481":0,"482":0,"483":0,"484":0,"485":0,"486":0,"487":0,"488":0,"489":0,"490":0,"491":0,"492":0,"493":0,"494":0,"495":0,"496":0,"497":0,"498":0,"499":0,"500":0,"501":0,"502":0,"503":0,"504":0,"505":0,"506":0,"507":0,"508":0,"509":0,"510":0,"511":0,"512":0,"513":0,"514":0,"515":0,"516":0,"517":0,"518":0,"519":0,"520":0,"521":0,"522":0,"523":0,"524":0,"525":0,"526":0,"527":0,"528":0,"529":0,"530":0,"531":0,"532":0,"533":0,"534":0,"535":0,"536":0,"537":0,"538":0,"539":0,"540":0,"541":0,"542":0,"543":0,"544":0,"545":0,"546":0,"547":0,"548":0,"549":0,"550":0,"551":0,"552":0,"553":0,"554":0,"555":0,"556":0,"557":0,"558":0,"559":0,"560":0,"561":0,"562":0,"563":0,"564":0,"565":0,"566":0,"567":0,"568":0,"569":0,"570":0,"571":0,"572":0,"573":0,"574":0,"575":0,"576":0,"577":0,"578":0,"579":0,"580":0,"581":0,"582":0,"583":0,"584":0,"585":0,"586":0,"587":0,"588":0,"589":0,"590":0,"591":0,"592":0,"593":0,"594":0,"595":0,"596":0,"597":0,"598":0,"599":0,"600":0,"601":0,"602":0,"603":0,"604":0,"605":0,"606":0,"607":0,"608":0,"609":0,"610":0,"611":0,"612":0,"613":0,"614":0,"615":0,"616":0,"617":0,"618":0,"619":0,"620":0,"621":0,"622":0,"623":0,"624":0,"625":0,"626":0,"627":0,"628":0,"629":0,"630":0,"631":0,"632":0,"633":0,"634":0,"635":0,"636":0,"637":0,"638":0,"639":0,"640":0,"641":0,"642":0,"643":0,"644":0,"645":0,"646":0,"647":0,"648":0,"649":0,"650":0,"651":0,"652":0,"653":0,"654":0,"655":0,"656":0,"657":0,"658":0,"659":0,"660":0,"661":0,"662":0,"663":0,"664":0,"665":0,"666":0,"667":0,"668":0,"669":0,"670":0,"671":0,"672":0,"673":0,"674":0,"675":0,"676":0,"677":0,"678":0,"679":0,"680":0,"681":0,"682":0,"683":0,"684":0,"685":0,"686":0,"687":0,"688":0,"689":0},"f":{"0":0,"1":0,"2":0,"3":0,"4":0,"5":0,"6":0,"7":0,"8":0,"9":0,"10":0,"11":0,"12":0,"13":0,"14":0,"15":0,"16":0,"17":0,"18":0,"19":0,"20":0,"21":0,"22":0,"23":0,"24":0,"25":0,"26":0,"27":0,"28":0,"29":0,"30":0,"31":0,"32":0,"33":0,"34":0,"35":0,"36":0,"37":0,"38":0,"39":0,"40":0,"41":0,"42":0,"43":0,"44":0,"45":0,"46":0,"47":0,"48":0,"49":0,"50":0,"51":0,"52":0,"53":0,"54":0,"55":0,"56":0,"57":0,"58":0,"59":0,"60":0,"61":0,"62":0,"63":0,"64":0,"65":0,"66":0,"67":0,"68":0,"69":0,"70":0,"71":0,"72":0,"73":0,"74":0,"75":0,"76":0,"77":0,"78":0},"b":{"0":[1,1],"1":[1,0],"2":[1,0],"3":[1,0],"4":[1,0],"5":[1,0],"6":[1,0],"7":[1,0],"8":[1,0],"9":[0],"10":[0,0],"11":[0,0],"12":[0,0],"13":[0,0],"14":[0,0],"15":[0,0,0,0,0],"16":[0,0],"17":[0,0],"18":[0,0],"19":[0,0],"20":[0,0],"21":[0,0],"22":[0,0],"23":[0,0,0],"24":[0,0],"25":[0,0],"26":[0,0,0],"27":[0,0],"28":[0],"29":[0,0],"30":[0,0],"31":[0,0],"32":[0,0],"33":[0,0],"34":[0,0],"35":[0,0],"36":[0,0,0],"37":[0,0],"38":[0,0],"39":[0,0],"40":[0,0],"41":[0,0],"42":[0,0],"43":[0,0],"44":[0,0],"45":[0,0],"46":[0,0],"47":[0,0],"48":[0,0],"49":[0,0],"50":[0,0],"51":[0,0],"52":[0],"53":[0,0],"54":[0,0],"55":[0,0],"56":[0,0],"57":[0,0],"58":[0,0],"59":[0,0],"60":[0,0],"61":[0,0],"62":[0,0],"63":[0,0],"64":[0,0],"65":[0,0],"66":[0,0],"67":[0,0],"68":[0,0],"69":[0,0],"70":[0,0],"71":[0,0],"72":[0,0],"73":[0,0],"74":[0,0],"75":[0,0],"76":[0,0],"77":[0,0],"78":[0,0],"79":[0,0],"80":[0,0],"81":[0,0],"82":[0,0],"83":[0,0],"84":[0,0],"85":[0,0],"86":[0,0],"87":[0,0],"88":[0,0],"89":[0,0],"90":[0,0],"91":[0,0],"92":[0,0],"93":[0,0,0],"94":[0,0],"95":[0,0,0],"96":[0,0],"97":[0,0,0,0],"98":[0,0],"99":[0,0,0],"100":[0,0],"101":[0,0],"102":[0,0],"103":[0,0],"104":[0,0],"105":[0],"106":[0,0],"107":[0,0],"108":[0,0],"109":[0,0],"110":[0,0],"111":[0,0],"112":[0,0],"113":[0,0],"114":[0,0],"115":[0,0],"116":[0,0],"117":[0,0],"118":[0,0],"119":[0,0],"120":[0,0],"121":[0,0],"122":[0,0],"123":[0,0],"124":[0,0],"125":[0,0,0],"126":[0,0],"127":[0,0],"128":[0,0],"129":[0,0],"130":[0,0],"131":[0],"132":[0,0],"133":[0,0],"134":[0,0],"135":[0,0],"136":[0,0],"137":[0,0],"138":[0,0],"139":[0,0],"140":[0,0],"141":[0,0],"142":[0,0],"143":[0,0],"144":[0,0],"145":[0,0],"146":[0,0],"147":[0,0],"148":[0,0],"149":[0,0],"150":[0,0],"151":[0,0],"152":[0,0],"153":[0,0],"154":[0,0],"155":[0,0],"156":[0,0],"157":[0,0],"158":[0,0],"159":[0,0],"160":[0,0],"161":[0,0],"162":[0,0],"163":[0,0,0,0],"164":[0,0],"165":[0,0],"166":[0,0],"167":[0,0],"168":[0,0],"169":[0,0],"170":[0,0],"171":[0,0],"172":[0,0],"173":[0,0,0],"174":[0,0],"175":[0,0],"176":[0,0],"177":[0,0],"178":[0,0],"179":[0,0],"180":[0,0],"181":[0,0],"182":[0,0],"183":[0,0],"184":[0,0],"185":[0,0],"186":[0,0],"187":[0,0],"188":[0,0],"189":[0,0],"190":[0,0],"191":[0,0],"192":[0,0],"193":[0,0],"194":[0,0],"195":[0,0],"196":[0,0],"197":[0,0],"198":[0,0],"199":[0,0],"200":[0,0],"201":[0,0],"202":[0,0],"203":[0,0],"204":[0,0],"205":[0,0],"206":[0,0],"207":[0,0],"208":[0,0],"209":[0,0],"210":[0,0],"211":[0,0],"212":[0,0],"213":[0,0],"214":[0,0],"215":[0,0],"216":[0,0],"217":[0,0],"218":[0,0],"219":[0,0],"220":[0,0],"221":[0,0],"222":[0,0],"223":[0,0],"224":[0,0],"225":[0,0],"226":[0,0],"227":[0,0],"228":[0,0],"229":[0,0,0],"230":[0,0],"231":[0,0],"232":[0,0],"233":[0,0],"234":[0,0],"235":[0,0],"236":[0,0,0],"237":[0,0],"238":[0,0],"239":[0,0],"240":[0,0],"241":[0,0],"242":[0,0],"243":[0,0],"244":[0,0],"245":[0,0],"246":[0,0],"247":[0,0],"248":[0,0],"249":[0,0],"250":[0,0],"251":[0,0],"252":[0,0],"253":[0,0],"254":[0,0],"255":[0,0],"256":[0,0],"257":[0,0],"258":[0,0],"259":[0,0],"260":[0,0],"261":[0,0],"262":[0,0],"263":[0],"264":[0,0],"265":[0,0],"266":[0,0],"267":[0,0],"268":[0,0],"269":[0,0],"270":[0,0],"271":[0,0],"272":[0,0],"273":[0,0],"274":[0,0],"275":[0,0],"276":[0,0],"277":[0,0],"278":[0,0],"279":[0,0]},"_coverageSchema":"1a1c01bbd47fc00a2c39e90264f33305004495a9","hash":"5d95577f3fddc2c215a49ec5a5831be737bbb5b8"}
,"D:\\AlarmTR\\transit-api\\src\\config\\env.ts": {"path":"D:\\AlarmTR\\transit-api\\src\\config\\env.ts","statementMap":{"0":{"start":{"line":4,"column":0},"end":{"line":4,"column":16}},"1":{"start":{"line":12,"column":2},"end":{"line":12,"column":75}},"2":{"start":{"line":14,"column":38},"end":{"line":14,"column":72}},"3":{"start":{"line":15,"column":37},"end":{"line":15,"column":70}},"4":{"start":{"line":16,"column":37},"end":{"line":16,"column":70}},"5":{"start":{"line":17,"column":42},"end":{"line":17,"column":80}},"6":{"start":{"line":20,"column":0},"end":{"line":24,"column":1}},"7":{"start":{"line":21,"column":2},"end":{"line":23,"column":3}},"8":{"start":{"line":22,"column":4},"end":{"line":22,"column":96}},"9":{"start":{"line":26,"column":0},"end":{"line":30,"column":1}},"10":{"start":{"line":27,"column":2},"end":{"line":29,"column":3}},"11":{"start":{"line":28,"column":4},"end":{"line":28,"column":94}},"12":{"start":{"line":32,"column":0},"end":{"line":36,"column":1}},"13":{"start":{"line":33,"column":2},"end":{"line":35,"column":3}},"14":{"start":{"line":34,"column":4},"end":{"line":34,"column":94}},"15":{"start":{"line":38,"column":0},"end":{"line":42,"column":1}},"16":{"start":{"line":39,"column":2},"end":{"line":41,"column":3}},"17":{"start":{"line":40,"column":4},"end":{"line":40,"column":105}},"18":{"start":{"line":48,"column":26},"end":{"line":55,"column":1}},"19":{"start":{"line":57,"column":0},"end":{"line":63,"column":1}},"20":{"start":{"line":58,"column":2},"end":{"line":62,"column":3}},"21":{"start":{"line":59,"column":4},"end":{"line":61,"column":4}}},"fnMap":{},"branchMap":{"0":{"loc":{"start":{"line":12,"column":2},"end":{"line":12,"column":75}},"type":"binary-expr","locations":[{"start":{"line":12,"column":2},"end":{"line":12,"column":31}},{"start":{"line":12,"column":35},"end":{"line":12,"column":75}}],"line":12},"1":{"loc":{"start":{"line":20,"column":0},"end":{"line":24,"column":1}},"type":"if","locations":[{"start":{"line":20,"column":0},"end":{"line":24,"column":1}},{"start":{},"end":{}}],"line":20},"2":{"loc":{"start":{"line":21,"column":2},"end":{"line":23,"column":3}},"type":"if","locations":[{"start":{"line":21,"column":2},"end":{"line":23,"column":3}},{"start":{},"end":{}}],"line":21},"3":{"loc":{"start":{"line":26,"column":0},"end":{"line":30,"column":1}},"type":"if","locations":[{"start":{"line":26,"column":0},"end":{"line":30,"column":1}},{"start":{},"end":{}}],"line":26},"4":{"loc":{"start":{"line":27,"column":2},"end":{"line":29,"column":3}},"type":"if","locations":[{"start":{"line":27,"column":2},"end":{"line":29,"column":3}},{"start":{},"end":{}}],"line":27},"5":{"loc":{"start":{"line":32,"column":0},"end":{"line":36,"column":1}},"type":"if","locations":[{"start":{"line":32,"column":0},"end":{"line":36,"column":1}},{"start":{},"end":{}}],"line":32},"6":{"loc":{"start":{"line":33,"column":2},"end":{"line":35,"column":3}},"type":"if","locations":[{"start":{"line":33,"column":2},"end":{"line":35,"column":3}},{"start":{},"end":{}}],"line":33},"7":{"loc":{"start":{"line":38,"column":0},"end":{"line":42,"column":1}},"type":"if","locations":[{"start":{"line":38,"column":0},"end":{"line":42,"column":1}},{"start":{},"end":{}}],"line":38},"8":{"loc":{"start":{"line":39,"column":2},"end":{"line":41,"column":3}},"type":"if","locations":[{"start":{"line":39,"column":2},"end":{"line":41,"column":3}},{"start":{},"end":{}}],"line":39},"9":{"loc":{"start":{"line":49,"column":11},"end":{"line":49,"column":69}},"type":"binary-expr","locations":[{"start":{"line":49,"column":11},"end":{"line":49,"column":36}},{"start":{"line":49,"column":40},"end":{"line":49,"column":69}}],"line":49},"10":{"loc":{"start":{"line":51,"column":5},"end":{"line":51,"column":63}},"type":"binary-expr","locations":[{"start":{"line":51,"column":5},"end":{"line":51,"column":30}},{"start":{"line":51,"column":34},"end":{"line":51,"column":63}}],"line":51},"11":{"loc":{"start":{"line":54,"column":5},"end":{"line":54,"column":63}},"type":"binary-expr","locations":[{"start":{"line":54,"column":5},"end":{"line":54,"column":30}},{"start":{"line":54,"column":34},"end":{"line":54,"column":63}}],"line":54},"12":{"loc":{"start":{"line":57,"column":0},"end":{"line":63,"column":1}},"type":"if","locations":[{"start":{"line":57,"column":0},"end":{"line":63,"column":1}},{"start":{},"end":{}}],"line":57},"13":{"loc":{"start":{"line":58,"column":2},"end":{"line":62,"column":3}},"type":"if","locations":[{"start":{"line":58,"column":2},"end":{"line":62,"column":3}},{"start":{},"end":{}}],"line":58}},"s":{"0":1,"1":1,"2":1,"3":1,"4":1,"5":1,"6":1,"7":0,"8":0,"9":1,"10":0,"11":0,"12":1,"13":0,"14":0,"15":1,"16":0,"17":0,"18":1,"19":1,"20":1,"21":1},"f":{},"b":{"0":[1,0],"1":[0,1],"2":[0,0],"3":[0,1],"4":[0,0],"5":[0,1],"6":[0,0],"7":[0,1],"8":[0,0],"9":[1,1],"10":[1,1],"11":[1,1],"12":[1,0],"13":[1,0]},"_coverageSchema":"1a1c01bbd47fc00a2c39e90264f33305004495a9","hash":"09516d8711470cdda387d8c8a48aaab19bdee0d2"}
,"D:\\AlarmTR\\transit-api\\src\\utils\\cache.ts": {"path":"D:\\AlarmTR\\transit-api\\src\\utils\\cache.ts","statementMap":{"0":{"start":{"line":12,"column":48},"end":{"line":12,"column":57}},"1":{"start":{"line":18,"column":18},"end":{"line":18,"column":37}},"2":{"start":{"line":19,"column":4},"end":{"line":21,"column":5}},"3":{"start":{"line":20,"column":6},"end":{"line":20,"column":18}},"4":{"start":{"line":24,"column":4},"end":{"line":27,"column":5}},"5":{"start":{"line":25,"column":6},"end":{"line":25,"column":29}},"6":{"start":{"line":26,"column":6},"end":{"line":26,"column":18}},"7":{"start":{"line":29,"column":4},"end":{"line":29,"column":28}},"8":{"start":{"line":39,"column":22},"end":{"line":39,"column":40}},"9":{"start":{"line":40,"column":4},"end":{"line":40,"column":46}},"10":{"start":{"line":47,"column":4},"end":{"line":47,"column":27}},"11":{"start":{"line":54,"column":4},"end":{"line":54,"column":23}},"12":{"start":{"line":61,"column":16},"end":{"line":61,"column":26}},"13":{"start":{"line":62,"column":4},"end":{"line":66,"column":5}},"14":{"start":{"line":63,"column":6},"end":{"line":65,"column":7}},"15":{"start":{"line":64,"column":8},"end":{"line":64,"column":31}},"16":{"start":{"line":71,"column":21},"end":{"line":71,"column":38}},"17":{"start":{"line":75,"column":0},"end":{"line":83,"column":1}},"18":{"start":{"line":76,"column":16},"end":{"line":78,"column":20}},"19":{"start":{"line":77,"column":4},"end":{"line":77,"column":20}},"20":{"start":{"line":80,"column":2},"end":{"line":82,"column":3}},"21":{"start":{"line":81,"column":4},"end":{"line":81,"column":18}}},"fnMap":{"0":{"name":"(anonymous_0)","decl":{"start":{"line":17,"column":2},"end":{"line":17,"column":3}},"loc":{"start":{"line":17,"column":32},"end":{"line":30,"column":3}},"line":17},"1":{"name":"(anonymous_1)","decl":{"start":{"line":38,"column":2},"end":{"line":38,"column":3}},"loc":{"start":{"line":38,"column":53},"end":{"line":41,"column":3}},"line":38},"2":{"name":"(anonymous_2)","decl":{"start":{"line":46,"column":2},"end":{"line":46,"column":3}},"loc":{"start":{"line":46,"column":28},"end":{"line":48,"column":3}},"line":46},"3":{"name":"(anonymous_3)","decl":{"start":{"line":53,"column":2},"end":{"line":53,"column":3}},"loc":{"start":{"line":53,"column":16},"end":{"line":55,"column":3}},"line":53},"4":{"name":"(anonymous_4)","decl":{"start":{"line":60,"column":2},"end":{"line":60,"column":3}},"loc":{"start":{"line":60,"column":18},"end":{"line":67,"column":3}},"line":60},"5":{"name":"(anonymous_5)","decl":{"start":{"line":76,"column":28},"end":{"line":76,"column":29}},"loc":{"start":{"line":76,"column":34},"end":{"line":78,"column":3}},"line":76}},"branchMap":{"0":{"loc":{"start":{"line":19,"column":4},"end":{"line":21,"column":5}},"type":"if","locations":[{"start":{"line":19,"column":4},"end":{"line":21,"column":5}},{"start":{},"end":{}}],"line":19},"1":{"loc":{"start":{"line":24,"column":4},"end":{"line":27,"column":5}},"type":"if","locations":[{"start":{"line":24,"column":4},"end":{"line":27,"column":5}},{"start":{},"end":{}}],"line":24},"2":{"loc":{"start":{"line":63,"column":6},"end":{"line":65,"column":7}},"type":"if","locations":[{"start":{"line":63,"column":6},"end":{"line":65,"column":7}},{"start":{},"end":{}}],"line":63},"3":{"loc":{"start":{"line":75,"column":0},"end":{"line":83,"column":1}},"type":"if","locations":[{"start":{"line":75,"column":0},"end":{"line":83,"column":1}},{"start":{},"end":{}}],"line":75},"4":{"loc":{"start":{"line":75,"column":4},"end":{"line":75,"column":73}},"type":"binary-expr","locations":[{"start":{"line":75,"column":4},"end":{"line":75,"column":38}},{"start":{"line":75,"column":42},"end":{"line":75,"column":73}}],"line":75},"5":{"loc":{"start":{"line":80,"column":2},"end":{"line":82,"column":3}},"type":"if","locations":[{"start":{"line":80,"column":2},"end":{"line":82,"column":3}},{"start":{},"end":{}}],"line":80}},"s":{"0":1,"1":0,"2":0,"3":0,"4":0,"5":0,"6":0,"7":0,"8":0,"9":0,"10":0,"11":0,"12":0,"13":0,"14":0,"15":0,"16":1,"17":1,"18":0,"19":0,"20":0,"21":0},"f":{"0":0,"1":0,"2":0,"3":0,"4":0,"5":0},"b":{"0":[0,0],"1":[0,0],"2":[0,0],"3":[0,1],"4":[1,1],"5":[0,0]},"_coverageSchema":"1a1c01bbd47fc00a2c39e90264f33305004495a9","hash":"047691b1acfa763dc09cac0d5c1e0b97a42a05e2"}
,"D:\\AlarmTR\\transit-api\\src\\utils\\dev.ts": {"path":"D:\\AlarmTR\\transit-api\\src\\utils\\dev.ts","statementMap":{"0":{"start":{"line":6,"column":23},"end":{"line":6,"column":60}}},"fnMap":{},"branchMap":{},"s":{"0":2},"f":{},"b":{},"_coverageSchema":"1a1c01bbd47fc00a2c39e90264f33305004495a9","hash":"d1fc1b00addffb5a818e4d1f2a0a77c7ab304df1"}
,"D:\\AlarmTR\\transit-api\\src\\utils\\geo.ts": {"path":"D:\\AlarmTR\\transit-api\\src\\utils\\geo.ts","statementMap":{"0":{"start":{"line":7,"column":12},"end":{"line":7,"column":18}},"1":{"start":{"line":8,"column":16},"end":{"line":8,"column":54}},"2":{"start":{"line":8,"column":33},"end":{"line":8,"column":54}},"3":{"start":{"line":10,"column":15},"end":{"line":10,"column":26}},"4":{"start":{"line":11,"column":15},"end":{"line":11,"column":26}},"5":{"start":{"line":12,"column":15},"end":{"line":12,"column":33}},"6":{"start":{"line":13,"column":18},"end":{"line":13,"column":36}},"7":{"start":{"line":16,"column":4},"end":{"line":18,"column":49}},"8":{"start":{"line":20,"column":12},"end":{"line":20,"column":58}},"9":{"start":{"line":22,"column":2},"end":{"line":22,"column":15}},"10":{"start":{"line":34,"column":2},"end":{"line":34,"column":57}}},"fnMap":{"0":{"name":"haversineDistanceMeters","decl":{"start":{"line":1,"column":16},"end":{"line":1,"column":39}},"loc":{"start":{"line":6,"column":10},"end":{"line":23,"column":1}},"line":6},"1":{"name":"(anonymous_1)","decl":{"start":{"line":8,"column":16},"end":{"line":8,"column":17}},"loc":{"start":{"line":8,"column":33},"end":{"line":8,"column":54}},"line":8},"2":{"name":"calculateDistanceMeters","decl":{"start":{"line":28,"column":16},"end":{"line":28,"column":39}},"loc":{"start":{"line":33,"column":10},"end":{"line":35,"column":1}},"line":33}},"branchMap":{},"s":{"0":0,"1":0,"2":0,"3":0,"4":0,"5":0,"6":0,"7":0,"8":0,"9":0,"10":0},"f":{"0":0,"1":0,"2":0},"b":{},"_coverageSchema":"1a1c01bbd47fc00a2c39e90264f33305004495a9","hash":"289af1902029d35b822e015eeb2145e1ad11e389"}
}
