TN:
SF:src\components\common\ErrorBoundary.tsx
FN:23,(anonymous_0)
FN:28,(anonymous_1)
FN:32,(anonymous_2)
FN:54,(anonymous_3)
FNF:4
FNH:4
FNDA:5,(anonymous_0)
FNDA:4,(anonymous_1)
FNDA:2,(anonymous_2)
FNDA:9,(anonymous_3)
DA:5,1
DA:6,1
DA:7,1
DA:24,5
DA:25,5
DA:29,4
DA:33,2
DA:34,2
DA:36,2
DA:37,2
DA:38,2
DA:48,0
DA:49,0
DA:55,9
DA:56,4
DA:57,2
DA:62,2
DA:75,5
DA:79,1
LF:19
LH:17
BRDA:33,0,0,2
BRDA:33,0,1,0
BRDA:37,1,0,2
BRDA:37,1,1,0
BRDA:37,2,0,2
BRDA:37,2,1,2
BRDA:48,3,0,0
BRDA:48,3,1,0
BRDA:55,4,0,4
BRDA:55,4,1,5
BRDA:56,5,0,2
BRDA:56,5,1,2
BRDA:68,6,0,2
BRDA:68,6,1,2
BRDA:68,6,2,2
BRF:15
BRH:11
end_of_record
TN:
SF:src\components\common\PrimaryButton.tsx
FN:24,(anonymous_0)
FNF:1
FNH:1
FNDA:2,(anonymous_0)
DA:24,1
DA:25,2
DA:26,2
DA:30,2
DA:52,1
LF:5
LH:5
BRDA:26,0,0,0
BRDA:26,0,1,2
BRDA:26,1,0,2
BRDA:26,1,1,0
BRDA:26,1,2,0
BRDA:36,2,0,2
BRDA:36,2,1,2
BRDA:41,3,0,2
BRDA:41,3,1,0
BRDA:42,4,0,0
BRDA:42,4,1,2
BRDA:46,5,0,0
BRDA:46,5,1,2
BRF:13
BRH:7
end_of_record
TN:
SF:src\components\common\SkeletonLoader.tsx
FN:15,SkeletonLoader
FN:23,(anonymous_1)
FN:39,(anonymous_2)
FN:67,SkeletonCard
FNF:4
FNH:4
FNDA:5,SkeletonLoader
FNDA:5,(anonymous_1)
FNDA:5,(anonymous_2)
FNDA:1,SkeletonCard
DA:21,5
DA:23,5
DA:24,5
DA:38,5
DA:39,5
DA:42,5
DA:47,5
DA:68,1
DA:77,1
LF:9
LH:9
BRDA:16,0,0,1
BRDA:17,1,0,1
BRDA:18,2,0,5
BRF:3
BRH:3
end_of_record
TN:
SF:src\context\AlarmContext.tsx
FN:75,(anonymous_0)
FN:81,(anonymous_1)
FN:98,(anonymous_2)
FN:103,(anonymous_3)
FN:106,(anonymous_4)
FN:118,(anonymous_5)
FN:124,(anonymous_6)
FN:129,(anonymous_7)
FN:136,(anonymous_8)
FN:183,(anonymous_9)
FN:189,(anonymous_10)
FN:203,(anonymous_11)
FN:208,(anonymous_12)
FN:226,(anonymous_13)
FN:232,(anonymous_14)
FN:245,(anonymous_15)
FN:268,(anonymous_16)
FN:276,(anonymous_17)
FN:283,(anonymous_18)
FN:375,(anonymous_19)
FN:379,(anonymous_20)
FN:386,(anonymous_21)
FN:514,(anonymous_22)
FN:549,(anonymous_23)
FN:582,(anonymous_24)
FN:654,(anonymous_25)
FN:657,(anonymous_26)
FN:665,(anonymous_27)
FN:688,(anonymous_28)
FNF:29
FNH:0
FNDA:0,(anonymous_0)
FNDA:0,(anonymous_1)
FNDA:0,(anonymous_2)
FNDA:0,(anonymous_3)
FNDA:0,(anonymous_4)
FNDA:0,(anonymous_5)
FNDA:0,(anonymous_6)
FNDA:0,(anonymous_7)
FNDA:0,(anonymous_8)
FNDA:0,(anonymous_9)
FNDA:0,(anonymous_10)
FNDA:0,(anonymous_11)
FNDA:0,(anonymous_12)
FNDA:0,(anonymous_13)
FNDA:0,(anonymous_14)
FNDA:0,(anonymous_15)
FNDA:0,(anonymous_16)
FNDA:0,(anonymous_17)
FNDA:0,(anonymous_18)
FNDA:0,(anonymous_19)
FNDA:0,(anonymous_20)
FNDA:0,(anonymous_21)
FNDA:0,(anonymous_22)
FNDA:0,(anonymous_23)
FNDA:0,(anonymous_24)
FNDA:0,(anonymous_25)
FNDA:0,(anonymous_26)
FNDA:0,(anonymous_27)
FNDA:0,(anonymous_28)
DA:46,3
DA:73,3
DA:75,3
DA:76,0
DA:77,0
DA:78,0
DA:79,0
DA:81,0
DA:82,0
DA:95,0
DA:98,0
DA:99,0
DA:102,0
DA:104,0
DA:105,0
DA:106,0
DA:108,0
DA:109,0
DA:111,0
DA:112,0
DA:118,0
DA:121,0
DA:122,0
DA:123,0
DA:124,0
DA:125,0
DA:126,0
DA:129,0
DA:130,0
DA:131,0
DA:136,0
DA:137,0
DA:138,0
DA:139,0
DA:140,0
DA:143,0
DA:144,0
DA:145,0
DA:147,0
DA:148,0
DA:150,0
DA:151,0
DA:154,0
DA:155,0
DA:156,0
DA:160,0
DA:162,0
DA:164,0
DA:179,0
DA:180,0
DA:182,0
DA:183,0
DA:184,0
DA:185,0
DA:189,0
DA:190,0
DA:191,0
DA:195,0
DA:199,0
DA:200,0
DA:201,0
DA:204,0
DA:205,0
DA:206,0
DA:207,0
DA:208,0
DA:209,0
DA:210,0
DA:213,0
DA:216,0
DA:217,0
DA:222,0
DA:223,0
DA:225,0
DA:226,0
DA:227,0
DA:228,0
DA:232,0
DA:233,0
DA:234,0
DA:239,0
DA:240,0
DA:242,0
DA:246,0
DA:247,0
DA:249,0
DA:253,0
DA:254,0
DA:256,0
DA:259,0
DA:260,0
DA:262,0
DA:266,0
DA:268,0
DA:269,0
DA:270,0
DA:276,0
DA:277,0
DA:278,0
DA:281,0
DA:283,0
DA:284,0
DA:285,0
DA:286,0
DA:287,0
DA:290,0
DA:291,0
DA:294,0
DA:295,0
DA:296,0
DA:299,0
DA:301,0
DA:308,0
DA:309,0
DA:312,0
DA:318,0
DA:319,0
DA:325,0
DA:326,0
DA:342,0
DA:343,0
DA:344,0
DA:346,0
DA:347,0
DA:354,0
DA:357,0
DA:358,0
DA:363,0
DA:367,0
DA:368,0
DA:370,0
DA:375,0
DA:376,0
DA:379,0
DA:380,0
DA:381,0
DA:385,0
DA:394,0
DA:395,0
DA:398,0
DA:400,0
DA:401,0
DA:402,0
DA:404,0
DA:408,0
DA:409,0
DA:410,0
DA:411,0
DA:412,0
DA:415,0
DA:416,0
DA:417,0
DA:420,0
DA:422,0
DA:423,0
DA:440,0
DA:458,0
DA:459,0
DA:460,0
DA:462,0
DA:463,0
DA:466,0
DA:470,0
DA:485,0
DA:486,0
DA:501,0
DA:502,0
DA:503,0
DA:504,0
DA:506,0
DA:507,0
DA:513,0
DA:515,0
DA:517,0
DA:519,0
DA:521,0
DA:522,0
DA:523,0
DA:526,0
DA:527,0
DA:531,0
DA:535,0
DA:536,0
DA:537,0
DA:539,0
DA:541,0
DA:542,0
DA:548,0
DA:550,0
DA:552,0
DA:554,0
DA:555,0
DA:556,0
DA:557,0
DA:559,0
DA:563,0
DA:568,0
DA:569,0
DA:570,0
DA:571,0
DA:574,0
DA:575,0
DA:581,0
DA:584,0
DA:586,0
DA:587,0
DA:588,0
DA:589,0
DA:591,0
DA:592,0
DA:593,0
DA:596,0
DA:598,0
DA:615,0
DA:616,0
DA:617,0
DA:618,0
DA:620,0
DA:623,0
DA:625,0
DA:626,0
DA:628,0
DA:633,0
DA:634,0
DA:635,0
DA:637,0
DA:638,0
DA:642,0
DA:643,0
DA:644,0
DA:645,0
DA:647,0
DA:649,0
DA:654,0
DA:655,0
DA:656,0
DA:657,0
DA:658,0
DA:659,0
DA:664,0
DA:665,0
DA:685,0
DA:688,3
DA:689,0
DA:690,0
DA:691,0
DA:693,0
LF:247
LH:4
BRDA:92,0,0,0
BRDA:92,0,1,0
BRDA:93,1,0,0
BRDA:93,1,1,0
BRDA:106,2,0,0
BRDA:106,2,1,0
BRDA:108,3,0,0
BRDA:108,3,1,0
BRDA:121,4,0,0
BRDA:121,4,1,0
BRDA:125,5,0,0
BRDA:125,5,1,0
BRDA:130,6,0,0
BRDA:130,6,1,0
BRDA:139,7,0,0
BRDA:139,7,1,0
BRDA:147,8,0,0
BRDA:147,8,1,0
BRDA:154,9,0,0
BRDA:154,9,1,0
BRDA:154,10,0,0
BRDA:154,10,1,0
BRDA:154,10,2,0
BRDA:160,11,0,0
BRDA:160,11,1,0
BRDA:167,12,0,0
BRDA:167,12,1,0
BRDA:167,12,2,0
BRDA:168,13,0,0
BRDA:168,13,1,0
BRDA:168,13,2,0
BRDA:169,14,0,0
BRDA:169,14,1,0
BRDA:171,15,0,0
BRDA:171,15,1,0
BRDA:172,16,0,0
BRDA:172,16,1,0
BRDA:173,17,0,0
BRDA:173,17,1,0
BRDA:174,18,0,0
BRDA:174,18,1,0
BRDA:175,19,0,0
BRDA:175,19,1,0
BRDA:175,19,2,0
BRDA:176,20,0,0
BRDA:176,20,1,0
BRDA:182,21,0,0
BRDA:182,21,1,0
BRDA:182,22,0,0
BRDA:182,22,1,0
BRDA:184,23,0,0
BRDA:184,23,1,0
BRDA:190,24,0,0
BRDA:190,24,1,0
BRDA:205,25,0,0
BRDA:205,25,1,0
BRDA:209,26,0,0
BRDA:209,26,1,0
BRDA:225,27,0,0
BRDA:225,27,1,0
BRDA:225,28,0,0
BRDA:225,28,1,0
BRDA:227,29,0,0
BRDA:227,29,1,0
BRDA:233,30,0,0
BRDA:233,30,1,0
BRDA:239,31,0,0
BRDA:239,31,1,0
BRDA:246,32,0,0
BRDA:246,32,1,0
BRDA:253,33,0,0
BRDA:253,33,1,0
BRDA:259,34,0,0
BRDA:259,34,1,0
BRDA:269,35,0,0
BRDA:269,35,1,0
BRDA:277,36,0,0
BRDA:277,36,1,0
BRDA:277,37,0,0
BRDA:277,37,1,0
BRDA:286,38,0,0
BRDA:286,38,1,0
BRDA:290,39,0,0
BRDA:290,39,1,0
BRDA:295,40,0,0
BRDA:295,40,1,0
BRDA:312,41,0,0
BRDA:312,41,1,0
BRDA:313,42,0,0
BRDA:313,42,1,0
BRDA:318,43,0,0
BRDA:318,43,1,0
BRDA:336,44,0,0
BRDA:336,44,1,0
BRDA:337,45,0,0
BRDA:337,45,1,0
BRDA:346,46,0,0
BRDA:346,46,1,0
BRDA:357,47,0,0
BRDA:357,47,1,0
BRDA:367,48,0,0
BRDA:367,48,1,0
BRDA:394,49,0,0
BRDA:394,49,1,0
BRDA:401,50,0,0
BRDA:401,50,1,0
BRDA:405,51,0,0
BRDA:405,51,1,0
BRDA:408,52,0,0
BRDA:408,52,1,0
BRDA:416,53,0,0
BRDA:416,53,1,0
BRDA:417,54,0,0
BRDA:417,54,1,0
BRDA:420,55,0,0
BRDA:420,55,1,0
BRDA:451,56,0,0
BRDA:451,56,1,0
BRDA:452,57,0,0
BRDA:452,57,1,0
BRDA:462,58,0,0
BRDA:462,58,1,0
BRDA:479,59,0,0
BRDA:479,59,1,0
BRDA:480,60,0,0
BRDA:480,60,1,0
BRDA:517,61,0,0
BRDA:517,61,1,0
BRDA:521,62,0,0
BRDA:521,62,1,0
BRDA:535,63,0,0
BRDA:535,63,1,0
BRDA:552,64,0,0
BRDA:552,64,1,0
BRDA:554,65,0,0
BRDA:554,65,1,0
BRDA:554,66,0,0
BRDA:554,66,1,0
BRDA:568,67,0,0
BRDA:568,67,1,0
BRDA:568,68,0,0
BRDA:568,68,1,0
BRDA:584,69,0,0
BRDA:584,69,1,0
BRDA:588,70,0,0
BRDA:588,70,1,0
BRDA:592,71,0,0
BRDA:592,71,1,0
BRDA:601,72,0,0
BRDA:601,72,1,0
BRDA:601,72,2,0
BRDA:602,73,0,0
BRDA:602,73,1,0
BRDA:602,73,2,0
BRDA:603,74,0,0
BRDA:603,74,1,0
BRDA:605,75,0,0
BRDA:605,75,1,0
BRDA:606,76,0,0
BRDA:606,76,1,0
BRDA:607,77,0,0
BRDA:607,77,1,0
BRDA:608,78,0,0
BRDA:608,78,1,0
BRDA:609,79,0,0
BRDA:609,79,1,0
BRDA:609,79,2,0
BRDA:610,80,0,0
BRDA:610,80,1,0
BRDA:615,81,0,0
BRDA:615,81,1,0
BRDA:615,82,0,0
BRDA:615,82,1,0
BRDA:625,83,0,0
BRDA:625,83,1,0
BRDA:634,84,0,0
BRDA:634,84,1,0
BRDA:642,85,0,0
BRDA:642,85,1,0
BRDA:642,86,0,0
BRDA:642,86,1,0
BRDA:658,87,0,0
BRDA:658,87,1,0
BRDA:690,88,0,0
BRDA:690,88,1,0
BRF:185
BRH:0
end_of_record
TN:
SF:src\context\AlarmSettingsContext.tsx
FN:28,(anonymous_0)
FN:39,(anonymous_1)
FN:43,(anonymous_2)
FN:45,(anonymous_3)
FN:70,(anonymous_4)
FN:75,(anonymous_5)
FN:88,(anonymous_6)
FN:98,(anonymous_7)
FN:103,(anonymous_8)
FN:115,(anonymous_9)
FNF:10
FNH:0
FNDA:0,(anonymous_0)
FNDA:0,(anonymous_1)
FNDA:0,(anonymous_2)
FNDA:0,(anonymous_3)
FNDA:0,(anonymous_4)
FNDA:0,(anonymous_5)
FNDA:0,(anonymous_6)
FNDA:0,(anonymous_7)
FNDA:0,(anonymous_8)
FNDA:0,(anonymous_9)
DA:20,1
DA:21,1
DA:26,1
DA:28,1
DA:37,1
DA:39,1
DA:40,0
DA:41,0
DA:43,0
DA:44,0
DA:45,0
DA:46,0
DA:47,0
DA:48,0
DA:49,0
DA:50,0
DA:54,0
DA:55,0
DA:57,0
DA:60,0
DA:61,0
DA:63,0
DA:65,0
DA:66,0
DA:70,0
DA:71,0
DA:75,0
DA:76,0
DA:77,0
DA:78,0
DA:79,0
DA:81,0
DA:82,0
DA:87,0
DA:89,0
DA:93,0
DA:98,0
DA:99,0
DA:102,0
DA:103,0
DA:112,0
DA:115,1
DA:116,0
DA:117,0
DA:118,0
DA:120,0
LF:46
LH:7
BRDA:48,0,0,0
BRDA:48,0,1,0
BRDA:48,1,0,0
BRDA:48,1,1,0
BRDA:51,2,0,0
BRDA:51,2,1,0
BRDA:52,3,0,0
BRDA:52,3,1,0
BRDA:60,4,0,0
BRDA:60,4,1,0
BRDA:65,5,0,0
BRDA:65,5,1,0
BRDA:81,6,0,0
BRDA:81,6,1,0
BRDA:117,7,0,0
BRDA:117,7,1,0
BRF:16
BRH:0
end_of_record
TN:
SF:src\context\AuthContext.tsx
FN:34,(anonymous_0)
FN:39,(anonymous_1)
FN:42,(anonymous_2)
FN:61,(anonymous_3)
FN:74,(anonymous_4)
FN:83,(anonymous_5)
FN:92,(anonymous_6)
FN:101,(anonymous_7)
FN:105,(anonymous_8)
FN:118,(anonymous_9)
FN:134,(anonymous_10)
FNF:11
FNH:0
FNDA:0,(anonymous_0)
FNDA:0,(anonymous_1)
FNDA:0,(anonymous_2)
FNDA:0,(anonymous_3)
FNDA:0,(anonymous_4)
FNDA:0,(anonymous_5)
FNDA:0,(anonymous_6)
FNDA:0,(anonymous_7)
FNDA:0,(anonymous_8)
FNDA:0,(anonymous_9)
FNDA:0,(anonymous_10)
DA:32,3
DA:34,3
DA:35,0
DA:36,0
DA:37,0
DA:39,0
DA:41,0
DA:42,0
DA:43,0
DA:44,0
DA:45,0
DA:47,0
DA:48,0
DA:50,0
DA:51,0
DA:55,0
DA:56,0
DA:58,0
DA:59,0
DA:61,0
DA:62,0
DA:63,0
DA:64,0
DA:66,0
DA:67,0
DA:74,0
DA:75,0
DA:76,0
DA:77,0
DA:79,0
DA:83,0
DA:84,0
DA:85,0
DA:86,0
DA:88,0
DA:92,0
DA:93,0
DA:94,0
DA:95,0
DA:97,0
DA:101,0
DA:102,0
DA:105,0
DA:106,0
DA:107,0
DA:109,0
DA:110,0
DA:111,0
DA:113,0
DA:117,0
DA:118,0
DA:131,0
DA:134,3
DA:135,0
DA:136,0
DA:137,0
DA:139,0
LF:57
LH:3
BRDA:47,0,0,0
BRDA:47,0,1,0
BRDA:55,1,0,0
BRDA:55,1,1,0
BRDA:62,2,0,0
BRDA:62,2,1,0
BRDA:66,3,0,0
BRDA:66,3,1,0
BRDA:106,4,0,0
BRDA:106,4,1,0
BRDA:136,5,0,0
BRDA:136,5,1,0
BRF:12
BRH:0
end_of_record
TN:
SF:src\context\NetworkContext.tsx
FN:18,(anonymous_0)
FN:21,(anonymous_1)
FN:26,(anonymous_2)
FN:47,(anonymous_3)
FN:48,(anonymous_4)
FN:53,(anonymous_5)
FN:88,(anonymous_6)
FN:118,(anonymous_7)
FN:137,(anonymous_8)
FNF:9
FNH:0
FNDA:0,(anonymous_0)
FNDA:0,(anonymous_1)
FNDA:0,(anonymous_2)
FNDA:0,(anonymous_3)
FNDA:0,(anonymous_4)
FNDA:0,(anonymous_5)
FNDA:0,(anonymous_6)
FNDA:0,(anonymous_7)
FNDA:0,(anonymous_8)
DA:10,3
DA:16,3
DA:18,3
DA:19,0
DA:21,0
DA:22,0
DA:23,0
DA:26,0
DA:27,0
DA:28,0
DA:29,0
DA:30,0
DA:33,0
DA:40,0
DA:41,0
DA:47,0
DA:48,0
DA:49,0
DA:50,0
DA:51,0
DA:52,0
DA:53,0
DA:54,0
DA:56,0
DA:61,0
DA:62,0
DA:68,0
DA:74,0
DA:77,0
DA:78,0
DA:84,0
DA:85,0
DA:87,0
DA:88,0
DA:89,0
DA:90,0
DA:91,0
DA:94,0
DA:100,0
DA:101,0
DA:108,0
DA:109,0
DA:114,0
DA:115,0
DA:118,0
DA:119,0
DA:120,0
DA:121,0
DA:123,0
DA:124,0
DA:128,0
DA:129,0
DA:134,0
DA:137,3
LF:54
LH:4
BRDA:29,0,0,0
BRDA:29,0,1,0
BRDA:30,1,0,0
BRDA:30,1,1,0
BRDA:37,2,0,0
BRDA:37,2,1,0
BRDA:40,3,0,0
BRDA:40,3,1,0
BRDA:51,4,0,0
BRDA:51,4,1,0
BRDA:52,5,0,0
BRDA:52,5,1,0
BRDA:54,6,0,0
BRDA:54,6,1,0
BRDA:56,7,0,0
BRDA:56,7,1,0
BRDA:57,8,0,0
BRDA:57,8,1,0
BRDA:57,8,2,0
BRDA:61,9,0,0
BRDA:61,9,1,0
BRDA:77,10,0,0
BRDA:77,10,1,0
BRDA:90,11,0,0
BRDA:90,11,1,0
BRDA:91,12,0,0
BRDA:91,12,1,0
BRDA:97,13,0,0
BRDA:97,13,1,0
BRDA:100,14,0,0
BRDA:100,14,1,0
BRDA:104,15,0,0
BRDA:104,15,1,0
BRDA:108,16,0,0
BRDA:108,16,1,0
BRDA:114,17,0,0
BRDA:114,17,1,0
BRDA:119,18,0,0
BRDA:119,18,1,0
BRDA:123,19,0,0
BRDA:123,19,1,0
BRDA:128,20,0,0
BRDA:128,20,1,0
BRF:43
BRH:0
end_of_record
TN:
SF:src\context\ThemeContext.tsx
FN:21,(anonymous_0)
FN:36,(anonymous_1)
FN:37,(anonymous_2)
FN:54,(anonymous_3)
FN:66,(anonymous_4)
FN:82,(anonymous_5)
FNF:6
FNH:5
FNDA:2,(anonymous_0)
FNDA:1,(anonymous_1)
FNDA:1,(anonymous_2)
FNDA:0,(anonymous_3)
FNDA:1,(anonymous_4)
FNDA:2,(anonymous_5)
DA:9,1
DA:19,1
DA:21,1
DA:22,2
DA:23,2
DA:24,2
DA:28,2
DA:32,2
DA:33,2
DA:36,2
DA:37,1
DA:38,1
DA:39,1
DA:40,1
DA:41,0
DA:44,0
DA:45,0
DA:48,1
DA:51,1
DA:54,2
DA:55,0
DA:56,0
DA:57,0
DA:59,0
DA:60,0
DA:66,2
DA:71,2
DA:79,2
DA:82,1
DA:83,2
DA:84,2
DA:85,0
DA:87,2
LF:33
LH:24
BRDA:28,0,0,2
BRDA:28,0,1,0
BRDA:29,1,0,0
BRDA:29,1,1,2
BRDA:33,2,0,0
BRDA:33,2,1,2
BRDA:40,3,0,0
BRDA:40,3,1,1
BRDA:40,4,0,1
BRDA:40,4,1,0
BRDA:40,4,2,0
BRDA:40,4,3,0
BRDA:44,5,0,0
BRDA:44,5,1,0
BRDA:59,6,0,0
BRDA:59,6,1,0
BRDA:84,7,0,0
BRDA:84,7,1,2
BRF:18
BRH:6
end_of_record
TN:
SF:src\lib\reactNativeAuthPersistence.ts
FN:9,getReactNativePersistence
FN:16,(anonymous_1)
FN:26,(anonymous_2)
FN:30,(anonymous_3)
FN:35,(anonymous_4)
FN:39,(anonymous_5)
FN:43,(anonymous_6)
FNF:7
FNH:5
FNDA:2,getReactNativePersistence
FNDA:2,(anonymous_1)
FNDA:0,(anonymous_2)
FNDA:4,(anonymous_3)
FNDA:2,(anonymous_4)
FNDA:2,(anonymous_5)
FNDA:0,(anonymous_6)
DA:10,2
DA:12,2
DA:13,2
DA:14,2
DA:17,2
DA:18,2
DA:19,2
DA:20,2
DA:22,0
DA:27,0
DA:31,4
DA:32,4
DA:36,2
LF:13
LH:11
BRDA:32,0,0,0
BRDA:32,0,1,4
BRF:2
BRH:1
end_of_record
TN:
SF:src\services\alarmBackgroundCore.ts
FN:42,processBackgroundLocationUpdate
FN:161,addPendingSyncEvent
FN:169,(anonymous_2)
FN:190,logHeartbeat
FN:219,logError
FN:243,getPendingSyncEvents
FN:255,clearPendingSyncEvents
FN:259,(anonymous_7)
FN:262,(anonymous_8)
FN:273,getHeartbeatLog
FNF:10
FNH:9
FNDA:14,processBackgroundLocationUpdate
FNDA:6,addPendingSyncEvent
FNDA:0,(anonymous_2)
FNDA:7,logHeartbeat
FNDA:2,logError
FNDA:3,getPendingSyncEvents
FNDA:1,clearPendingSyncEvents
FNDA:1,(anonymous_7)
FNDA:2,(anonymous_8)
FNDA:2,getHeartbeatLog
DA:18,3
DA:19,3
DA:45,14
DA:47,14
DA:48,14
DA:49,1
DA:53,13
DA:54,13
DA:57,2
DA:61,11
DA:62,4
DA:66,7
DA:67,7
DA:69,1
DA:70,1
DA:74,6
DA:81,6
DA:82,0
DA:86,6
DA:87,6
DA:90,6
DA:94,5
DA:95,0
DA:99,5
DA:105,5
DA:109,5
DA:112,5
DA:121,5
DA:125,1
DA:126,1
DA:129,1
DA:130,1
DA:141,1
DA:145,1
DA:147,1
DA:153,0
DA:154,0
DA:162,6
DA:163,6
DA:164,6
DA:167,6
DA:168,6
DA:170,0
DA:175,4
DA:176,4
DA:178,4
DA:179,4
DA:183,2
DA:196,7
DA:197,7
DA:204,7
DA:205,7
DA:207,7
DA:209,4
DA:210,4
DA:220,2
DA:221,2
DA:222,2
DA:228,2
DA:229,2
DA:231,2
DA:233,0
DA:234,0
DA:244,3
DA:245,3
DA:246,3
DA:248,0
DA:256,1
DA:257,1
DA:258,1
DA:259,1
DA:261,1
DA:262,2
DA:264,1
DA:274,2
DA:275,2
DA:276,2
DA:278,0
LF:78
LH:69
BRDA:48,0,0,1
BRDA:48,0,1,13
BRDA:61,1,0,4
BRDA:61,1,1,7
BRDA:61,2,0,11
BRDA:61,2,1,8
BRDA:67,3,0,1
BRDA:67,3,1,6
BRDA:67,4,0,7
BRDA:67,4,1,7
BRDA:81,5,0,0
BRDA:81,5,1,6
BRDA:81,6,0,6
BRDA:81,6,1,6
BRDA:90,7,0,5
BRDA:90,7,1,1
BRDA:94,8,0,0
BRDA:94,8,1,5
BRDA:126,9,0,0
BRDA:126,9,1,1
BRDA:129,10,0,1
BRDA:129,10,1,0
BRDA:164,11,0,5
BRDA:164,11,1,1
BRDA:170,12,0,0
BRDA:170,12,1,0
BRDA:170,12,2,0
BRDA:175,13,0,4
BRDA:175,13,1,0
BRDA:205,14,0,6
BRDA:205,14,1,1
BRDA:225,15,0,2
BRDA:225,15,1,0
BRDA:229,16,0,2
BRDA:229,16,1,0
BRDA:246,17,0,2
BRDA:246,17,1,1
BRDA:276,18,0,1
BRDA:276,18,1,1
BRF:39
BRH:29
end_of_record
TN:
SF:src\services\alarmBackgroundService.ts
FN:21,handleBackgroundLocationUpdate
FNF:1
FNH:1
FNDA:1,handleBackgroundLocationUpdate
DA:23,1
LF:1
LH:1
BRF:0
BRH:0
end_of_record
TN:
SF:src\services\alarmBackgroundSync.ts
FN:22,syncPendingEventsToFirestore
FNF:1
FNH:1
FNDA:12,syncPendingEventsToFirestore
DA:23,12
DA:24,12
DA:25,12
DA:26,1
DA:29,11
DA:31,11
DA:32,12
DA:34,12
DA:36,1
DA:37,1
DA:40,11
DA:42,11
DA:44,8
DA:46,6
DA:48,1
DA:49,1
DA:52,5
DA:53,5
DA:55,2
DA:56,2
DA:60,3
DA:67,3
DA:68,3
DA:70,3
DA:72,3
DA:73,0
DA:74,0
DA:77,3
DA:78,3
DA:79,2
DA:85,3
DA:89,2
DA:90,2
DA:92,2
DA:94,2
DA:99,11
DA:100,11
DA:103,0
DA:104,0
DA:106,0
LF:40
LH:35
BRDA:25,0,0,1
BRDA:25,0,1,11
BRDA:34,1,0,1
BRDA:34,1,1,11
BRDA:42,2,0,8
BRDA:42,2,1,3
BRDA:46,3,0,1
BRDA:46,3,1,5
BRDA:53,4,0,2
BRDA:53,4,1,3
BRDA:53,5,0,5
BRDA:53,5,1,3
BRDA:68,6,0,3
BRDA:68,6,1,0
BRDA:72,7,0,0
BRDA:72,7,1,3
BRDA:78,8,0,2
BRDA:78,8,1,1
BRDA:89,9,0,2
BRDA:89,9,1,0
BRDA:99,10,0,11
BRDA:99,10,1,0
BRDA:103,11,0,0
BRDA:103,11,1,0
BRF:24
BRH:18
end_of_record
TN:
SF:src\services\alarmService.ts
FN:16,(anonymous_0)
FN:75,(anonymous_1)
FN:78,getNotificationConfigForSettings
FN:87,initializeNotifications
FN:93,(anonymous_4)
FN:125,scheduleAlarmNotification
FN:154,triggerImmediateAlarmNotification
FNF:7
FNH:5
FNDA:1,(anonymous_0)
FNDA:34,(anonymous_1)
FNDA:4,getNotificationConfigForSettings
FNDA:5,initializeNotifications
FNDA:0,(anonymous_4)
FNDA:2,scheduleAlarmNotification
FNDA:0,triggerImmediateAlarmNotification
DA:12,2
DA:15,2
DA:16,2
DA:17,1
DA:32,2
DA:60,2
DA:75,2
DA:76,34
DA:79,4
DA:80,4
DA:88,5
DA:89,3
DA:92,2
DA:93,0
DA:102,2
DA:103,2
DA:104,10
DA:105,30
DA:106,30
DA:107,30
DA:122,2
DA:129,2
DA:130,2
DA:131,2
DA:136,2
DA:140,2
DA:155,0
LF:27
LH:25
BRDA:15,0,0,2
BRDA:15,0,1,0
BRDA:40,1,0,2
BRDA:40,1,1,0
BRDA:45,2,0,2
BRDA:45,2,1,0
BRDA:50,3,0,2
BRDA:50,3,1,0
BRDA:88,4,0,3
BRDA:88,4,1,2
BRDA:102,5,0,2
BRDA:102,5,1,0
BRDA:112,6,0,30
BRDA:112,6,1,12
BRDA:130,7,0,2
BRDA:130,7,1,1
BRDA:136,8,0,2
BRDA:136,8,1,0
BRDA:144,9,0,2
BRDA:144,9,1,0
BRF:20
BRH:13
end_of_record
TN:
SF:src\services\authService.ts
FN:28,signUp
FN:44,login
FN:48,logout
FN:52,sendPasswordReset
FN:56,subscribeAuthState
FN:63,deleteCollectionByUser
FN:81,(anonymous_6)
FN:113,deleteAccountAndData
FN:131,(anonymous_8)
FN:137,(anonymous_9)
FN:143,(anonymous_10)
FN:149,(anonymous_11)
FNF:12
FNH:11
FNDA:2,signUp
FNDA:2,login
FNDA:1,logout
FNDA:1,sendPasswordReset
FNDA:0,subscribeAuthState
FNDA:4,deleteCollectionByUser
FNDA:8,(anonymous_6)
FNDA:2,deleteAccountAndData
FNDA:1,(anonymous_8)
FNDA:1,(anonymous_9)
FNDA:1,(anonymous_10)
FNDA:1,(anonymous_11)
DA:29,2
DA:30,1
DA:32,1
DA:41,1
DA:45,2
DA:49,1
DA:53,1
DA:57,0
DA:64,4
DA:65,4
DA:67,4
DA:68,0
DA:72,4
DA:73,4
DA:74,4
DA:77,4
DA:78,4
DA:79,4
DA:81,4
DA:82,8
DA:83,8
DA:86,4
DA:89,4
DA:91,0
DA:92,0
DA:94,0
DA:95,0
DA:114,2
DA:117,2
DA:118,1
DA:121,1
DA:122,1
DA:124,1
DA:125,1
DA:126,1
DA:130,1
DA:132,1
DA:133,1
DA:135,1
DA:138,1
DA:139,1
DA:141,1
DA:144,1
DA:145,1
DA:147,1
DA:150,1
DA:151,1
DA:153,1
DA:158,1
DA:161,1
DA:162,1
DA:163,1
DA:164,1
DA:165,1
DA:169,0
DA:170,0
DA:175,1
DA:177,1
DA:178,1
DA:181,0
DA:182,0
DA:184,0
DA:185,0
LF:63
LH:51
BRDA:67,0,0,0
BRDA:67,0,1,4
BRDA:91,1,0,0
BRDA:91,1,1,0
BRDA:117,2,0,1
BRDA:117,2,1,1
BRDA:125,3,0,1
BRDA:125,3,1,0
BRDA:132,4,0,1
BRDA:132,4,1,0
BRDA:138,5,0,1
BRDA:138,5,1,0
BRDA:144,6,0,1
BRDA:144,6,1,0
BRDA:150,7,0,1
BRDA:150,7,1,0
BRDA:164,8,0,1
BRDA:164,8,1,0
BRDA:169,9,0,0
BRDA:169,9,1,0
BRDA:177,10,0,1
BRDA:177,10,1,0
BRDA:181,11,0,0
BRDA:181,11,1,0
BRF:24
BRH:10
end_of_record
TN:
SF:src\services\firebase.ts
FN:36,getFirebaseConfig
FN:76,initializeFirebaseApp
FN:93,(anonymous_2)
FN:188,initializeFirebaseAuth
FN:235,initializeFirestore
FN:284,getAppInstance
FN:291,getAuthInstance
FN:298,getDbInstance
FNF:8
FNH:8
FNDA:2,getFirebaseConfig
FNDA:6,initializeFirebaseApp
FNDA:6,(anonymous_2)
FNDA:2,initializeFirebaseAuth
FNDA:2,initializeFirestore
FNDA:2,getAppInstance
FNDA:2,getAuthInstance
FNDA:2,getDbInstance
DA:38,2
DA:48,2
DA:49,2
DA:50,2
DA:52,2
DA:61,0
DA:62,0
DA:64,0
DA:74,2
DA:77,6
DA:78,4
DA:81,2
DA:83,2
DA:84,0
DA:85,0
DA:89,2
DA:92,2
DA:93,6
DA:95,2
DA:96,2
DA:97,2
DA:101,2
DA:102,2
DA:103,2
DA:105,2
DA:106,0
DA:107,0
DA:109,0
DA:110,0
DA:113,0
DA:114,0
DA:119,2
DA:120,2
DA:122,2
DA:130,2
DA:131,2
DA:135,0
DA:136,0
DA:137,0
DA:139,0
DA:141,0
DA:142,0
DA:146,0
DA:147,0
DA:148,0
DA:149,0
DA:152,0
DA:153,0
DA:158,0
DA:159,0
DA:167,0
DA:168,0
DA:169,0
DA:171,0
DA:173,0
DA:174,0
DA:176,0
DA:186,2
DA:189,2
DA:190,0
DA:193,2
DA:195,2
DA:196,2
DA:199,2
DA:200,2
DA:202,2
DA:205,0
DA:206,0
DA:207,0
DA:209,0
DA:210,0
DA:213,0
DA:214,0
DA:215,0
DA:217,0
DA:218,0
DA:221,0
DA:222,0
DA:233,2
DA:236,2
DA:237,0
DA:240,2
DA:242,2
DA:243,2
DA:244,2
DA:245,2
DA:247,2
DA:249,0
DA:250,0
DA:253,0
DA:254,0
DA:255,0
DA:257,0
DA:258,0
DA:261,0
DA:262,0
DA:263,0
DA:265,0
DA:266,0
DA:270,0
DA:271,0
DA:279,2
DA:280,2
DA:281,2
DA:285,2
DA:286,2
DA:288,2
DA:292,2
DA:293,2
DA:295,2
DA:299,2
DA:300,2
DA:302,2
DA:312,2
DA:313,2
DA:314,2
DA:315,2
DA:317,0
DA:318,0
DA:322,0
DA:323,0
DA:324,0
LF:122
LH:57
BRDA:39,0,0,2
BRDA:39,0,1,2
BRDA:40,1,0,2
BRDA:40,1,1,2
BRDA:41,2,0,2
BRDA:41,2,1,2
BRDA:42,3,0,2
BRDA:42,3,1,2
BRDA:43,4,0,2
BRDA:43,4,1,2
BRDA:44,5,0,2
BRDA:44,5,1,2
BRDA:49,6,0,2
BRDA:49,6,1,2
BRDA:50,7,0,2
BRDA:50,7,1,2
BRDA:53,8,0,2
BRDA:53,8,1,2
BRDA:53,8,2,2
BRDA:54,9,0,2
BRDA:54,9,1,2
BRDA:54,9,2,2
BRDA:55,10,0,2
BRDA:55,10,1,2
BRDA:55,10,2,2
BRDA:56,11,0,2
BRDA:56,11,1,2
BRDA:56,11,2,2
BRDA:57,12,0,2
BRDA:57,12,1,2
BRDA:57,12,2,2
BRDA:58,13,0,2
BRDA:58,13,1,2
BRDA:58,13,2,2
BRDA:61,14,0,0
BRDA:61,14,1,0
BRDA:77,15,0,4
BRDA:77,15,1,2
BRDA:83,16,0,0
BRDA:83,16,1,2
BRDA:95,17,0,2
BRDA:95,17,1,0
BRDA:96,18,0,2
BRDA:96,18,1,0
BRDA:102,19,0,2
BRDA:102,19,1,2
BRDA:103,20,0,2
BRDA:103,20,1,2
BRDA:105,21,0,0
BRDA:105,21,1,2
BRDA:105,22,0,2
BRDA:105,22,1,0
BRDA:105,22,2,0
BRDA:106,23,0,0
BRDA:106,23,1,0
BRDA:113,24,0,0
BRDA:113,24,1,0
BRDA:119,25,0,2
BRDA:119,25,1,0
BRDA:123,26,0,2
BRDA:123,26,1,2
BRDA:124,27,0,2
BRDA:124,27,1,2
BRDA:125,28,0,2
BRDA:125,28,1,2
BRDA:126,29,0,2
BRDA:126,29,1,2
BRDA:127,30,0,2
BRDA:127,30,1,2
BRDA:128,31,0,2
BRDA:128,31,1,2
BRDA:136,32,0,0
BRDA:136,32,1,0
BRDA:141,33,0,0
BRDA:141,33,1,0
BRDA:147,34,0,0
BRDA:147,34,1,0
BRDA:152,35,0,0
BRDA:152,35,1,0
BRDA:168,36,0,0
BRDA:168,36,1,0
BRDA:173,37,0,0
BRDA:173,37,1,0
BRDA:189,38,0,0
BRDA:189,38,1,2
BRDA:199,39,0,2
BRDA:199,39,1,0
BRDA:205,40,0,0
BRDA:205,40,1,0
BRDA:209,41,0,0
BRDA:209,41,1,0
BRDA:217,42,0,0
BRDA:217,42,1,0
BRDA:236,43,0,0
BRDA:236,43,1,2
BRDA:244,44,0,2
BRDA:244,44,1,0
BRDA:249,45,0,0
BRDA:249,45,1,0
BRDA:257,46,0,0
BRDA:257,46,1,0
BRDA:265,47,0,0
BRDA:265,47,1,0
BRDA:285,48,0,2
BRDA:285,48,1,0
BRDA:292,49,0,2
BRDA:292,49,1,0
BRDA:299,50,0,2
BRDA:299,50,1,0
BRDA:317,51,0,0
BRDA:317,51,1,0
BRF:111
BRH:65
end_of_record
TN:
SF:src\services\locationService.ts
FN:27,(anonymous_0)
FN:60,(anonymous_1)
FN:91,getCurrentLocation
FN:112,startForegroundLocationTracking
FN:146,stopForegroundLocationTracking
FN:162,getDynamicInterval
FN:178,startBackgroundLocationTracking
FN:236,stopBackgroundLocationTracking
FN:259,startGeofencing
FN:312,stopGeofencing
FNF:10
FNH:5
FNDA:0,(anonymous_0)
FNDA:0,(anonymous_1)
FNDA:3,getCurrentLocation
FNDA:3,startForegroundLocationTracking
FNDA:1,stopForegroundLocationTracking
FNDA:0,getDynamicInterval
FNDA:0,startBackgroundLocationTracking
FNDA:0,stopBackgroundLocationTracking
FNDA:7,startGeofencing
FNDA:3,stopGeofencing
DA:8,2
DA:9,2
DA:18,2
DA:20,2
DA:22,2
DA:24,0
DA:25,0
DA:28,0
DA:29,0
DA:30,0
DA:32,0
DA:33,0
DA:35,0
DA:36,0
DA:37,0
DA:39,0
DA:40,0
DA:50,2
DA:51,2
DA:56,2
DA:57,2
DA:58,0
DA:61,0
DA:62,0
DA:63,0
DA:65,0
DA:66,0
DA:68,0
DA:69,0
DA:72,0
DA:73,0
DA:84,0
DA:85,0
DA:89,2
DA:92,3
DA:93,3
DA:94,3
DA:95,2
DA:97,3
DA:98,1
DA:100,2
DA:104,0
DA:105,0
DA:107,0
DA:108,0
DA:116,3
DA:117,3
DA:118,3
DA:119,1
DA:122,2
DA:123,1
DA:127,2
DA:131,2
DA:139,2
DA:141,1
DA:142,1
DA:147,1
DA:148,1
DA:149,1
DA:163,0
DA:165,0
DA:166,0
DA:168,0
DA:169,0
DA:171,0
DA:174,0
DA:180,0
DA:181,0
DA:186,0
DA:187,0
DA:188,0
DA:189,0
DA:193,0
DA:194,0
DA:195,0
DA:196,0
DA:199,0
DA:200,0
DA:202,0
DA:207,0
DA:208,0
DA:212,0
DA:216,0
DA:228,0
DA:229,0
DA:231,0
DA:232,0
DA:238,0
DA:239,0
DA:242,0
DA:243,0
DA:244,0
DA:245,0
DA:248,0
DA:249,0
DA:251,0
DA:264,7
DA:265,1
DA:268,6
DA:270,6
DA:271,6
DA:272,2
DA:273,2
DA:275,0
DA:276,0
DA:278,0
DA:282,6
DA:283,1
DA:287,5
DA:289,5
DA:300,5
DA:302,1
DA:303,1
DA:305,1
DA:313,3
DA:314,1
DA:317,2
DA:318,2
DA:320,1
DA:321,1
DA:323,1
LF:121
LH:53
BRDA:24,0,0,0
BRDA:24,0,1,0
BRDA:24,1,0,0
BRDA:24,1,1,0
BRDA:24,1,2,0
BRDA:28,2,0,0
BRDA:28,2,1,0
BRDA:29,3,0,0
BRDA:29,3,1,0
BRDA:35,4,0,0
BRDA:35,4,1,0
BRDA:36,5,0,0
BRDA:36,5,1,0
BRDA:36,6,0,0
BRDA:36,6,1,0
BRDA:43,7,0,0
BRDA:43,7,1,0
BRDA:50,8,0,2
BRDA:50,8,1,0
BRDA:57,9,0,0
BRDA:57,9,1,2
BRDA:57,10,0,2
BRDA:57,10,1,2
BRDA:57,10,2,0
BRDA:61,11,0,0
BRDA:61,11,1,0
BRDA:62,12,0,0
BRDA:62,12,1,0
BRDA:68,13,0,0
BRDA:68,13,1,0
BRDA:69,14,0,0
BRDA:69,14,1,0
BRDA:72,15,0,0
BRDA:72,15,1,0
BRDA:84,16,0,0
BRDA:84,16,1,0
BRDA:94,17,0,2
BRDA:94,17,1,1
BRDA:97,18,0,1
BRDA:97,18,1,2
BRDA:104,19,0,0
BRDA:104,19,1,0
BRDA:118,20,0,1
BRDA:118,20,1,2
BRDA:122,21,0,1
BRDA:122,21,1,1
BRDA:127,22,0,0
BRDA:127,22,1,2
BRDA:147,23,0,1
BRDA:147,23,1,0
BRDA:163,24,0,0
BRDA:163,24,1,0
BRDA:166,25,0,0
BRDA:166,25,1,0
BRDA:169,26,0,0
BRDA:169,26,1,0
BRDA:180,27,0,0
BRDA:180,27,1,0
BRDA:188,28,0,0
BRDA:188,28,1,0
BRDA:194,29,0,0
BRDA:194,29,1,0
BRDA:199,30,0,0
BRDA:199,30,1,0
BRDA:207,31,0,0
BRDA:207,31,1,0
BRDA:212,32,0,0
BRDA:212,32,1,0
BRDA:228,33,0,0
BRDA:228,33,1,0
BRDA:238,34,0,0
BRDA:238,34,1,0
BRDA:244,35,0,0
BRDA:244,35,1,0
BRDA:248,36,0,0
BRDA:248,36,1,0
BRDA:264,37,0,1
BRDA:264,37,1,6
BRDA:271,38,0,2
BRDA:271,38,1,4
BRDA:275,39,0,0
BRDA:275,39,1,0
BRDA:282,40,0,1
BRDA:282,40,1,5
BRDA:302,41,0,1
BRDA:302,41,1,0
BRDA:313,42,0,1
BRDA:313,42,1,2
BRDA:320,43,0,1
BRDA:320,43,1,0
BRF:90
BRH:24
end_of_record
TN:
SF:src\services\offlineQueueService.ts
FN:26,addPendingAlarmSessionCreate
FN:45,getPendingAlarmSessionCreates
FN:61,removePendingAlarmSessionCreate
FN:64,(anonymous_3)
FN:78,clearPendingAlarmSessionCreates
FN:93,isLocalSessionId
FNF:6
FNH:0
FNDA:0,addPendingAlarmSessionCreate
FNDA:0,getPendingAlarmSessionCreates
FNDA:0,removePendingAlarmSessionCreate
FNDA:0,(anonymous_3)
FNDA:0,clearPendingAlarmSessionCreates
FNDA:0,isLocalSessionId
DA:4,2
DA:29,0
DA:30,0
DA:31,0
DA:32,0
DA:33,0
DA:34,0
DA:37,0
DA:38,0
DA:46,0
DA:47,0
DA:48,0
DA:49,0
DA:51,0
DA:53,0
DA:54,0
DA:62,0
DA:63,0
DA:64,0
DA:65,0
DA:66,0
DA:67,0
DA:70,0
DA:71,0
DA:79,0
DA:80,0
DA:81,0
DA:82,0
DA:85,0
DA:86,0
DA:94,0
LF:31
LH:1
BRDA:33,0,0,0
BRDA:33,0,1,0
BRDA:48,1,0,0
BRDA:48,1,1,0
BRDA:66,2,0,0
BRDA:66,2,1,0
BRDA:81,3,0,0
BRDA:81,3,1,0
BRF:8
BRH:0
end_of_record
TN:
SF:src\services\stopsService.ts
FN:21,(anonymous_0)
FN:46,fetchStops
FN:54,(anonymous_2)
FN:63,getStopById
FN:72,getUserTargetById
FN:82,createUserTarget
FNF:6
FNH:0
FNDA:0,(anonymous_0)
FNDA:0,fetchStops
FNDA:0,(anonymous_2)
FNDA:0,getStopById
FNDA:0,getUserTargetById
FNDA:0,createUserTarget
DA:18,3
DA:19,3
DA:21,3
DA:22,0
DA:23,0
DA:24,0
DA:29,0
DA:47,0
DA:48,0
DA:49,0
DA:50,0
DA:52,0
DA:53,0
DA:54,0
DA:56,0
DA:57,0
DA:59,0
DA:64,0
DA:65,0
DA:66,0
DA:67,0
DA:69,0
DA:73,0
DA:74,0
DA:75,0
DA:76,0
DA:78,0
DA:79,0
DA:86,0
DA:91,0
DA:92,0
LF:31
LH:3
BRDA:22,0,0,0
BRDA:22,0,1,0
BRDA:23,1,0,0
BRDA:23,1,1,0
BRDA:24,2,0,0
BRDA:24,2,1,0
BRDA:26,3,0,0
BRDA:26,3,1,0
BRDA:31,4,0,0
BRDA:31,4,1,0
BRDA:32,5,0,0
BRDA:32,5,1,0
BRDA:33,6,0,0
BRDA:33,6,1,0
BRDA:34,7,0,0
BRDA:34,7,1,0
BRDA:35,8,0,0
BRDA:35,8,1,0
BRDA:38,9,0,0
BRDA:38,9,1,0
BRDA:39,10,0,0
BRDA:39,10,1,0
BRDA:40,11,0,0
BRDA:40,11,1,0
BRDA:46,12,0,0
BRDA:49,13,0,0
BRDA:49,13,1,0
BRDA:56,14,0,0
BRDA:56,14,1,0
BRDA:66,15,0,0
BRDA:66,15,1,0
BRDA:75,16,0,0
BRDA:75,16,1,0
BRF:33
BRH:0
end_of_record
TN:
SF:src\services\transitApiClient.ts
FN:42,sleep
FN:43,(anonymous_1)
FN:50,getRetryDelay
FN:57,getCachedResponse
FN:80,setCachedResponse
FN:86,(anonymous_5)
FN:89,(anonymous_6)
FN:106,invalidateCache
FN:115,(anonymous_8)
FN:117,(anonymous_9)
FN:127,(anonymous_10)
FN:127,(anonymous_11)
FN:143,apiGet
FN:166,(anonymous_13)
FN:200,(anonymous_14)
FN:203,(anonymous_15)
FN:220,makeRequest
FN:267,(anonymous_17)
FN:305,(anonymous_18)
FN:357,(anonymous_19)
FN:453,apiSearchStops
FN:467,apiGetLines
FN:480,apiGetLineStops
FN:494,apiGetStopById
FNF:24
FNH:15
FNDA:2,sleep
FNDA:2,(anonymous_1)
FNDA:2,getRetryDelay
FNDA:10,getCachedResponse
FNDA:8,setCachedResponse
FNDA:0,(anonymous_5)
FNDA:0,(anonymous_6)
FNDA:14,invalidateCache
FNDA:0,(anonymous_8)
FNDA:0,(anonymous_9)
FNDA:9,(anonymous_10)
FNDA:0,(anonymous_11)
FNDA:10,apiGet
FNDA:5,(anonymous_13)
FNDA:0,(anonymous_14)
FNDA:9,(anonymous_15)
FNDA:11,makeRequest
FNDA:0,(anonymous_17)
FNDA:0,(anonymous_18)
FNDA:0,(anonymous_19)
FNDA:3,apiSearchStops
FNDA:2,apiGetLines
FNDA:2,apiGetLineStops
FNDA:3,apiGetStopById
DA:19,4
DA:31,4
DA:32,4
DA:33,4
DA:34,4
DA:37,4
DA:43,2
DA:51,2
DA:53,2
DA:54,2
DA:58,10
DA:59,10
DA:60,10
DA:61,0
DA:64,10
DA:65,10
DA:66,10
DA:67,1
DA:68,1
DA:69,1
DA:70,1
DA:73,0
DA:74,0
DA:77,0
DA:81,8
DA:82,8
DA:85,8
DA:86,0
DA:87,0
DA:88,0
DA:89,0
DA:93,8
DA:94,8
DA:96,0
DA:97,0
DA:107,14
DA:109,1
DA:110,1
DA:111,0
DA:112,0
DA:115,1
DA:116,0
DA:117,0
DA:119,1
DA:120,1
DA:124,13
DA:125,13
DA:126,13
DA:127,9
DA:129,13
DA:130,13
DA:145,10
DA:148,10
DA:149,1
DA:150,1
DA:152,1
DA:155,10
DA:158,10
DA:159,1
DA:160,1
DA:162,1
DA:165,10
DA:166,4
DA:167,5
DA:168,5
DA:173,10
DA:174,10
DA:175,10
DA:176,1
DA:177,1
DA:179,1
DA:183,9
DA:184,9
DA:185,9
DA:186,0
DA:187,0
DA:189,0
DA:190,0
DA:193,0
DA:198,9
DA:199,9
DA:200,9
DA:203,9
DA:204,9
DA:205,9
DA:208,9
DA:212,9
DA:214,9
DA:232,11
DA:234,11
DA:235,11
DA:242,1
DA:246,1
DA:254,1
DA:256,1
DA:258,0
DA:259,0
DA:260,0
DA:261,0
DA:263,0
DA:265,0
DA:266,0
DA:267,0
DA:268,0
DA:269,0
DA:271,0
DA:276,0
DA:277,0
DA:278,0
DA:279,0
DA:281,0
DA:284,0
DA:285,0
DA:287,0
DA:288,0
DA:290,0
DA:291,0
DA:295,1
DA:296,1
DA:297,1
DA:298,1
DA:299,1
DA:301,1
DA:303,1
DA:304,1
DA:305,1
DA:306,1
DA:307,1
DA:309,1
DA:314,0
DA:315,0
DA:316,0
DA:317,0
DA:319,0
DA:323,0
DA:324,0
DA:326,0
DA:327,0
DA:337,0
DA:338,0
DA:342,0
DA:345,10
DA:347,10
DA:349,2
DA:350,1
DA:351,1
DA:352,1
DA:354,1
DA:356,1
DA:357,1
DA:358,1
DA:359,1
DA:360,1
DA:362,1
DA:366,1
DA:367,1
DA:369,1
DA:370,1
DA:371,1
DA:372,1
DA:373,1
DA:375,1
DA:376,0
DA:380,0
DA:381,0
DA:382,0
DA:383,0
DA:390,1
DA:391,1
DA:392,1
DA:393,1
DA:396,1
DA:397,1
DA:407,1
DA:408,1
DA:411,8
DA:412,8
DA:413,8
DA:414,8
DA:416,1
DA:419,1
DA:422,1
DA:426,0
DA:427,0
DA:436,0
DA:437,0
DA:441,0
DA:442,0
DA:443,0
DA:458,3
DA:471,2
DA:483,2
DA:495,3
LF:193
LH:128
BRDA:60,0,0,0
BRDA:60,0,1,10
BRDA:60,1,0,10
BRDA:60,1,1,0
BRDA:66,2,0,9
BRDA:66,2,1,1
BRDA:68,3,0,1
BRDA:68,3,1,0
BRDA:73,4,0,0
BRDA:73,4,1,0
BRDA:85,5,0,0
BRDA:85,5,1,8
BRDA:87,6,0,0
BRDA:87,6,1,0
BRDA:96,7,0,0
BRDA:96,7,1,0
BRDA:107,8,0,1
BRDA:107,8,1,13
BRDA:111,9,0,0
BRDA:111,9,1,0
BRDA:119,10,0,1
BRDA:119,10,1,0
BRDA:129,11,0,13
BRDA:129,11,1,0
BRDA:143,12,0,10
BRDA:148,13,0,1
BRDA:148,13,1,9
BRDA:148,14,0,10
BRDA:148,14,1,10
BRDA:149,15,0,1
BRDA:149,15,1,0
BRDA:158,16,0,1
BRDA:158,16,1,9
BRDA:158,17,0,10
BRDA:158,17,1,10
BRDA:159,18,0,1
BRDA:159,18,1,0
BRDA:165,19,0,4
BRDA:165,19,1,6
BRDA:167,20,0,5
BRDA:167,20,1,0
BRDA:167,21,0,5
BRDA:167,21,1,5
BRDA:167,21,2,5
BRDA:175,22,0,1
BRDA:175,22,1,9
BRDA:176,23,0,1
BRDA:176,23,1,0
BRDA:183,24,0,9
BRDA:183,24,1,6
BRDA:185,25,0,0
BRDA:185,25,1,9
BRDA:186,26,0,0
BRDA:186,26,1,0
BRDA:246,27,0,1
BRDA:246,27,1,0
BRDA:246,27,2,0
BRDA:246,27,3,0
BRDA:246,27,4,0
BRDA:246,27,5,0
BRDA:246,27,6,0
BRDA:254,28,0,1
BRDA:254,28,1,0
BRDA:254,29,0,1
BRDA:254,29,1,0
BRDA:256,30,0,0
BRDA:256,30,1,1
BRDA:258,31,0,0
BRDA:258,31,1,0
BRDA:260,32,0,0
BRDA:260,32,1,0
BRDA:277,33,0,0
BRDA:277,33,1,0
BRDA:278,34,0,0
BRDA:278,34,1,0
BRDA:287,35,0,0
BRDA:287,35,1,0
BRDA:296,36,0,1
BRDA:296,36,1,0
BRDA:298,37,0,1
BRDA:298,37,1,0
BRDA:315,38,0,0
BRDA:315,38,1,0
BRDA:316,39,0,0
BRDA:316,39,1,0
BRDA:326,40,0,0
BRDA:326,40,1,0
BRDA:347,41,0,2
BRDA:347,41,1,8
BRDA:349,42,0,1
BRDA:349,42,1,1
BRDA:349,43,0,2
BRDA:349,43,1,2
BRDA:351,44,0,1
BRDA:351,44,1,0
BRDA:356,45,0,1
BRDA:356,45,1,1
BRDA:371,46,0,1
BRDA:371,46,1,0
BRDA:371,47,0,1
BRDA:371,47,1,1
BRDA:372,48,0,1
BRDA:372,48,1,0
BRDA:375,49,0,0
BRDA:375,49,1,1
BRDA:382,50,0,0
BRDA:382,50,1,0
BRDA:390,51,0,1
BRDA:390,51,1,0
BRDA:396,52,0,1
BRDA:396,52,1,0
BRDA:412,53,0,8
BRDA:412,53,1,0
BRDA:412,54,0,8
BRDA:412,54,1,8
BRDA:419,55,0,1
BRDA:419,55,1,0
BRDA:419,56,0,1
BRDA:419,56,1,1
BRDA:419,56,2,1
BRDA:426,57,0,0
BRDA:426,57,1,0
BRDA:436,58,0,0
BRDA:436,58,1,0
BRF:124
BRH:62
end_of_record
TN:
SF:src\services\transitProvider.ts
FN:26,fetchAllLines
FN:42,searchRoutesByQuery
FN:65,searchStops
FN:89,fetchLineStops
FN:103,fetchStopById
FNF:5
FNH:0
FNDA:0,fetchAllLines
FNDA:0,searchRoutesByQuery
FNDA:0,searchStops
FNDA:0,fetchLineStops
FNDA:0,fetchStopById
DA:27,0
DA:28,0
DA:29,0
DA:31,0
DA:32,0
DA:46,0
DA:47,0
DA:48,0
DA:51,0
DA:52,0
DA:54,0
DA:55,0
DA:69,0
DA:70,0
DA:71,0
DA:74,0
DA:80,0
DA:92,0
DA:93,0
DA:104,0
DA:105,0
DA:106,0
DA:109,0
LF:23
LH:0
BRDA:28,0,0,0
BRDA:28,0,1,0
BRDA:29,1,0,0
BRDA:29,1,1,0
BRDA:29,2,0,0
BRDA:29,2,1,0
BRDA:31,3,0,0
BRDA:31,3,1,0
BRDA:47,4,0,0
BRDA:47,4,1,0
BRDA:47,5,0,0
BRDA:47,5,1,0
BRDA:52,6,0,0
BRDA:52,6,1,0
BRDA:70,7,0,0
BRDA:70,7,1,0
BRDA:70,8,0,0
BRDA:70,8,1,0
BRDA:77,9,0,0
BRDA:77,9,1,0
BRDA:106,10,0,0
BRDA:106,10,1,0
BRF:22
BRH:0
end_of_record
TN:
SF:src\theme\colors.ts
FNF:0
FNH:0
DA:14,1
DA:20,1
DA:33,1
LF:3
LH:3
BRF:0
BRH:0
end_of_record
TN:
SF:src\theme\palette.ts
FNF:0
FNH:0
DA:7,2
DA:54,2
LF:2
LH:2
BRF:0
BRH:0
end_of_record
TN:
SF:src\theme\useAppTheme.ts
FN:12,useAppTheme
FNF:1
FNH:1
FNDA:2,useAppTheme
DA:13,2
DA:15,2
LF:2
LH:2
BRF:0
BRH:0
end_of_record
TN:
SF:src\utils\distance.ts
FN:5,(anonymous_0)
FN:7,(anonymous_1)
FN:22,getDistanceInMeters
FN:26,(anonymous_3)
FN:37,(anonymous_4)
FN:41,(anonymous_5)
FN:42,(anonymous_6)
FN:44,(anonymous_7)
FNF:8
FNH:0
FNDA:0,(anonymous_0)
FNDA:0,(anonymous_1)
FNDA:0,getDistanceInMeters
FNDA:0,(anonymous_3)
FNDA:0,(anonymous_4)
FNDA:0,(anonymous_5)
FNDA:0,(anonymous_6)
FNDA:0,(anonymous_7)
DA:3,1
DA:5,1
DA:7,1
DA:8,0
DA:9,0
DA:12,0
DA:18,0
DA:19,0
DA:23,0
DA:26,1
DA:33,0
DA:34,0
DA:36,0
DA:37,0
DA:41,0
DA:42,0
DA:44,0
LF:17
LH:4
BRDA:30,0,0,0
BRDA:31,1,0,0
BRDA:33,2,0,0
BRDA:33,2,1,0
BRDA:41,3,0,0
BRDA:41,3,1,0
BRF:6
BRH:0
end_of_record
TN:
SF:src\utils\env.ts
FN:14,(anonymous_0)
FN:22,(anonymous_1)
FN:30,(anonymous_2)
FN:38,(anonymous_3)
FN:49,getTransitApiBaseUrl
FN:68,getGoogleMapsApiKey
FNF:6
FNH:0
FNDA:0,(anonymous_0)
FNDA:0,(anonymous_1)
FNDA:0,(anonymous_2)
FNDA:0,(anonymous_3)
FNDA:0,getTransitApiBaseUrl
FNDA:0,getGoogleMapsApiKey
DA:14,3
DA:15,0
DA:16,0
DA:22,3
DA:23,0
DA:24,0
DA:30,3
DA:31,0
DA:32,0
DA:38,3
DA:39,0
DA:40,0
DA:51,0
DA:54,0
DA:69,0
DA:72,0
DA:77,0
DA:79,0
DA:81,0
DA:82,0
DA:83,0
DA:89,0
DA:92,0
LF:23
LH:4
BRDA:15,0,0,0
BRDA:15,0,1,0
BRDA:15,0,2,0
BRDA:23,1,0,0
BRDA:23,1,1,0
BRDA:23,1,2,0
BRDA:31,2,0,0
BRDA:31,2,1,0
BRDA:31,2,2,0
BRDA:39,3,0,0
BRDA:39,3,1,0
BRDA:39,3,2,0
BRDA:69,4,0,0
BRDA:69,4,1,0
BRDA:72,5,0,0
BRDA:72,5,1,0
BRDA:73,6,0,0
BRDA:73,6,1,0
BRDA:74,7,0,0
BRDA:74,7,1,0
BRDA:77,8,0,0
BRDA:77,8,1,0
BRDA:79,9,0,0
BRDA:79,9,1,0
BRDA:81,10,0,0
BRDA:81,10,1,0
BRDA:82,11,0,0
BRDA:82,11,1,0
BRDA:85,12,0,0
BRDA:85,12,1,0
BRF:30
BRH:0
end_of_record
TN:
SF:src\utils\errorReporting.ts
FN:36,captureError
FNF:1
FNH:0
FNDA:0,captureError
DA:14,1
DA:17,1
DA:19,1
DA:22,0
DA:23,0
DA:37,0
DA:38,0
DA:39,0
DA:42,0
DA:43,0
DA:46,0
DA:47,0
DA:48,0
DA:52,0
DA:56,0
DA:57,0
LF:16
LH:3
BRDA:22,0,0,0
BRDA:22,0,1,0
BRDA:37,1,0,0
BRDA:37,1,1,0
BRDA:38,2,0,0
BRDA:38,2,1,0
BRDA:42,3,0,0
BRDA:42,3,1,0
BRDA:42,4,0,0
BRDA:42,4,1,0
BRDA:42,4,2,0
BRDA:47,5,0,0
BRDA:47,5,1,0
BRDA:56,6,0,0
BRDA:56,6,1,0
BRF:15
BRH:0
end_of_record
TN:
SF:transit-api\src\index.ts
FN:28,(anonymous_0)
FN:44,(anonymous_1)
FN:54,(anonymous_2)
FN:58,(anonymous_3)
FN:66,(anonymous_4)
FN:71,(anonymous_5)
FN:83,(anonymous_6)
FN:113,(anonymous_7)
FN:124,(anonymous_8)
FN:143,(anonymous_9)
FN:180,(anonymous_10)
FN:212,(anonymous_11)
FN:276,(anonymous_12)
FN:295,(anonymous_13)
FN:388,(anonymous_14)
FN:400,(anonymous_15)
FNF:16
FNH:15
FNDA:56,(anonymous_0)
FNDA:39,(anonymous_1)
FNDA:17,(anonymous_2)
FNDA:52,(anonymous_3)
FNDA:11,(anonymous_4)
FNDA:2,(anonymous_5)
FNDA:10,(anonymous_6)
FNDA:4,(anonymous_7)
FNDA:2,(anonymous_8)
FNDA:3,(anonymous_9)
FNDA:3,(anonymous_10)
FNDA:9,(anonymous_11)
FNDA:1,(anonymous_12)
FNDA:8,(anonymous_13)
FNDA:2,(anonymous_14)
FNDA:0,(anonymous_15)
DA:14,1
DA:16,1
DA:19,1
DA:22,1
DA:24,1
DA:25,1
DA:28,1
DA:29,56
DA:30,56
DA:31,0
DA:33,56
DA:38,1
DA:44,39
DA:48,1
DA:54,17
DA:58,1
DA:59,52
DA:60,13
DA:62,39
DA:66,1
DA:67,11
DA:71,1
DA:72,2
DA:73,2
DA:83,1
DA:84,10
DA:85,10
DA:86,10
DA:88,10
DA:89,2
DA:92,8
DA:93,8
DA:95,8
DA:96,7
DA:97,7
DA:99,7
DA:102,1
DA:103,1
DA:104,1
DA:105,1
DA:113,1
DA:114,4
DA:115,4
DA:116,4
DA:118,4
DA:119,4
DA:121,4
DA:124,3
DA:126,3
DA:127,3
DA:129,3
DA:132,1
DA:133,1
DA:134,1
DA:135,1
DA:143,1
DA:144,3
DA:145,3
DA:147,3
DA:148,0
DA:151,3
DA:152,3
DA:154,3
DA:156,2
DA:157,1
DA:158,1
DA:160,1
DA:163,1
DA:164,1
DA:166,1
DA:169,1
DA:170,1
DA:171,1
DA:172,1
DA:180,1
DA:181,3
DA:182,3
DA:183,3
DA:184,3
DA:186,3
DA:188,2
DA:189,1
DA:190,1
DA:192,1
DA:195,1
DA:196,1
DA:198,1
DA:201,1
DA:202,1
DA:203,1
DA:204,1
DA:212,1
DA:213,9
DA:214,9
DA:215,9
DA:216,9
DA:219,9
DA:220,1
DA:223,8
DA:224,2
DA:227,6
DA:228,6
DA:229,1
DA:230,1
DA:232,1
DA:235,5
DA:237,5
DA:238,5
DA:239,1
DA:240,1
DA:242,1
DA:245,4
DA:246,4
DA:249,4
DA:250,1
DA:251,1
DA:252,1
DA:254,1
DA:258,3
DA:259,1
DA:260,1
DA:262,1
DA:265,2
DA:266,0
DA:267,0
DA:268,0
DA:270,0
DA:273,2
DA:276,2
DA:282,2
DA:285,0
DA:286,0
DA:287,0
DA:295,1
DA:296,8
DA:297,8
DA:298,8
DA:300,8
DA:301,1
DA:304,7
DA:305,7
DA:306,1
DA:307,1
DA:309,1
DA:312,6
DA:314,6
DA:315,6
DA:316,1
DA:317,1
DA:319,1
DA:322,5
DA:323,5
DA:326,5
DA:327,1
DA:328,1
DA:329,1
DA:331,1
DA:335,4
DA:336,1
DA:337,1
DA:339,1
DA:342,3
DA:343,1
DA:344,1
DA:346,1
DA:349,2
DA:350,0
DA:351,0
DA:352,0
DA:354,0
DA:357,2
DA:359,2
DA:360,1
DA:361,1
DA:363,1
DA:366,1
DA:369,1
DA:378,0
DA:379,0
DA:380,0
DA:388,1
DA:389,2
DA:398,1
DA:399,0
DA:400,0
DA:401,0
DA:402,0
DA:403,0
LF:188
LH:167
BRDA:19,0,0,1
BRDA:19,0,1,0
BRDA:30,1,0,0
BRDA:30,1,1,56
BRDA:33,2,0,56
BRDA:33,2,1,0
BRDA:33,2,2,0
BRDA:59,3,0,13
BRDA:59,3,1,39
BRDA:59,4,0,52
BRDA:59,4,1,41
BRDA:76,5,0,0
BRDA:76,5,1,2
BRDA:85,6,0,10
BRDA:85,6,1,0
BRDA:86,7,0,10
BRDA:86,7,1,0
BRDA:86,8,0,10
BRDA:86,8,1,9
BRDA:88,9,0,2
BRDA:88,9,1,8
BRDA:88,10,0,10
BRDA:88,10,1,9
BRDA:92,11,0,8
BRDA:92,11,1,0
BRDA:96,12,0,7
BRDA:96,12,1,0
BRDA:103,13,0,1
BRDA:103,13,1,0
BRDA:104,14,0,1
BRDA:104,14,1,1
BRDA:107,15,0,0
BRDA:107,15,1,1
BRDA:116,16,0,4
BRDA:116,16,1,3
BRDA:118,17,0,4
BRDA:118,17,1,0
BRDA:121,18,0,1
BRDA:121,18,1,3
BRDA:124,19,0,1
BRDA:124,19,1,2
BRDA:126,20,0,3
BRDA:126,20,1,0
BRDA:133,21,0,1
BRDA:133,21,1,0
BRDA:134,22,0,1
BRDA:134,22,1,1
BRDA:137,23,0,0
BRDA:137,23,1,1
BRDA:147,24,0,0
BRDA:147,24,1,3
BRDA:151,25,0,3
BRDA:151,25,1,0
BRDA:156,26,0,1
BRDA:156,26,1,1
BRDA:156,27,0,2
BRDA:156,27,1,1
BRDA:157,28,0,1
BRDA:157,28,1,0
BRDA:163,29,0,1
BRDA:163,29,1,0
BRDA:170,30,0,1
BRDA:170,30,1,0
BRDA:171,31,0,1
BRDA:171,31,1,1
BRDA:174,32,0,0
BRDA:174,32,1,1
BRDA:183,33,0,3
BRDA:183,33,1,0
BRDA:188,34,0,1
BRDA:188,34,1,1
BRDA:189,35,0,1
BRDA:189,35,1,0
BRDA:195,36,0,1
BRDA:195,36,1,0
BRDA:202,37,0,1
BRDA:202,37,1,0
BRDA:203,38,0,1
BRDA:203,38,1,1
BRDA:206,39,0,0
BRDA:206,39,1,1
BRDA:215,40,0,9
BRDA:215,40,1,8
BRDA:216,41,0,9
BRDA:216,41,1,9
BRDA:219,42,0,1
BRDA:219,42,1,8
BRDA:219,43,0,9
BRDA:219,43,1,8
BRDA:223,44,0,2
BRDA:223,44,1,6
BRDA:223,45,0,8
BRDA:223,45,1,7
BRDA:228,46,0,1
BRDA:228,46,1,5
BRDA:229,47,0,1
BRDA:229,47,1,0
BRDA:238,48,0,1
BRDA:238,48,1,4
BRDA:239,49,0,1
BRDA:239,49,1,0
BRDA:246,50,0,4
BRDA:246,50,1,0
BRDA:246,51,0,4
BRDA:246,51,1,4
BRDA:249,52,0,1
BRDA:249,52,1,3
BRDA:250,53,0,1
BRDA:250,53,1,0
BRDA:251,54,0,1
BRDA:251,54,1,0
BRDA:258,55,0,1
BRDA:258,55,1,2
BRDA:259,56,0,1
BRDA:259,56,1,0
BRDA:265,57,0,0
BRDA:265,57,1,2
BRDA:265,58,0,2
BRDA:265,58,1,1
BRDA:266,59,0,0
BRDA:266,59,1,0
BRDA:267,60,0,0
BRDA:267,60,1,0
BRDA:273,61,0,2
BRDA:273,61,1,0
BRDA:278,62,0,1
BRDA:278,62,1,0
BRDA:286,63,0,0
BRDA:286,63,1,0
BRDA:289,64,0,0
BRDA:289,64,1,0
BRDA:298,65,0,8
BRDA:298,65,1,7
BRDA:300,66,0,1
BRDA:300,66,1,7
BRDA:305,67,0,1
BRDA:305,67,1,6
BRDA:306,68,0,1
BRDA:306,68,1,0
BRDA:315,69,0,1
BRDA:315,69,1,5
BRDA:316,70,0,1
BRDA:316,70,1,0
BRDA:323,71,0,5
BRDA:323,71,1,0
BRDA:323,72,0,5
BRDA:323,72,1,5
BRDA:326,73,0,1
BRDA:326,73,1,4
BRDA:327,74,0,1
BRDA:327,74,1,0
BRDA:328,75,0,1
BRDA:328,75,1,0
BRDA:335,76,0,1
BRDA:335,76,1,3
BRDA:336,77,0,1
BRDA:336,77,1,0
BRDA:342,78,0,1
BRDA:342,78,1,2
BRDA:343,79,0,1
BRDA:343,79,1,0
BRDA:349,80,0,0
BRDA:349,80,1,2
BRDA:350,81,0,0
BRDA:350,81,1,0
BRDA:351,82,0,0
BRDA:351,82,1,0
BRDA:359,83,0,1
BRDA:359,83,1,1
BRDA:359,84,0,2
BRDA:359,84,1,2
BRDA:359,84,2,1
BRDA:360,85,0,1
BRDA:360,85,1,0
BRDA:371,86,0,1
BRDA:371,86,1,0
BRDA:374,87,0,1
BRDA:374,87,1,0
BRDA:379,88,0,0
BRDA:379,88,1,0
BRDA:382,89,0,0
BRDA:382,89,1,0
BRDA:398,90,0,0
BRDA:398,90,1,1
BRDA:398,91,0,1
BRDA:398,91,1,0
BRDA:399,92,0,0
BRDA:399,92,1,0
BRDA:401,93,0,0
BRDA:401,93,1,0
BRF:190
BRH:122
end_of_record
TN:
SF:transit-api\src\clients\iettClient.ts
FN:85,ckanDatastoreSearch
FN:92,(anonymous_1)
FN:111,mapRouteTypeToMode
FN:126,mapStopRecordToTransitStop
FN:146,mapRouteRecordToTransitLine
FN:164,getAllStopsFromIbb
FN:201,searchStopsFromIbb
FN:210,(anonymous_7)
FN:221,getNearbyStopsFromIbb
FN:229,(anonymous_9)
FN:240,(anonymous_10)
FN:241,(anonymous_11)
FN:243,(anonymous_12)
FN:254,getAllLinesFromIbb
FN:290,getLineStopsFromIbb
FN:334,(anonymous_15)
FN:338,(anonymous_16)
FN:347,(anonymous_17)
FN:437,callSoap
FN:453,(anonymous_19)
FN:522,extractSoapResultString
FN:544,(anonymous_21)
FN:604,parseIettJsonArray
FN:623,(anonymous_23)
FN:673,parsePoint
FN:693,mapIettStopToTransitStop
FN:716,mapIettLineToTransitLine
FN:770,getAllStopsFromIett
FN:800,(anonymous_28)
FN:812,(anonymous_29)
FN:837,searchStopsByNameOrCode
FN:849,(anonymous_31)
FN:855,(anonymous_32)
FN:864,(anonymous_33)
FN:875,(anonymous_34)
FN:892,getStopByIdFromIett
FN:894,(anonymous_36)
FN:904,getAllLinesFromIett
FN:934,(anonymous_38)
FN:946,(anonymous_39)
FN:971,searchLinesByQuery
FN:982,(anonymous_41)
FN:1022,parseDurakDetayXml
FN:1041,(anonymous_43)
FN:1125,getLineStopsFromIett
FN:1139,(anonymous_45)
FN:1149,(anonymous_46)
FN:1156,(anonymous_47)
FN:1322,(anonymous_48)
FN:1331,(anonymous_49)
FN:1334,(anonymous_50)
FN:1343,(anonymous_51)
FN:1375,(anonymous_52)
FN:1498,ckanSqlQuery
FN:1545,escapeSqlString
FN:1563,getAllRoutes
FN:1578,(anonymous_56)
FN:1599,searchRoutesByQuery
FN:1625,(anonymous_58)
FN:1652,getTripsByRoute
FN:1668,(anonymous_60)
FN:1691,getStopTimesByTrip
FN:1709,(anonymous_62)
FN:1733,getStopsByIds
FN:1739,(anonymous_64)
FN:1751,(anonymous_65)
FN:1789,getAllStops
FN:1805,(anonymous_67)
FN:1827,(anonymous_68)
FN:1837,searchStops
FN:1847,(anonymous_70)
FN:1859,getNearbyStops
FN:1867,(anonymous_72)
FN:1873,(anonymous_73)
FN:1874,(anonymous_74)
FN:1876,(anonymous_75)
FN:1882,getStopById
FN:1902,getLineStops
FN:1915,(anonymous_78)
FNF:79
FNH:0
FNDA:0,ckanDatastoreSearch
FNDA:0,(anonymous_1)
FNDA:0,mapRouteTypeToMode
FNDA:0,mapStopRecordToTransitStop
FNDA:0,mapRouteRecordToTransitLine
FNDA:0,getAllStopsFromIbb
FNDA:0,searchStopsFromIbb
FNDA:0,(anonymous_7)
FNDA:0,getNearbyStopsFromIbb
FNDA:0,(anonymous_9)
FNDA:0,(anonymous_10)
FNDA:0,(anonymous_11)
FNDA:0,(anonymous_12)
FNDA:0,getAllLinesFromIbb
FNDA:0,getLineStopsFromIbb
FNDA:0,(anonymous_15)
FNDA:0,(anonymous_16)
FNDA:0,(anonymous_17)
FNDA:0,callSoap
FNDA:0,(anonymous_19)
FNDA:0,extractSoapResultString
FNDA:0,(anonymous_21)
FNDA:0,parseIettJsonArray
FNDA:0,(anonymous_23)
FNDA:0,parsePoint
FNDA:0,mapIettStopToTransitStop
FNDA:0,mapIettLineToTransitLine
FNDA:0,getAllStopsFromIett
FNDA:0,(anonymous_28)
FNDA:0,(anonymous_29)
FNDA:0,searchStopsByNameOrCode
FNDA:0,(anonymous_31)
FNDA:0,(anonymous_32)
FNDA:0,(anonymous_33)
FNDA:0,(anonymous_34)
FNDA:0,getStopByIdFromIett
FNDA:0,(anonymous_36)
FNDA:0,getAllLinesFromIett
FNDA:0,(anonymous_38)
FNDA:0,(anonymous_39)
FNDA:0,searchLinesByQuery
FNDA:0,(anonymous_41)
FNDA:0,parseDurakDetayXml
FNDA:0,(anonymous_43)
FNDA:0,getLineStopsFromIett
FNDA:0,(anonymous_45)
FNDA:0,(anonymous_46)
FNDA:0,(anonymous_47)
FNDA:0,(anonymous_48)
FNDA:0,(anonymous_49)
FNDA:0,(anonymous_50)
FNDA:0,(anonymous_51)
FNDA:0,(anonymous_52)
FNDA:0,ckanSqlQuery
FNDA:0,escapeSqlString
FNDA:0,getAllRoutes
FNDA:0,(anonymous_56)
FNDA:0,searchRoutesByQuery
FNDA:0,(anonymous_58)
FNDA:0,getTripsByRoute
FNDA:0,(anonymous_60)
FNDA:0,getStopTimesByTrip
FNDA:0,(anonymous_62)
FNDA:0,getStopsByIds
FNDA:0,(anonymous_64)
FNDA:0,(anonymous_65)
FNDA:0,getAllStops
FNDA:0,(anonymous_67)
FNDA:0,(anonymous_68)
FNDA:0,searchStops
FNDA:0,(anonymous_70)
FNDA:0,getNearbyStops
FNDA:0,(anonymous_72)
FNDA:0,(anonymous_73)
FNDA:0,(anonymous_74)
FNDA:0,(anonymous_75)
FNDA:0,getStopById
FNDA:0,getLineStops
FNDA:0,(anonymous_78)
DA:6,1
DA:9,1
DA:11,1
DA:12,1
DA:13,1
DA:14,1
DA:16,1
DA:17,1
DA:18,1
DA:21,1
DA:22,1
DA:23,1
DA:26,1
DA:27,1
DA:28,1
DA:31,1
DA:32,1
DA:33,1
DA:89,0
DA:90,0
DA:92,0
DA:93,0
DA:94,0
DA:98,0
DA:99,0
DA:100,0
DA:102,0
DA:103,0
DA:104,0
DA:105,0
DA:107,0
DA:112,0
DA:114,0
DA:116,0
DA:118,0
DA:120,0
DA:122,0
DA:127,0
DA:128,0
DA:131,0
DA:135,0
DA:148,0
DA:150,0
DA:160,1
DA:161,1
DA:165,0
DA:166,0
DA:169,0
DA:170,0
DA:171,0
DA:174,0
DA:175,0
DA:176,0
DA:181,0
DA:182,0
DA:187,0
DA:189,0
DA:190,0
DA:192,0
DA:195,0
DA:196,0
DA:197,0
DA:198,0
DA:202,0
DA:203,0
DA:204,0
DA:207,0
DA:208,0
DA:210,0
DA:212,0
DA:213,0
DA:214,0
DA:217,0
DA:227,0
DA:229,0
DA:230,0
DA:236,0
DA:239,0
DA:240,0
DA:241,0
DA:243,0
DA:245,0
DA:250,1
DA:251,1
DA:255,0
DA:256,0
DA:259,0
DA:260,0
DA:261,0
DA:264,0
DA:265,0
DA:266,0
DA:268,0
DA:269,0
DA:274,0
DA:276,0
DA:277,0
DA:279,0
DA:282,0
DA:283,0
DA:284,0
DA:285,0
DA:291,0
DA:292,0
DA:293,0
DA:297,0
DA:300,0
DA:302,0
DA:307,0
DA:308,0
DA:309,0
DA:311,0
DA:314,0
DA:317,0
DA:325,0
DA:326,0
DA:327,0
DA:329,0
DA:333,0
DA:334,0
DA:339,0
DA:340,0
DA:341,0
DA:345,0
DA:346,0
DA:347,0
DA:348,0
DA:352,0
DA:353,0
DA:355,0
DA:356,0
DA:357,0
DA:358,0
DA:360,0
DA:362,0
DA:363,0
DA:364,0
DA:368,0
DA:371,0
DA:373,0
DA:381,1
DA:443,0
DA:452,0
DA:453,0
DA:455,0
DA:456,0
DA:466,0
DA:468,0
DA:470,0
DA:477,0
DA:481,0
DA:483,0
DA:488,0
DA:491,0
DA:494,0
DA:495,0
DA:499,0
DA:500,0
DA:504,0
DA:506,0
DA:523,0
DA:524,0
DA:527,0
DA:528,0
DA:529,0
DA:530,0
DA:532,0
DA:535,0
DA:536,0
DA:537,0
DA:538,0
DA:540,0
DA:544,0
DA:545,0
DA:546,0
DA:547,0
DA:552,0
DA:555,0
DA:556,0
DA:557,0
DA:561,0
DA:562,0
DA:563,0
DA:564,0
DA:570,0
DA:573,0
DA:574,0
DA:575,0
DA:581,0
DA:584,0
DA:587,0
DA:588,0
DA:591,0
DA:592,0
DA:594,0
DA:605,0
DA:606,0
DA:607,0
DA:608,0
DA:610,0
DA:613,0
DA:614,0
DA:617,0
DA:618,0
DA:622,0
DA:623,0
DA:624,0
DA:625,0
DA:629,0
DA:630,0
DA:631,0
DA:633,0
DA:637,0
DA:638,0
DA:643,0
DA:647,0
DA:648,0
DA:653,0
DA:656,0
DA:657,0
DA:658,0
DA:663,0
DA:666,0
DA:674,0
DA:676,0
DA:677,0
DA:679,0
DA:680,0
DA:681,0
DA:683,0
DA:694,0
DA:695,0
DA:696,0
DA:699,0
DA:700,0
DA:702,0
DA:719,0
DA:724,0
DA:725,0
DA:726,0
DA:728,0
DA:731,0
DA:734,0
DA:739,0
DA:741,0
DA:753,1
DA:754,1
DA:756,1
DA:757,1
DA:760,1
DA:761,1
DA:771,0
DA:772,0
DA:777,0
DA:780,0
DA:783,0
DA:791,0
DA:792,0
DA:794,0
DA:795,0
DA:796,0
DA:800,0
DA:801,0
DA:802,0
DA:805,0
DA:810,0
DA:812,0
DA:814,0
DA:815,0
DA:818,0
DA:819,0
DA:820,0
DA:821,0
DA:823,0
DA:826,0
DA:830,0
DA:841,0
DA:842,0
DA:844,0
DA:847,0
DA:848,0
DA:849,0
DA:851,0
DA:855,0
DA:856,0
DA:857,0
DA:858,0
DA:863,0
DA:864,0
DA:865,0
DA:866,0
DA:868,0
DA:873,0
DA:874,0
DA:875,0
DA:876,0
DA:877,0
DA:878,0
DA:882,0
DA:883,0
DA:886,0
DA:893,0
DA:894,0
DA:905,0
DA:906,0
DA:911,0
DA:914,0
DA:917,0
DA:925,0
DA:926,0
DA:928,0
DA:929,0
DA:930,0
DA:934,0
DA:935,0
DA:936,0
DA:939,0
DA:944,0
DA:946,0
DA:948,0
DA:949,0
DA:952,0
DA:953,0
DA:954,0
DA:955,0
DA:957,0
DA:960,0
DA:964,0
DA:975,0
DA:976,0
DA:978,0
DA:979,0
DA:982,0
DA:983,0
DA:984,0
DA:985,0
DA:988,0
DA:989,0
DA:992,0
DA:1023,0
DA:1024,0
DA:1025,0
DA:1026,0
DA:1027,0
DA:1028,0
DA:1030,0
DA:1033,0
DA:1034,0
DA:1035,0
DA:1036,0
DA:1038,0
DA:1041,0
DA:1042,0
DA:1043,0
DA:1044,0
DA:1049,0
DA:1052,0
DA:1053,0
DA:1054,0
DA:1055,0
DA:1056,0
DA:1061,0
DA:1066,0
DA:1067,0
DA:1068,0
DA:1069,0
DA:1070,0
DA:1072,0
DA:1074,0
DA:1075,0
DA:1076,0
DA:1078,0
DA:1081,0
DA:1082,0
DA:1084,0
DA:1089,0
DA:1090,0
DA:1091,0
DA:1092,0
DA:1093,0
DA:1095,0
DA:1097,0
DA:1098,0
DA:1100,0
DA:1104,0
DA:1105,0
DA:1110,0
DA:1112,0
DA:1113,0
DA:1118,0
DA:1129,0
DA:1130,0
DA:1133,0
DA:1135,0
DA:1136,0
DA:1139,0
DA:1140,0
DA:1141,0
DA:1142,0
DA:1146,0
DA:1147,0
DA:1148,0
DA:1149,0
DA:1156,0
DA:1157,0
DA:1158,0
DA:1161,0
DA:1162,0
DA:1166,0
DA:1167,0
DA:1168,0
DA:1170,0
DA:1171,0
DA:1174,0
DA:1180,0
DA:1182,0
DA:1183,0
DA:1184,0
DA:1188,0
DA:1189,0
DA:1190,0
DA:1194,0
DA:1195,0
DA:1199,0
DA:1202,0
DA:1203,0
DA:1207,0
DA:1208,0
DA:1209,0
DA:1210,0
DA:1215,0
DA:1216,0
DA:1217,0
DA:1218,0
DA:1224,0
DA:1225,0
DA:1226,0
DA:1227,0
DA:1230,0
DA:1232,0
DA:1233,0
DA:1234,0
DA:1235,0
DA:1236,0
DA:1237,0
DA:1238,0
DA:1240,0
DA:1241,0
DA:1242,0
DA:1243,0
DA:1244,0
DA:1246,0
DA:1247,0
DA:1252,0
DA:1253,0
DA:1254,0
DA:1257,0
DA:1258,0
DA:1261,0
DA:1262,0
DA:1263,0
DA:1264,0
DA:1266,0
DA:1275,0
DA:1276,0
DA:1277,0
DA:1281,0
DA:1282,0
DA:1283,0
DA:1287,0
DA:1288,0
DA:1289,0
DA:1290,0
DA:1291,0
DA:1294,0
DA:1295,0
DA:1296,0
DA:1297,0
DA:1299,0
DA:1301,0
DA:1302,0
DA:1306,0
DA:1307,0
DA:1310,0
DA:1314,0
DA:1315,0
DA:1316,0
DA:1318,0
DA:1322,0
DA:1323,0
DA:1324,0
DA:1325,0
DA:1327,0
DA:1330,0
DA:1331,0
DA:1334,0
DA:1335,0
DA:1336,0
DA:1337,0
DA:1338,0
DA:1340,0
DA:1343,0
DA:1344,0
DA:1345,0
DA:1346,0
DA:1347,0
DA:1348,0
DA:1350,0
DA:1351,0
DA:1354,0
DA:1355,0
DA:1358,0
DA:1369,0
DA:1373,0
DA:1375,0
DA:1377,0
DA:1378,0
DA:1382,0
DA:1384,0
DA:1385,0
DA:1387,0
DA:1390,0
DA:1395,0
DA:1503,0
DA:1506,0
DA:1512,0
DA:1513,0
DA:1515,0
DA:1516,0
DA:1519,0
DA:1520,0
DA:1524,0
DA:1525,0
DA:1526,0
DA:1529,0
DA:1530,0
DA:1533,0
DA:1536,0
DA:1537,0
DA:1547,0
DA:1564,0
DA:1565,0
DA:1569,0
DA:1570,0
DA:1571,0
DA:1572,0
DA:1575,0
DA:1576,0
DA:1578,0
DA:1579,0
DA:1583,0
DA:1592,0
DA:1593,0
DA:1600,0
DA:1601,0
DA:1604,0
DA:1605,0
DA:1606,0
DA:1610,0
DA:1614,0
DA:1622,0
DA:1623,0
DA:1625,0
DA:1626,0
DA:1630,0
DA:1639,0
DA:1640,0
DA:1653,0
DA:1654,0
DA:1657,0
DA:1658,0
DA:1665,0
DA:1666,0
DA:1668,0
DA:1678,0
DA:1679,0
DA:1692,0
DA:1693,0
DA:1696,0
DA:1697,0
DA:1703,0
DA:1704,0
DA:1709,0
DA:1720,0
DA:1721,0
DA:1734,0
DA:1735,0
DA:1739,0
DA:1741,0
DA:1746,0
DA:1747,0
DA:1749,0
DA:1751,0
DA:1752,0
DA:1753,0
DA:1755,0
DA:1756,0
DA:1757,0
DA:1759,0
DA:1762,0
DA:1766,0
DA:1777,0
DA:1779,0
DA:1780,0
DA:1782,0
DA:1790,0
DA:1791,0
DA:1795,0
DA:1796,0
DA:1797,0
DA:1798,0
DA:1801,0
DA:1802,0
DA:1804,0
DA:1806,0
DA:1807,0
DA:1809,0
DA:1810,0
DA:1813,0
DA:1817,0
DA:1827,0
DA:1830,0
DA:1831,0
DA:1838,0
DA:1839,0
DA:1840,0
DA:1844,0
DA:1845,0
DA:1847,0
DA:1848,0
DA:1849,0
DA:1850,0
DA:1853,0
DA:1865,0
DA:1867,0
DA:1868,0
DA:1869,0
DA:1872,0
DA:1873,0
DA:1874,0
DA:1876,0
DA:1883,0
DA:1884,0
DA:1903,0
DA:1905,0
DA:1907,0
DA:1908,0
DA:1909,0
DA:1911,0
DA:1915,0
DA:1916,0
DA:1917,0
DA:1920,0
DA:1923,0
DA:1925,0
DA:1926,0
DA:1927,0
DA:1929,0
DA:1933,0
DA:1934,0
DA:1936,0
DA:1937,0
DA:1938,0
DA:1939,0
DA:1944,0
DA:1947,0
DA:1948,0
DA:1949,0
DA:1950,0
DA:1951,0
DA:1955,0
DA:1957,0
DA:1958,0
DA:1961,0
LF:674
LH:29
BRDA:9,0,0,1
BRDA:9,0,1,1
BRDA:16,1,0,1
BRDA:16,1,1,0
BRDA:17,2,0,1
BRDA:17,2,1,0
BRDA:21,3,0,1
BRDA:21,3,1,0
BRDA:22,4,0,1
BRDA:22,4,1,0
BRDA:26,5,0,1
BRDA:26,5,1,0
BRDA:27,6,0,1
BRDA:27,6,1,0
BRDA:31,7,0,1
BRDA:31,7,1,0
BRDA:32,8,0,1
BRDA:32,8,1,0
BRDA:87,9,0,0
BRDA:93,10,0,0
BRDA:93,10,1,0
BRDA:99,11,0,0
BRDA:99,11,1,0
BRDA:103,12,0,0
BRDA:103,12,1,0
BRDA:103,13,0,0
BRDA:103,13,1,0
BRDA:104,14,0,0
BRDA:104,14,1,0
BRDA:112,15,0,0
BRDA:112,15,1,0
BRDA:112,15,2,0
BRDA:112,15,3,0
BRDA:112,15,4,0
BRDA:127,16,0,0
BRDA:127,16,1,0
BRDA:128,17,0,0
BRDA:128,17,1,0
BRDA:131,18,0,0
BRDA:131,18,1,0
BRDA:131,19,0,0
BRDA:131,19,1,0
BRDA:137,20,0,0
BRDA:137,20,1,0
BRDA:148,21,0,0
BRDA:148,21,1,0
BRDA:152,22,0,0
BRDA:152,22,1,0
BRDA:153,23,0,0
BRDA:153,23,1,0
BRDA:153,23,2,0
BRDA:165,24,0,0
BRDA:165,24,1,0
BRDA:170,25,0,0
BRDA:170,25,1,0
BRDA:170,26,0,0
BRDA:170,26,1,0
BRDA:170,26,2,0
BRDA:189,27,0,0
BRDA:189,27,1,0
BRDA:201,28,0,0
BRDA:203,29,0,0
BRDA:203,29,1,0
BRDA:203,30,0,0
BRDA:203,30,1,0
BRDA:212,31,0,0
BRDA:212,31,1,0
BRDA:213,32,0,0
BRDA:213,32,1,0
BRDA:214,33,0,0
BRDA:214,33,1,0
BRDA:255,34,0,0
BRDA:255,34,1,0
BRDA:260,35,0,0
BRDA:260,35,1,0
BRDA:260,36,0,0
BRDA:260,36,1,0
BRDA:260,36,2,0
BRDA:276,37,0,0
BRDA:276,37,1,0
BRDA:291,38,0,0
BRDA:291,38,1,0
BRDA:291,39,0,0
BRDA:291,39,1,0
BRDA:292,40,0,0
BRDA:292,40,1,0
BRDA:307,41,0,0
BRDA:307,41,1,0
BRDA:307,42,0,0
BRDA:307,42,1,0
BRDA:308,43,0,0
BRDA:308,43,1,0
BRDA:325,44,0,0
BRDA:325,44,1,0
BRDA:325,45,0,0
BRDA:325,45,1,0
BRDA:326,46,0,0
BRDA:326,46,1,0
BRDA:336,47,0,0
BRDA:336,47,1,0
BRDA:339,48,0,0
BRDA:339,48,1,0
BRDA:340,49,0,0
BRDA:340,49,1,0
BRDA:357,50,0,0
BRDA:357,50,1,0
BRDA:363,51,0,0
BRDA:363,51,1,0
BRDA:441,52,0,0
BRDA:468,53,0,0
BRDA:468,53,1,0
BRDA:481,54,0,0
BRDA:481,54,1,0
BRDA:481,55,0,0
BRDA:481,55,1,0
BRDA:494,56,0,0
BRDA:494,56,1,0
BRDA:499,57,0,0
BRDA:499,57,1,0
BRDA:499,58,0,0
BRDA:499,58,1,0
BRDA:527,59,0,0
BRDA:527,59,1,0
BRDA:528,60,0,0
BRDA:528,60,1,0
BRDA:529,61,0,0
BRDA:529,61,1,0
BRDA:535,62,0,0
BRDA:535,62,1,0
BRDA:536,63,0,0
BRDA:536,63,1,0
BRDA:537,64,0,0
BRDA:537,64,1,0
BRDA:545,65,0,0
BRDA:545,65,1,0
BRDA:546,66,0,0
BRDA:546,66,1,0
BRDA:556,67,0,0
BRDA:556,67,1,0
BRDA:562,68,0,0
BRDA:562,68,1,0
BRDA:562,69,0,0
BRDA:562,69,1,0
BRDA:563,70,0,0
BRDA:563,70,1,0
BRDA:573,71,0,0
BRDA:573,71,1,0
BRDA:574,72,0,0
BRDA:574,72,1,0
BRDA:587,73,0,0
BRDA:587,73,1,0
BRDA:587,74,0,0
BRDA:587,74,1,0
BRDA:591,75,0,0
BRDA:591,75,1,0
BRDA:606,76,0,0
BRDA:606,76,1,0
BRDA:607,77,0,0
BRDA:607,77,1,0
BRDA:617,78,0,0
BRDA:617,78,1,0
BRDA:622,79,0,0
BRDA:622,79,1,0
BRDA:622,80,0,0
BRDA:622,80,1,0
BRDA:624,81,0,0
BRDA:624,81,1,0
BRDA:629,82,0,0
BRDA:629,82,1,0
BRDA:630,83,0,0
BRDA:630,83,1,0
BRDA:637,84,0,0
BRDA:637,84,1,0
BRDA:647,85,0,0
BRDA:647,85,1,0
BRDA:656,86,0,0
BRDA:656,86,1,0
BRDA:657,87,0,0
BRDA:657,87,1,0
BRDA:674,88,0,0
BRDA:674,88,1,0
BRDA:677,89,0,0
BRDA:677,89,1,0
BRDA:681,90,0,0
BRDA:681,90,1,0
BRDA:681,91,0,0
BRDA:681,91,1,0
BRDA:695,92,0,0
BRDA:695,92,1,0
BRDA:719,93,0,0
BRDA:719,93,1,0
BRDA:719,93,2,0
BRDA:724,94,0,0
BRDA:724,94,1,0
BRDA:724,95,0,0
BRDA:724,95,1,0
BRDA:724,95,2,0
BRDA:725,96,0,0
BRDA:725,96,1,0
BRDA:734,97,0,0
BRDA:734,97,1,0
BRDA:734,97,2,0
BRDA:734,97,3,0
BRDA:772,98,0,0
BRDA:772,98,1,0
BRDA:773,99,0,0
BRDA:773,99,1,0
BRDA:773,99,2,0
BRDA:794,100,0,0
BRDA:794,100,1,0
BRDA:795,101,0,0
BRDA:795,101,1,0
BRDA:814,102,0,0
BRDA:814,102,1,0
BRDA:814,103,0,0
BRDA:814,103,1,0
BRDA:820,104,0,0
BRDA:820,104,1,0
BRDA:839,105,0,0
BRDA:842,106,0,0
BRDA:842,106,1,0
BRDA:847,107,0,0
BRDA:847,107,1,0
BRDA:848,108,0,0
BRDA:848,108,1,0
BRDA:856,109,0,0
BRDA:856,109,1,0
BRDA:857,110,0,0
BRDA:857,110,1,0
BRDA:858,111,0,0
BRDA:858,111,1,0
BRDA:863,112,0,0
BRDA:863,112,1,0
BRDA:863,113,0,0
BRDA:863,113,1,0
BRDA:865,114,0,0
BRDA:865,114,1,0
BRDA:866,115,0,0
BRDA:866,115,1,0
BRDA:868,116,0,0
BRDA:868,116,1,0
BRDA:873,117,0,0
BRDA:873,117,1,0
BRDA:873,118,0,0
BRDA:873,118,1,0
BRDA:876,119,0,0
BRDA:876,119,1,0
BRDA:877,120,0,0
BRDA:877,120,1,0
BRDA:878,121,0,0
BRDA:878,121,1,0
BRDA:882,122,0,0
BRDA:882,122,1,0
BRDA:894,123,0,0
BRDA:894,123,1,0
BRDA:906,124,0,0
BRDA:906,124,1,0
BRDA:907,125,0,0
BRDA:907,125,1,0
BRDA:907,125,2,0
BRDA:928,126,0,0
BRDA:928,126,1,0
BRDA:929,127,0,0
BRDA:929,127,1,0
BRDA:948,128,0,0
BRDA:948,128,1,0
BRDA:948,129,0,0
BRDA:948,129,1,0
BRDA:954,130,0,0
BRDA:954,130,1,0
BRDA:973,131,0,0
BRDA:978,132,0,0
BRDA:978,132,1,0
BRDA:983,133,0,0
BRDA:983,133,1,0
BRDA:984,134,0,0
BRDA:984,134,1,0
BRDA:985,135,0,0
BRDA:985,135,1,0
BRDA:988,136,0,0
BRDA:988,136,1,0
BRDA:1025,137,0,0
BRDA:1025,137,1,0
BRDA:1026,138,0,0
BRDA:1026,138,1,0
BRDA:1027,139,0,0
BRDA:1027,139,1,0
BRDA:1033,140,0,0
BRDA:1033,140,1,0
BRDA:1034,141,0,0
BRDA:1034,141,1,0
BRDA:1035,142,0,0
BRDA:1035,142,1,0
BRDA:1042,143,0,0
BRDA:1042,143,1,0
BRDA:1043,144,0,0
BRDA:1043,144,1,0
BRDA:1054,145,0,0
BRDA:1054,145,1,0
BRDA:1055,146,0,0
BRDA:1055,146,1,0
BRDA:1066,147,0,0
BRDA:1066,147,1,0
BRDA:1068,148,0,0
BRDA:1068,148,1,0
BRDA:1069,149,0,0
BRDA:1069,149,1,0
BRDA:1074,150,0,0
BRDA:1074,150,1,0
BRDA:1075,151,0,0
BRDA:1075,151,1,0
BRDA:1081,152,0,0
BRDA:1081,152,1,0
BRDA:1089,153,0,0
BRDA:1089,153,1,0
BRDA:1091,154,0,0
BRDA:1091,154,1,0
BRDA:1092,155,0,0
BRDA:1092,155,1,0
BRDA:1097,156,0,0
BRDA:1097,156,1,0
BRDA:1104,157,0,0
BRDA:1104,157,1,0
BRDA:1112,158,0,0
BRDA:1112,158,1,0
BRDA:1129,159,0,0
BRDA:1129,159,1,0
BRDA:1129,160,0,0
BRDA:1129,160,1,0
BRDA:1140,161,0,0
BRDA:1140,161,1,0
BRDA:1141,162,0,0
BRDA:1141,162,1,0
BRDA:1142,163,0,0
BRDA:1142,163,1,0
BRDA:1142,163,2,0
BRDA:1142,163,3,0
BRDA:1146,164,0,0
BRDA:1146,164,1,0
BRDA:1147,165,0,0
BRDA:1147,165,1,0
BRDA:1157,166,0,0
BRDA:1157,166,1,0
BRDA:1158,167,0,0
BRDA:1158,167,1,0
BRDA:1161,168,0,0
BRDA:1161,168,1,0
BRDA:1161,169,0,0
BRDA:1161,169,1,0
BRDA:1170,170,0,0
BRDA:1170,170,1,0
BRDA:1170,171,0,0
BRDA:1170,171,1,0
BRDA:1180,172,0,0
BRDA:1180,172,1,0
BRDA:1182,173,0,0
BRDA:1182,173,1,0
BRDA:1182,173,2,0
BRDA:1183,174,0,0
BRDA:1183,174,1,0
BRDA:1189,175,0,0
BRDA:1189,175,1,0
BRDA:1194,176,0,0
BRDA:1194,176,1,0
BRDA:1202,177,0,0
BRDA:1202,177,1,0
BRDA:1202,178,0,0
BRDA:1202,178,1,0
BRDA:1207,179,0,0
BRDA:1207,179,1,0
BRDA:1209,180,0,0
BRDA:1209,180,1,0
BRDA:1209,181,0,0
BRDA:1209,181,1,0
BRDA:1215,182,0,0
BRDA:1215,182,1,0
BRDA:1217,183,0,0
BRDA:1217,183,1,0
BRDA:1225,184,0,0
BRDA:1225,184,1,0
BRDA:1230,185,0,0
BRDA:1230,185,1,0
BRDA:1238,186,0,0
BRDA:1238,186,1,0
BRDA:1244,187,0,0
BRDA:1244,187,1,0
BRDA:1253,188,0,0
BRDA:1253,188,1,0
BRDA:1263,189,0,0
BRDA:1263,189,1,0
BRDA:1275,190,0,0
BRDA:1275,190,1,0
BRDA:1276,191,0,0
BRDA:1276,191,1,0
BRDA:1282,192,0,0
BRDA:1282,192,1,0
BRDA:1287,193,0,0
BRDA:1287,193,1,0
BRDA:1289,194,0,0
BRDA:1289,194,1,0
BRDA:1290,195,0,0
BRDA:1290,195,1,0
BRDA:1296,196,0,0
BRDA:1296,196,1,0
BRDA:1301,197,0,0
BRDA:1301,197,1,0
BRDA:1306,198,0,0
BRDA:1306,198,1,0
BRDA:1314,199,0,0
BRDA:1314,199,1,0
BRDA:1315,200,0,0
BRDA:1315,200,1,0
BRDA:1318,201,0,0
BRDA:1318,201,1,0
BRDA:1323,202,0,0
BRDA:1323,202,1,0
BRDA:1324,203,0,0
BRDA:1324,203,1,0
BRDA:1330,204,0,0
BRDA:1330,204,1,0
BRDA:1337,205,0,0
BRDA:1337,205,1,0
BRDA:1337,206,0,0
BRDA:1337,206,1,0
BRDA:1345,207,0,0
BRDA:1345,207,1,0
BRDA:1346,208,0,0
BRDA:1346,208,1,0
BRDA:1350,209,0,0
BRDA:1350,209,1,0
BRDA:1350,210,0,0
BRDA:1350,210,1,0
BRDA:1354,211,0,0
BRDA:1354,211,1,0
BRDA:1354,212,0,0
BRDA:1354,212,1,0
BRDA:1377,213,0,0
BRDA:1377,213,1,0
BRDA:1377,214,0,0
BRDA:1377,214,1,0
BRDA:1382,215,0,0
BRDA:1382,215,1,0
BRDA:1384,216,0,0
BRDA:1384,216,1,0
BRDA:1515,217,0,0
BRDA:1515,217,1,0
BRDA:1520,218,0,0
BRDA:1520,218,1,0
BRDA:1520,219,0,0
BRDA:1520,219,1,0
BRDA:1524,220,0,0
BRDA:1524,220,1,0
BRDA:1525,221,0,0
BRDA:1525,221,1,0
BRDA:1529,222,0,0
BRDA:1529,222,1,0
BRDA:1529,223,0,0
BRDA:1529,223,1,0
BRDA:1564,224,0,0
BRDA:1564,224,1,0
BRDA:1571,225,0,0
BRDA:1571,225,1,0
BRDA:1579,226,0,0
BRDA:1579,226,1,0
BRDA:1581,227,0,0
BRDA:1581,227,1,0
BRDA:1585,228,0,0
BRDA:1585,228,1,0
BRDA:1586,229,0,0
BRDA:1586,229,1,0
BRDA:1586,229,2,0
BRDA:1600,230,0,0
BRDA:1600,230,1,0
BRDA:1605,231,0,0
BRDA:1605,231,1,0
BRDA:1605,232,0,0
BRDA:1605,232,1,0
BRDA:1626,233,0,0
BRDA:1626,233,1,0
BRDA:1628,234,0,0
BRDA:1628,234,1,0
BRDA:1632,235,0,0
BRDA:1632,235,1,0
BRDA:1633,236,0,0
BRDA:1633,236,1,0
BRDA:1633,236,2,0
BRDA:1653,237,0,0
BRDA:1653,237,1,0
BRDA:1671,238,0,0
BRDA:1671,238,1,0
BRDA:1673,239,0,0
BRDA:1673,239,1,0
BRDA:1692,240,0,0
BRDA:1692,240,1,0
BRDA:1712,241,0,0
BRDA:1712,241,1,0
BRDA:1714,242,0,0
BRDA:1714,242,1,0
BRDA:1734,243,0,0
BRDA:1734,243,1,0
BRDA:1734,244,0,0
BRDA:1734,244,1,0
BRDA:1752,245,0,0
BRDA:1752,245,1,0
BRDA:1753,246,0,0
BRDA:1753,246,1,0
BRDA:1755,247,0,0
BRDA:1755,247,1,0
BRDA:1755,248,0,0
BRDA:1755,248,1,0
BRDA:1756,249,0,0
BRDA:1756,249,1,0
BRDA:1762,250,0,0
BRDA:1762,250,1,0
BRDA:1762,251,0,0
BRDA:1762,251,1,0
BRDA:1768,252,0,0
BRDA:1768,252,1,0
BRDA:1779,253,0,0
BRDA:1779,253,1,0
BRDA:1790,254,0,0
BRDA:1790,254,1,0
BRDA:1797,255,0,0
BRDA:1797,255,1,0
BRDA:1806,256,0,0
BRDA:1806,256,1,0
BRDA:1807,257,0,0
BRDA:1807,257,1,0
BRDA:1809,258,0,0
BRDA:1809,258,1,0
BRDA:1809,259,0,0
BRDA:1809,259,1,0
BRDA:1813,260,0,0
BRDA:1813,260,1,0
BRDA:1813,261,0,0
BRDA:1813,261,1,0
BRDA:1819,262,0,0
BRDA:1819,262,1,0
BRDA:1837,263,0,0
BRDA:1839,264,0,0
BRDA:1839,264,1,0
BRDA:1839,265,0,0
BRDA:1839,265,1,0
BRDA:1848,266,0,0
BRDA:1848,266,1,0
BRDA:1849,267,0,0
BRDA:1849,267,1,0
BRDA:1850,268,0,0
BRDA:1850,268,1,0
BRDA:1884,269,0,0
BRDA:1884,269,1,0
BRDA:1907,270,0,0
BRDA:1907,270,1,0
BRDA:1907,271,0,0
BRDA:1907,271,1,0
BRDA:1908,272,0,0
BRDA:1908,272,1,0
BRDA:1916,273,0,0
BRDA:1916,273,1,0
BRDA:1925,274,0,0
BRDA:1925,274,1,0
BRDA:1925,275,0,0
BRDA:1925,275,1,0
BRDA:1926,276,0,0
BRDA:1926,276,1,0
BRDA:1937,277,0,0
BRDA:1937,277,1,0
BRDA:1950,278,0,0
BRDA:1950,278,1,0
BRDA:1957,279,0,0
BRDA:1957,279,1,0
BRF:571
BRH:10
end_of_record
TN:
SF:transit-api\src\config\env.ts
FNF:0
FNH:0
DA:4,1
DA:12,1
DA:14,1
DA:15,1
DA:16,1
DA:17,1
DA:20,1
DA:21,0
DA:22,0
DA:26,1
DA:27,0
DA:28,0
DA:32,1
DA:33,0
DA:34,0
DA:38,1
DA:39,0
DA:40,0
DA:48,1
DA:57,1
DA:58,1
DA:59,1
LF:22
LH:14
BRDA:12,0,0,1
BRDA:12,0,1,0
BRDA:20,1,0,0
BRDA:20,1,1,1
BRDA:21,2,0,0
BRDA:21,2,1,0
BRDA:26,3,0,0
BRDA:26,3,1,1
BRDA:27,4,0,0
BRDA:27,4,1,0
BRDA:32,5,0,0
BRDA:32,5,1,1
BRDA:33,6,0,0
BRDA:33,6,1,0
BRDA:38,7,0,0
BRDA:38,7,1,1
BRDA:39,8,0,0
BRDA:39,8,1,0
BRDA:49,9,0,1
BRDA:49,9,1,1
BRDA:51,10,0,1
BRDA:51,10,1,1
BRDA:54,11,0,1
BRDA:54,11,1,1
BRDA:57,12,0,1
BRDA:57,12,1,0
BRDA:58,13,0,1
BRDA:58,13,1,0
BRF:28
BRH:13
end_of_record
TN:
SF:transit-api\src\utils\cache.ts
FN:17,(anonymous_0)
FN:38,(anonymous_1)
FN:46,(anonymous_2)
FN:53,(anonymous_3)
FN:60,(anonymous_4)
FN:76,(anonymous_5)
FNF:6
FNH:0
FNDA:0,(anonymous_0)
FNDA:0,(anonymous_1)
FNDA:0,(anonymous_2)
FNDA:0,(anonymous_3)
FNDA:0,(anonymous_4)
FNDA:0,(anonymous_5)
DA:12,1
DA:18,0
DA:19,0
DA:20,0
DA:24,0
DA:25,0
DA:26,0
DA:29,0
DA:39,0
DA:40,0
DA:47,0
DA:54,0
DA:61,0
DA:62,0
DA:63,0
DA:64,0
DA:71,1
DA:75,1
DA:76,0
DA:77,0
DA:80,0
DA:81,0
LF:22
LH:3
BRDA:19,0,0,0
BRDA:19,0,1,0
BRDA:24,1,0,0
BRDA:24,1,1,0
BRDA:63,2,0,0
BRDA:63,2,1,0
BRDA:75,3,0,0
BRDA:75,3,1,1
BRDA:75,4,0,1
BRDA:75,4,1,1
BRDA:80,5,0,0
BRDA:80,5,1,0
BRF:12
BRH:3
end_of_record
TN:
SF:transit-api\src\utils\dev.ts
FNF:0
FNH:0
DA:6,2
LF:1
LH:1
BRF:0
BRH:0
end_of_record
TN:
SF:transit-api\src\utils\geo.ts
FN:1,haversineDistanceMeters
FN:8,(anonymous_1)
FN:28,calculateDistanceMeters
FNF:3
FNH:0
FNDA:0,haversineDistanceMeters
FNDA:0,(anonymous_1)
FNDA:0,calculateDistanceMeters
DA:7,0
DA:8,0
DA:10,0
DA:11,0
DA:12,0
DA:13,0
DA:16,0
DA:20,0
DA:22,0
DA:34,0
LF:10
LH:0
BRF:0
BRH:0
end_of_record
